
drv_led.exe:     file format elf32-tradlittlemips

Disassembly of section .text:

bfc09c00 <sdrv_clear_screen>:
bfc09c00:	64d4      	save	32,ra,s1
bfc09c02:	0104      	addiu	s1,sp,16
bfc09c04:	d984      	sw	a0,16(s1)
bfc09c06:	d9a5      	sw	a1,20(s1)
bfc09c08:	d9c6      	sw	a2,24(s1)
bfc09c0a:	6a00      	li	v0,0
bfc09c0c:	c140      	sb	v0,0(s1)
bfc09c0e:	6a00      	li	v0,0
bfc09c10:	c140      	sb	v0,0(s1)
bfc09c12:	a140      	lbu	v0,0(s1)
bfc09c14:	5a08      	sltiu	v0,8
bfc09c16:	6009      	bteqz	bfc09c2a <RCODE_TEXT_ADDR+0x2a>
bfc09c18:	b308      	lw	v1,bfc09c38 <RCODE_TEXT_ADDR+0x38>
bfc09c1a:	a140      	lbu	v0,0(s1)
bfc09c1c:	e34d      	addu	v1,v0
bfc09c1e:	6a00      	li	v0,0
bfc09c20:	c340      	sb	v0,0(v1)
bfc09c22:	a140      	lbu	v0,0(s1)
bfc09c24:	4241      	addiu	v0,v0,1
bfc09c26:	c140      	sb	v0,0(s1)
bfc09c28:	17f4      	b	bfc09c12 <RCODE_TEXT_ADDR+0x12>
bfc09c2a:	b204      	lw	v0,bfc09c38 <RCODE_TEXT_ADDR+0x38>
bfc09c2c:	6782      	move	a0,v0
bfc09c2e:	b204      	lw	v0,bfc09c3c <RCODE_TEXT_ADDR+0x3c>
bfc09c30:	eac0      	jalrc	v0
bfc09c32:	65b9      	move	sp,s1
bfc09c34:	6452      	restore	16,ra,s1
bfc09c36:	e8a0      	jrc	ra
bfc09c38:	bf18      	lwu	s0,96(a3)
bfc09c3a:	9fc0      	lw	a2,0(a3)
bfc09c3c:	9e35      	lw	s1,84(a2)
bfc09c3e:	bfc0      	lwu	a2,0(a3)

bfc09c40 <sdrv_led_display>:
bfc09c40:	64d4      	save	32,ra,s1
bfc09c42:	0104      	addiu	s1,sp,16
bfc09c44:	6744      	move	v0,a0
bfc09c46:	6765      	move	v1,a1
bfc09c48:	6786      	move	a0,a2
bfc09c4a:	c150      	sb	v0,16(s1)
bfc09c4c:	c174      	sb	v1,20(s1)
bfc09c4e:	c198      	sb	a0,24(s1)
bfc09c50:	a154      	lbu	v0,20(s1)
bfc09c52:	72ff      	cmpi	v0,255
bfc09c54:	6758      	move	v0,t8
bfc09c56:	5a01      	sltiu	v0,1
bfc09c58:	6031      	bteqz	bfc09cbc <sdrv_led_display+0x7c>
bfc09c5a:	b344      	lw	v1,bfc09d68 <sdrv_led_display+0x128>
bfc09c5c:	a150      	lbu	v0,16(s1)
bfc09c5e:	e349      	addu	v0,v1,v0
bfc09c60:	a240      	lbu	v0,0(v0)
bfc09c62:	c141      	sb	v0,1(s1)
bfc09c64:	b342      	lw	v1,bfc09d6c <sdrv_led_display+0x12c>
bfc09c66:	a141      	lbu	v0,1(s1)
bfc09c68:	3244      	sll	v0,1
bfc09c6a:	e269      	addu	v0,v1
bfc09c6c:	a241      	lbu	v0,1(v0)
bfc09c6e:	c143      	sb	v0,3(s1)
bfc09c70:	a158      	lbu	v0,24(s1)
bfc09c72:	7201      	cmpi	v0,1
bfc09c74:	6758      	move	v0,t8
bfc09c76:	5a01      	sltiu	v0,1
bfc09c78:	600f      	bteqz	bfc09c98 <sdrv_led_display+0x58>
bfc09c7a:	b33e      	lw	v1,bfc09d70 <sdrv_led_display+0x130>
bfc09c7c:	a143      	lbu	v0,3(s1)
bfc09c7e:	e355      	addu	a1,v1,v0
bfc09c80:	b33c      	lw	v1,bfc09d70 <sdrv_led_display+0x130>
bfc09c82:	a143      	lbu	v0,3(s1)
bfc09c84:	e351      	addu	a0,v1,v0
bfc09c86:	b33a      	lw	v1,bfc09d6c <sdrv_led_display+0x12c>
bfc09c88:	a141      	lbu	v0,1(s1)
bfc09c8a:	3244      	sll	v0,1
bfc09c8c:	e269      	addu	v0,v1
bfc09c8e:	a460      	lbu	v1,0(a0)
bfc09c90:	a240      	lbu	v0,0(v0)
bfc09c92:	ea6d      	or	v0,v1
bfc09c94:	c540      	sb	v0,0(a1)
bfc09c96:	1060      	b	bfc09d58 <sdrv_led_display+0x118>
bfc09c98:	b336      	lw	v1,bfc09d70 <sdrv_led_display+0x130>
bfc09c9a:	a143      	lbu	v0,3(s1)
bfc09c9c:	e355      	addu	a1,v1,v0
bfc09c9e:	b335      	lw	v1,bfc09d70 <sdrv_led_display+0x130>
bfc09ca0:	a143      	lbu	v0,3(s1)
bfc09ca2:	e351      	addu	a0,v1,v0
bfc09ca4:	b332      	lw	v1,bfc09d6c <sdrv_led_display+0x12c>
bfc09ca6:	a141      	lbu	v0,1(s1)
bfc09ca8:	3244      	sll	v0,1
bfc09caa:	e269      	addu	v0,v1
bfc09cac:	a240      	lbu	v0,0(v0)
bfc09cae:	ea4f      	not	v0
bfc09cb0:	a460      	lbu	v1,0(a0)
bfc09cb2:	651a      	move	t8,v0
bfc09cb4:	6758      	move	v0,t8
bfc09cb6:	ea6c      	and	v0,v1
bfc09cb8:	c540      	sb	v0,0(a1)
bfc09cba:	104e      	b	bfc09d58 <sdrv_led_display+0x118>
bfc09cbc:	a158      	lbu	v0,24(s1)
bfc09cbe:	2a03      	bnez	v0,bfc09cc6 <sdrv_led_display+0x86>
bfc09cc0:	6a00      	li	v0,0
bfc09cc2:	c140      	sb	v0,0(s1)
bfc09cc4:	1005      	b	bfc09cd0 <sdrv_led_display+0x90>
bfc09cc6:	b32c      	lw	v1,bfc09d74 <sdrv_led_display+0x134>
bfc09cc8:	a154      	lbu	v0,20(s1)
bfc09cca:	e349      	addu	v0,v1,v0
bfc09ccc:	a240      	lbu	v0,0(v0)
bfc09cce:	c140      	sb	v0,0(s1)
bfc09cd0:	6a00      	li	v0,0
bfc09cd2:	c142      	sb	v0,2(s1)
bfc09cd4:	a142      	lbu	v0,2(s1)
bfc09cd6:	5a07      	sltiu	v0,7
bfc09cd8:	603f      	bteqz	bfc09d58 <sdrv_led_display+0x118>
bfc09cda:	b528      	lw	a1,bfc09d78 <sdrv_led_display+0x138>
bfc09cdc:	a170      	lbu	v1,16(s1)
bfc09cde:	a182      	lbu	a0,2(s1)
bfc09ce0:	6743      	move	v0,v1
bfc09ce2:	324c      	sll	v0,3
bfc09ce4:	e26b      	subu	v0,v1
bfc09ce6:	e289      	addu	v0,a0
bfc09ce8:	3244      	sll	v0,1
bfc09cea:	e2a9      	addu	v0,a1
bfc09cec:	a241      	lbu	v0,1(v0)
bfc09cee:	c143      	sb	v0,3(s1)
bfc09cf0:	a160      	lbu	v1,0(s1)
bfc09cf2:	a142      	lbu	v0,2(s1)
bfc09cf4:	ea67      	srav	v1,v0
bfc09cf6:	6a01      	li	v0,1
bfc09cf8:	ea6c      	and	v0,v1
bfc09cfa:	2214      	beqz	v0,bfc09d24 <sdrv_led_display+0xe4>
bfc09cfc:	b31d      	lw	v1,bfc09d70 <sdrv_led_display+0x130>
bfc09cfe:	a143      	lbu	v0,3(s1)
bfc09d00:	e359      	addu	a2,v1,v0
bfc09d02:	b31c      	lw	v1,bfc09d70 <sdrv_led_display+0x130>
bfc09d04:	a143      	lbu	v0,3(s1)
bfc09d06:	e35d      	addu	a3,v1,v0
bfc09d08:	b51c      	lw	a1,bfc09d78 <sdrv_led_display+0x138>
bfc09d0a:	a170      	lbu	v1,16(s1)
bfc09d0c:	a182      	lbu	a0,2(s1)
bfc09d0e:	6743      	move	v0,v1
bfc09d10:	324c      	sll	v0,3
bfc09d12:	e26b      	subu	v0,v1
bfc09d14:	e289      	addu	v0,a0
bfc09d16:	3244      	sll	v0,1
bfc09d18:	e2a9      	addu	v0,a1
bfc09d1a:	a760      	lbu	v1,0(a3)
bfc09d1c:	a240      	lbu	v0,0(v0)
bfc09d1e:	ea6d      	or	v0,v1
bfc09d20:	c640      	sb	v0,0(a2)
bfc09d22:	1016      	b	bfc09d50 <sdrv_led_display+0x110>
bfc09d24:	b313      	lw	v1,bfc09d70 <sdrv_led_display+0x130>
bfc09d26:	a143      	lbu	v0,3(s1)
bfc09d28:	e359      	addu	a2,v1,v0
bfc09d2a:	b312      	lw	v1,bfc09d70 <sdrv_led_display+0x130>
bfc09d2c:	a143      	lbu	v0,3(s1)
bfc09d2e:	e35d      	addu	a3,v1,v0
bfc09d30:	b512      	lw	a1,bfc09d78 <sdrv_led_display+0x138>
bfc09d32:	a170      	lbu	v1,16(s1)
bfc09d34:	a182      	lbu	a0,2(s1)
bfc09d36:	6743      	move	v0,v1
bfc09d38:	324c      	sll	v0,3
bfc09d3a:	e26b      	subu	v0,v1
bfc09d3c:	e289      	addu	v0,a0
bfc09d3e:	3244      	sll	v0,1
bfc09d40:	e2a9      	addu	v0,a1
bfc09d42:	a240      	lbu	v0,0(v0)
bfc09d44:	ea4f      	not	v0
bfc09d46:	a760      	lbu	v1,0(a3)
bfc09d48:	651a      	move	t8,v0
bfc09d4a:	6758      	move	v0,t8
bfc09d4c:	ea6c      	and	v0,v1
bfc09d4e:	c640      	sb	v0,0(a2)
bfc09d50:	a142      	lbu	v0,2(s1)
bfc09d52:	4241      	addiu	v0,v0,1
bfc09d54:	c142      	sb	v0,2(s1)
bfc09d56:	17be      	b	bfc09cd4 <sdrv_led_display+0x94>
bfc09d58:	b206      	lw	v0,bfc09d70 <sdrv_led_display+0x130>
bfc09d5a:	6782      	move	a0,v0
bfc09d5c:	b208      	lw	v0,bfc09d7c <sdrv_led_display+0x13c>
bfc09d5e:	eac0      	jalrc	v0
bfc09d60:	65b9      	move	sp,s1
bfc09d62:	6452      	restore	16,ra,s1
bfc09d64:	e8a0      	jrc	ra
bfc09d66:	0000      	addiu	s0,sp,0
bfc09d68:	9d80      	lw	a0,0(a1)
bfc09d6a:	bfc0      	lwu	a2,0(a3)
bfc09d6c:	9dbc      	lw	a1,112(a1)
bfc09d6e:	bfc0      	lwu	a2,0(a3)
bfc09d70:	bf18      	lwu	s0,96(a3)
bfc09d72:	9fc0      	lw	a2,0(a3)
bfc09d74:	9d94      	lw	a0,80(a1)
bfc09d76:	bfc0      	lwu	a2,0(a3)
bfc09d78:	9dcc      	lw	a2,48(a1)
bfc09d7a:	bfc0      	lwu	a2,0(a3)
bfc09d7c:	9e35      	lw	s1,84(a2)
bfc09d7e:	bfc0      	lwu	a2,0(a3)

bfc09d80 <icon_set>:
bfc09d80:	ffff0200 	sdc3	$31,512(ra)
bfc09d84:	0104ffff 	0x104ffff
bfc09d88:	ffffffff 	sdc3	$31,-1(ra)
bfc09d8c:	ffff0705 	sdc3	$31,1797(ra)
bfc09d90:	00000306 	0x306

bfc09d94 <seg_val>:
bfc09d94:	4f5b063f 	c3	0x15b063f
bfc09d98:	077d6d66 	0x77d6d66
bfc09d9c:	7f776f7f 	0x7f776f7f
bfc09da0:	71793f39 	0x71793f39
bfc09da4:	0f06767d 	jal	bc19d9f4 <bak_seg_sreen_data1+0x1c591ad0>
bfc09da8:	37003800 	ori	zero,t8,0x3800
bfc09dac:	7267733f 	sdbbp	0x99dcc
bfc09db0:	3e3e786d 	0x3e3e786d
bfc09db4:	5b6e0000 	0x5b6e0000
bfc09db8:	0000407c 	0x407c

bfc09dbc <icon_vals>:
bfc09dbc:	02200020 	add	zero,s1,zero
bfc09dc0:	00100502 	srl	zero,s0,0x14
bfc09dc4:	06040208 	0x6040208
bfc09dc8:	06100240 	bltzal	s0,bfc0a6cc <sdrv_flash_screen+0x848>

bfc09dcc <num_vals>:
bfc09dcc:	00040002 	srl	zero,a0,0x0
bfc09dd0:	04010301 	b	bfc0a9d8 <sdrv_flash_screen+0xb54>
bfc09dd4:	01010008 	0x1010008
bfc09dd8:	01040201 	0x1040201
bfc09ddc:	04020108 	bltzl	zero,bfc0a200 <sdrv_flash_screen+0x37c>
bfc09de0:	01100120 	0x1100120
bfc09de4:	03020202 	0x3020202
bfc09de8:	02100408 	0x2100408
bfc09dec:	05010310 	bgez	t0,bfc0aa30 <sdrv_flash_screen+0xbac>
bfc09df0:	03040504 	0x3040504
bfc09df4:	06200404 	bltz	s1,bfc0ae08 <sdrv_flash_screen+0xf84>
bfc09df8:	04200540 	bltz	at,bfc0b2fc <sdrv_flash_screen+0x1478>
bfc09dfc:	03200508 	0x3200508
bfc09e00:	04400510 	bltz	v0,bfc0b244 <sdrv_flash_screen+0x13c0>

bfc09e04 <wait_for_trans>:
bfc09e04:	6491      	save	8,s1
bfc09e06:	673d      	move	s1,sp
bfc09e08:	b409      	lw	a0,bfc09e2c <wait_for_trans+0x28>
bfc09e0a:	b209      	lw	v0,bfc09e2c <wait_for_trans+0x28>
bfc09e0c:	9a60      	lw	v1,0(v0)
bfc09e0e:	6a10      	li	v0,16
bfc09e10:	ea6d      	or	v0,v1
bfc09e12:	dc40      	sw	v0,0(a0)
bfc09e14:	b206      	lw	v0,bfc09e2c <wait_for_trans+0x28>
bfc09e16:	9a60      	lw	v1,0(v0)
bfc09e18:	6a10      	li	v0,16
bfc09e1a:	ea6c      	and	v0,v1
bfc09e1c:	2a01      	bnez	v0,bfc09e20 <wait_for_trans+0x1c>
bfc09e1e:	1003      	b	bfc09e26 <wait_for_trans+0x22>
bfc09e20:	b204      	lw	v0,bfc09e30 <wait_for_trans+0x2c>
bfc09e22:	a240      	lbu	v0,0(v0)
bfc09e24:	22f7      	beqz	v0,bfc09e14 <wait_for_trans+0x10>
bfc09e26:	65b9      	move	sp,s1
bfc09e28:	6411      	restore	8,s1
bfc09e2a:	e8a0      	jrc	ra
bfc09e2c:	0000      	addiu	s0,sp,0
bfc09e2e:	c00e      	sb	s0,14(s0)
bfc09e30:	bf14      	lwu	s0,80(a3)
bfc09e32:	9fc0      	lw	a2,0(a3)

bfc09e34 <hdrv_data_send>:
bfc09e34:	64d4      	save	32,ra,s1
bfc09e36:	0104      	addiu	s1,sp,16
bfc09e38:	d984      	sw	a0,16(s1)
bfc09e3a:	6a00      	li	v0,0
bfc09e3c:	d940      	sw	v0,0(s1)
bfc09e3e:	9944      	lw	v0,16(s1)
bfc09e40:	9a40      	lw	v0,0(v0)
bfc09e42:	d941      	sw	v0,4(s1)
bfc09e44:	b40e      	lw	a0,bfc09e7c <hdrv_data_send+0x48>
bfc09e46:	b20e      	lw	v0,bfc09e7c <hdrv_data_send+0x48>
bfc09e48:	9a60      	lw	v1,0(v0)
bfc09e4a:	9940      	lw	v0,0(s1)
bfc09e4c:	eb4c      	and	v1,v0
bfc09e4e:	9941      	lw	v0,4(s1)
bfc09e50:	ea6d      	or	v0,v1
bfc09e52:	dc40      	sw	v0,0(a0)
bfc09e54:	9944      	lw	v0,16(s1)
bfc09e56:	4244      	addiu	v0,v0,4
bfc09e58:	d944      	sw	v0,16(s1)
bfc09e5a:	9944      	lw	v0,16(s1)
bfc09e5c:	9a40      	lw	v0,0(v0)
bfc09e5e:	d941      	sw	v0,4(s1)
bfc09e60:	b408      	lw	a0,bfc09e80 <hdrv_data_send+0x4c>
bfc09e62:	b208      	lw	v0,bfc09e80 <hdrv_data_send+0x4c>
bfc09e64:	9a60      	lw	v1,0(v0)
bfc09e66:	9940      	lw	v0,0(s1)
bfc09e68:	eb4c      	and	v1,v0
bfc09e6a:	9941      	lw	v0,4(s1)
bfc09e6c:	ea6d      	or	v0,v1
bfc09e6e:	dc40      	sw	v0,0(a0)
bfc09e70:	1a1f 2781 	jal	bfc09e04 <wait_for_trans>
bfc09e74:	6500      	nop
bfc09e76:	65b9      	move	sp,s1
bfc09e78:	6452      	restore	16,ra,s1
bfc09e7a:	e8a0      	jrc	ra
bfc09e7c:	0004      	addiu	s0,sp,16
bfc09e7e:	c00e      	sb	s0,14(s0)
bfc09e80:	0008      	addiu	s0,sp,32
bfc09e82:	c00e      	sb	s0,14(s0)

bfc09e84 <sdrv_flash_screen>:
bfc09e84:	64d3      	save	24,ra,s1
bfc09e86:	0104      	addiu	s1,sp,16
bfc09e88:	6744      	move	v0,a0
bfc09e8a:	d9a3      	sw	a1,12(s1)
bfc09e8c:	d9c4      	sw	a2,16(s1)
bfc09e8e:	c148      	sb	v0,8(s1)
bfc09e90:	a148      	lbu	v0,8(s1)
bfc09e92:	2a0f      	bnez	v0,bfc09eb2 <sdrv_flash_screen+0x2e>
bfc09e94:	b312      	lw	v1,bfc09edc <sdrv_flash_screen+0x58>
bfc09e96:	b213      	lw	v0,bfc09ee0 <sdrv_flash_screen+0x5c>
bfc09e98:	9a40      	lw	v0,0(v0)
bfc09e9a:	db40      	sw	v0,0(v1)
bfc09e9c:	b312      	lw	v1,bfc09ee4 <sdrv_flash_screen+0x60>
bfc09e9e:	b213      	lw	v0,bfc09ee8 <sdrv_flash_screen+0x64>
bfc09ea0:	9a40      	lw	v0,0(v0)
bfc09ea2:	db40      	sw	v0,0(v1)
bfc09ea4:	b30f      	lw	v1,bfc09ee0 <sdrv_flash_screen+0x5c>
bfc09ea6:	6a00      	li	v0,0
bfc09ea8:	db40      	sw	v0,0(v1)
bfc09eaa:	b310      	lw	v1,bfc09ee8 <sdrv_flash_screen+0x64>
bfc09eac:	6a00      	li	v0,0
bfc09eae:	db40      	sw	v0,0(v1)
bfc09eb0:	100e      	b	bfc09ece <sdrv_flash_screen+0x4a>
bfc09eb2:	b50c      	lw	a1,bfc09ee0 <sdrv_flash_screen+0x5c>
bfc09eb4:	b20b      	lw	v0,bfc09ee0 <sdrv_flash_screen+0x5c>
bfc09eb6:	b30a      	lw	v1,bfc09edc <sdrv_flash_screen+0x58>
bfc09eb8:	9a80      	lw	a0,0(v0)
bfc09eba:	9b40      	lw	v0,0(v1)
bfc09ebc:	ea8d      	or	v0,a0
bfc09ebe:	dd40      	sw	v0,0(a1)
bfc09ec0:	b50a      	lw	a1,bfc09ee8 <sdrv_flash_screen+0x64>
bfc09ec2:	b20a      	lw	v0,bfc09ee8 <sdrv_flash_screen+0x64>
bfc09ec4:	b308      	lw	v1,bfc09ee4 <sdrv_flash_screen+0x60>
bfc09ec6:	9a80      	lw	a0,0(v0)
bfc09ec8:	9b40      	lw	v0,0(v1)
bfc09eca:	ea8d      	or	v0,a0
bfc09ecc:	dd40      	sw	v0,0(a1)
bfc09ece:	1a1f 2781 	jal	bfc09e04 <wait_for_trans>
bfc09ed2:	6500      	nop
bfc09ed4:	65b9      	move	sp,s1
bfc09ed6:	6451      	restore	8,ra,s1
bfc09ed8:	e8a0      	jrc	ra
bfc09eda:	0000      	addiu	s0,sp,0
bfc09edc:	bf20      	lwu	s1,0(a3)
bfc09ede:	9fc0      	lw	a2,0(a3)
bfc09ee0:	0004      	addiu	s0,sp,16
bfc09ee2:	c00e      	sb	s0,14(s0)
bfc09ee4:	bf24      	lwu	s1,16(a3)
bfc09ee6:	9fc0      	lw	a2,0(a3)
bfc09ee8:	0008      	addiu	s0,sp,32
bfc09eea:	c00e      	sb	s0,14(s0)
	...
Disassembly of section .data:

9fc0bf00 <led_driver_op>:
9fc0bf00:	bfc09c41 	cache	0x0,-25535(s8)
9fc0bf04:	bfc09c01 	cache	0x0,-25599(s8)
9fc0bf08:	bfc09e85 	cache	0x0,-24955(s8)
9fc0bf0c:	160090c9 	bnez	s0,9fbf0234 <KERNEL_BANK_C_ADDR_BASE+0x69bd2d34>
9fc0bf10:	160090fd 	bnez	s0,9fbf0308 <KERNEL_BANK_C_ADDR_BASE+0x69bd2e08>

9fc0bf14 <Led_sleep_falg>:
9fc0bf14:	Address 0x9fc0bf14 is out of bounds.

Disassembly of section .bss:

9fc0bf18 <cur_disval>:
	...

9fc0bf20 <bak_seg_sreen_data0>:
9fc0bf20:	00000000 	nop

9fc0bf24 <bak_seg_sreen_data1>:
	...
Disassembly of section BANK_A_0:

16009000 <hdrv_set_mfp_to_emif>:
16009000:	6491      	save	8,s1
16009002:	673d      	move	s1,sp
16009004:	b413      	lw	a0,16009050 <KERNEL_BANK_A_ADDR_BASE+0x50>
16009006:	b213      	lw	v0,16009050 <KERNEL_BANK_A_ADDR_BASE+0x50>
16009008:	9a60      	lw	v1,0(v0)
1600900a:	f001 6a00 	li	v0,2048
1600900e:	ea4b      	neg	v0
16009010:	ea6c      	and	v0,v1
16009012:	dc40      	sw	v0,0(a0)
16009014:	b410      	lw	a0,16009054 <KERNEL_BANK_A_ADDR_BASE+0x54>
16009016:	b210      	lw	v0,16009054 <KERNEL_BANK_A_ADDR_BASE+0x54>
16009018:	9a60      	lw	v1,0(v0)
1600901a:	b210      	lw	v0,16009058 <KERNEL_BANK_A_ADDR_BASE+0x58>
1600901c:	ea6c      	and	v0,v1
1600901e:	dc40      	sw	v0,0(a0)
16009020:	b40f      	lw	a0,1600905c <KERNEL_BANK_A_ADDR_BASE+0x5c>
16009022:	b20f      	lw	v0,1600905c <KERNEL_BANK_A_ADDR_BASE+0x5c>
16009024:	9a60      	lw	v1,0(v0)
16009026:	f7ff 6a1f 	li	v0,65535
1600902a:	ea6c      	and	v0,v1
1600902c:	dc40      	sw	v0,0(a0)
1600902e:	b40d      	lw	a0,16009060 <KERNEL_BANK_A_ADDR_BASE+0x60>
16009030:	b20c      	lw	v0,16009060 <KERNEL_BANK_A_ADDR_BASE+0x60>
16009032:	9a60      	lw	v1,0(v0)
16009034:	6a10      	li	v0,16
16009036:	ea6d      	or	v0,v1
16009038:	dc40      	sw	v0,0(a0)
1600903a:	b40a      	lw	a0,16009060 <KERNEL_BANK_A_ADDR_BASE+0x60>
1600903c:	b209      	lw	v0,16009060 <KERNEL_BANK_A_ADDR_BASE+0x60>
1600903e:	9a60      	lw	v1,0(v0)
16009040:	6a10      	li	v0,16
16009042:	ea4b      	neg	v0
16009044:	ea6c      	and	v0,v1
16009046:	dc40      	sw	v0,0(a0)
16009048:	65b9      	move	sp,s1
1600904a:	6411      	restore	8,s1
1600904c:	e8a0      	jrc	ra
1600904e:	0000      	addiu	s0,sp,0
16009050:	0054      	addiu	s0,sp,336
16009052:	c009      	sb	s0,9(s0)
16009054:	0058      	addiu	s0,sp,352
16009056:	c009      	sb	s0,9(s0)
16009058:	ffff      	daddiu	a3,sp,124
1600905a:	007f      	addiu	s0,sp,508
1600905c:	0070      	addiu	s0,sp,448
1600905e:	c009      	sb	s0,9(s0)
16009060:	1020      	b	160090a2 <hdrv_set_led+0x3e>
16009062:	c000      	sb	s0,0(s0)

16009064 <hdrv_set_led>:
16009064:	6491      	save	8,s1
16009066:	673d      	move	s1,sp
16009068:	b40d      	lw	a0,1600909c <hdrv_set_led+0x38>
1600906a:	b20d      	lw	v0,1600909c <hdrv_set_led+0x38>
1600906c:	9a60      	lw	v1,0(v0)
1600906e:	b20d      	lw	v0,160090a0 <hdrv_set_led+0x3c>
16009070:	ea6d      	or	v0,v1
16009072:	dc40      	sw	v0,0(a0)
16009074:	b40c      	lw	a0,160090a4 <hdrv_set_led+0x40>
16009076:	b20c      	lw	v0,160090a4 <hdrv_set_led+0x40>
16009078:	9a60      	lw	v1,0(v0)
1600907a:	f008 6a00 	li	v0,16384
1600907e:	ea6d      	or	v0,v1
16009080:	dc40      	sw	v0,0(a0)
16009082:	b40a      	lw	a0,160090a8 <hdrv_set_led+0x44>
16009084:	b209      	lw	v0,160090a8 <hdrv_set_led+0x44>
16009086:	9a60      	lw	v1,0(v0)
16009088:	6aac      	li	v0,172
1600908a:	ea6d      	or	v0,v1
1600908c:	dc40      	sw	v0,0(a0)
1600908e:	b308      	lw	v1,160090ac <hdrv_set_led+0x48>
16009090:	6a00      	li	v0,0
16009092:	c340      	sb	v0,0(v1)
16009094:	65b9      	move	sp,s1
16009096:	6411      	restore	8,s1
16009098:	e8a0      	jrc	ra
1600909a:	0000      	addiu	s0,sp,0
1600909c:	1004      	b	160090a6 <hdrv_set_led+0x42>
1600909e:	c000      	sb	s0,0(s0)
160090a0:	0000      	addiu	s0,sp,0
160090a2:	0004      	addiu	s0,sp,16
160090a4:	0000      	addiu	s0,sp,0
160090a6:	c000      	sb	s0,0(s0)
160090a8:	0000      	addiu	s0,sp,0
160090aa:	c00e      	sb	s0,14(s0)
160090ac:	bf14      	lwu	s0,80(a3)
160090ae:	9fc0      	lw	a2,0(a3)

160090b0 <hdrv_hard_init>:
160090b0:	64d3      	save	24,ra,s1
160090b2:	0104      	addiu	s1,sp,16
160090b4:	180c 2419 	jal	16009064 <hdrv_set_led>
160090b8:	6500      	nop
160090ba:	180c 2400 	jal	16009000 <KERNEL_BANK_A_ADDR_BASE>
160090be:	6500      	nop
160090c0:	65b9      	move	sp,s1
160090c2:	6451      	restore	8,ra,s1
160090c4:	e8a0      	jrc	ra
	...

160090c8 <sdrv_wake_up_LED_display>:
160090c8:	64d4      	save	32,ra,s1
160090ca:	0104      	addiu	s1,sp,16
160090cc:	6744      	move	v0,a0
160090ce:	6765      	move	v1,a1
160090d0:	6786      	move	a0,a2
160090d2:	c150      	sb	v0,16(s1)
160090d4:	c174      	sb	v1,20(s1)
160090d6:	c198      	sb	a0,24(s1)
160090d8:	b208      	lw	v0,160090f8 <sdrv_wake_up_LED_display+0x30>
160090da:	a240      	lbu	v0,0(v0)
160090dc:	2206      	beqz	v0,160090ea <sdrv_wake_up_LED_display+0x22>
160090de:	180c 2419 	jal	16009064 <hdrv_set_led>
160090e2:	6500      	nop
160090e4:	6a00      	li	v0,0
160090e6:	d940      	sw	v0,0(s1)
160090e8:	1002      	b	160090ee <sdrv_wake_up_LED_display+0x26>
160090ea:	6a01      	li	v0,1
160090ec:	d940      	sw	v0,0(s1)
160090ee:	9940      	lw	v0,0(s1)
160090f0:	65b9      	move	sp,s1
160090f2:	6452      	restore	16,ra,s1
160090f4:	e8a0      	jrc	ra
160090f6:	0000      	addiu	s0,sp,0
160090f8:	bf14      	lwu	s0,80(a3)
160090fa:	9fc0      	lw	a2,0(a3)

160090fc <sdrv_sleep_LED_display>:
160090fc:	6491      	save	8,s1
160090fe:	673d      	move	s1,sp
16009100:	6744      	move	v0,a0
16009102:	6765      	move	v1,a1
16009104:	6786      	move	a0,a2
16009106:	c148      	sb	v0,8(s1)
16009108:	c16c      	sb	v1,12(s1)
1600910a:	c190      	sb	a0,16(s1)
1600910c:	b30a      	lw	v1,16009134 <sdrv_sleep_LED_display+0x38>
1600910e:	6a01      	li	v0,1
16009110:	c340      	sb	v0,0(v1)
16009112:	b40a      	lw	a0,16009138 <sdrv_sleep_LED_display+0x3c>
16009114:	b209      	lw	v0,16009138 <sdrv_sleep_LED_display+0x3c>
16009116:	9a60      	lw	v1,0(v0)
16009118:	6aa1      	li	v0,161
1600911a:	ea4b      	neg	v0
1600911c:	ea6c      	and	v0,v1
1600911e:	dc40      	sw	v0,0(a0)
16009120:	b407      	lw	a0,1600913c <sdrv_sleep_LED_display+0x40>
16009122:	b207      	lw	v0,1600913c <sdrv_sleep_LED_display+0x40>
16009124:	9a60      	lw	v1,0(v0)
16009126:	b207      	lw	v0,16009140 <sdrv_sleep_LED_display+0x44>
16009128:	ea6c      	and	v0,v1
1600912a:	dc40      	sw	v0,0(a0)
1600912c:	65b9      	move	sp,s1
1600912e:	6411      	restore	8,s1
16009130:	e8a0      	jrc	ra
16009132:	0000      	addiu	s0,sp,0
16009134:	bf14      	lwu	s0,80(a3)
16009136:	9fc0      	lw	a2,0(a3)
16009138:	0000      	addiu	s0,sp,0
1600913a:	c00e      	sb	s0,14(s0)
1600913c:	1004      	b	16009146 <init_module+0x2>
1600913e:	c000      	sb	s0,0(s0)
16009140:	ffff      	daddiu	a3,sp,124
16009142:	fffb      	daddiu	a3,sp,108

16009144 <init_module>:
16009144:	64d3      	save	24,ra,s1
16009146:	0104      	addiu	s1,sp,16
16009148:	d982      	sw	a0,8(s1)
1600914a:	d9a3      	sw	a1,12(s1)
1600914c:	d9c4      	sw	a2,16(s1)
1600914e:	b204      	lw	v0,1600915c <init_module+0x18>
16009150:	eac0      	jalrc	v0
16009152:	6a00      	li	v0,0
16009154:	65b9      	move	sp,s1
16009156:	6451      	restore	8,ra,s1
16009158:	e8a0      	jrc	ra
1600915a:	0000      	addiu	s0,sp,0
1600915c:	90b1      	lw	s0,708(sp)
1600915e:	1600      	b	16008d60 <BANK_SPACE+0x15fc8d60>

16009160 <cleanup_module>:
16009160:	6491      	save	8,s1
16009162:	673d      	move	s1,sp
16009164:	d982      	sw	a0,8(s1)
16009166:	d9a3      	sw	a1,12(s1)
16009168:	d9c4      	sw	a2,16(s1)
1600916a:	6a00      	li	v0,0
1600916c:	65b9      	move	sp,s1
1600916e:	6411      	restore	8,s1
16009170:	e8a0      	jrc	ra
16009172:	6500      	nop
	...
Disassembly of section BANK_A_1:

16049000 <BANK_A_1>:
	...
Disassembly of section .reginfo:

00000000 <.reginfo>:
	...
Disassembly of section .pdr:

00000000 <.pdr>:
   0:	bfc09c01 	cache	0x0,-25599(s8)
   4:	80020000 	lb	v0,0(zero)
   8:	fffffffc 	sdc3	$31,-4(ra)
	...
  14:	00000010 	mfhi	zero
  18:	00000011 	mthi	zero
  1c:	0000001f 	0x1f
  20:	bfc09c41 	cache	0x0,-25535(s8)
  24:	80020000 	lb	v0,0(zero)
  28:	fffffffc 	sdc3	$31,-4(ra)
	...
  34:	00000010 	mfhi	zero
  38:	00000011 	mthi	zero
  3c:	0000001f 	0x1f
  40:	bfc09e05 	cache	0x0,-25083(s8)
  44:	00020000 	sll	zero,v0,0x0
  48:	fffffffc 	sdc3	$31,-4(ra)
	...
  54:	00000008 	jr	zero
  58:	00000011 	mthi	zero
  5c:	0000001f 	0x1f
  60:	bfc09e35 	cache	0x0,-25035(s8)
  64:	80020000 	lb	v0,0(zero)
  68:	fffffffc 	sdc3	$31,-4(ra)
	...
  74:	00000010 	mfhi	zero
  78:	00000011 	mthi	zero
  7c:	0000001f 	0x1f
  80:	bfc09e85 	cache	0x0,-24955(s8)
  84:	80020000 	lb	v0,0(zero)
  88:	fffffffc 	sdc3	$31,-4(ra)
	...
  94:	00000008 	jr	zero
  98:	00000011 	mthi	zero
  9c:	0000001f 	0x1f
  a0:	16009001 	bnez	s0,fffe40a8 <sdrv_flash_screen+0x403da224>
  a4:	00020000 	sll	zero,v0,0x0
  a8:	fffffffc 	sdc3	$31,-4(ra)
	...
  b4:	00000008 	jr	zero
  b8:	00000011 	mthi	zero
  bc:	0000001f 	0x1f
  c0:	16009065 	bnez	s0,fffe4258 <sdrv_flash_screen+0x403da3d4>
  c4:	00020000 	sll	zero,v0,0x0
  c8:	fffffffc 	sdc3	$31,-4(ra)
	...
  d4:	00000008 	jr	zero
  d8:	00000011 	mthi	zero
  dc:	0000001f 	0x1f
  e0:	160090b1 	bnez	s0,fffe43a8 <sdrv_flash_screen+0x403da524>
  e4:	80020000 	lb	v0,0(zero)
  e8:	fffffffc 	sdc3	$31,-4(ra)
	...
  f4:	00000008 	jr	zero
  f8:	00000011 	mthi	zero
  fc:	0000001f 	0x1f
 100:	160090c9 	bnez	s0,fffe4428 <sdrv_flash_screen+0x403da5a4>
 104:	80020000 	lb	v0,0(zero)
 108:	fffffffc 	sdc3	$31,-4(ra)
	...
 114:	00000010 	mfhi	zero
 118:	00000011 	mthi	zero
 11c:	0000001f 	0x1f
 120:	160090fd 	bnez	s0,fffe4518 <sdrv_flash_screen+0x403da694>
 124:	00020000 	sll	zero,v0,0x0
 128:	fffffffc 	sdc3	$31,-4(ra)
	...
 134:	00000008 	jr	zero
 138:	00000011 	mthi	zero
 13c:	0000001f 	0x1f
 140:	16009145 	bnez	s0,fffe4658 <sdrv_flash_screen+0x403da7d4>
 144:	80020000 	lb	v0,0(zero)
 148:	fffffffc 	sdc3	$31,-4(ra)
	...
 154:	00000008 	jr	zero
 158:	00000011 	mthi	zero
 15c:	0000001f 	0x1f
 160:	16009161 	bnez	s0,fffe46e8 <sdrv_flash_screen+0x403da864>
 164:	00020000 	sll	zero,v0,0x0
 168:	fffffffc 	sdc3	$31,-4(ra)
	...
 174:	00000008 	jr	zero
 178:	00000011 	mthi	zero
 17c:	0000001f 	0x1f
Disassembly of section .debug_abbrev:

00000000 <.debug_abbrev>:
   0:	10011101 	beq	zero,at,4408 <SRAM_AP_BANK_BACK_AL_1_SIZE+0x408>
   4:	11011206 	beq	t0,at,4820 <SRAM_AP_BANK_BACK_AL_1_SIZE+0x820>
   8:	13082501 	beq	t8,t0,9410 <SRAM_BANK_B_ADDR+0x10>
   c:	1b08030b 	0x1b08030b
  10:	02000008 	jr	s0
  14:	08030024 	j	c0090 <BANK_SPACE+0x80090>
  18:	0b3e0b0b 	j	cf82c2c <BANK_SPACE+0xcf42c2c>
  1c:	24030000 	li	v1,0
  20:	0b0e0300 	j	c380c00 <BANK_SPACE+0xc340c00>
  24:	000b3e0b 	0xb3e0b
  28:	000f0400 	sll	zero,t7,0x10
  2c:	00000b0b 	0xb0b
  30:	0b000f05 	j	c003c14 <BANK_SPACE+0xbfc3c14>
  34:	0013490b 	0x13490b
  38:	01150600 	0x1150600
  3c:	0c271301 	jal	9c4c04 <BANK_SPACE+0x984c04>
  40:	00001349 	0x1349
  44:	49000507 	bc2f	1464 <SRAM_BTCALL_CALLRING_BUF_SIZE+0x464>
  48:	08000013 	j	4c <AP_BANK_FRONT_UI_1+0x4>
  4c:	08030016 	j	c0058 <BANK_SPACE+0x80058>
  50:	0b3b0b3a 	j	cec2ce8 <BANK_SPACE+0xce82ce8>
  54:	00001349 	0x1349
  58:	01011309 	0x1011309
  5c:	3a0b0b13 	xori	t3,s0,0xb13
  60:	000b3b0b 	0xb3b0b
  64:	000d0a00 	sll	at,t5,0x8
  68:	0b3a0803 	j	ce8200c <BANK_SPACE+0xce4200c>
  6c:	13490b3b 	beq	k0,t1,2d5c <SRAM_BT_BACK_RCODE_SIZE+0x35c>
  70:	00000a38 	0xa38
  74:	0300340b 	0x300340b
  78:	3b0b3a08 	xori	t3,t8,0x3a08
  7c:	3f13490b 	0x3f13490b
  80:	000a020c 	syscall	0x2808
  84:	11010000 	beq	t0,at,88 <SRAM_CARD_DATA_SIZE+0x8>
  88:	12061001 	beq	s0,a2,4090 <SRAM_AP_BANK_BACK_AL_1_SIZE+0x90>
  8c:	25011101 	addiu	at,t0,4353
  90:	030b1308 	0x30b1308
  94:	00081b08 	0x81b08
  98:	00240200 	0x240200
  9c:	0b0b0803 	j	c2c200c <BANK_SPACE+0xc28200c>
  a0:	00000b3e 	0xb3e
  a4:	03002403 	0x3002403
  a8:	3e0b0b0e 	0x3e0b0b0e
  ac:	0400000b 	bltz	zero,dc <SRAM_CARD_DATA_SIZE+0x5c>
  b0:	08030016 	j	c0058 <BANK_SPACE+0x80058>
  b4:	0b3b0b3a 	j	cec2ce8 <BANK_SPACE+0xce82ce8>
  b8:	00001349 	0x1349
  bc:	0b000f05 	j	c003c14 <BANK_SPACE+0xbfc3c14>
  c0:	0600000b 	bltz	s0,f0 <SRAM_RAM2_RESEVER_SIZE+0x10>
  c4:	13010101 	beq	t8,at,4cc <KERNEL_BANK_A_SIZE+0xcc>
  c8:	00001349 	0x1349
  cc:	49002107 	bc2f	84ec <SRAM_OS_RCODE_ADDR+0x4ec>
  d0:	000b2f13 	0xb2f13
  d4:	012e0800 	0x12e0800
  d8:	0c3f1301 	jal	fc4c04 <BANK_SPACE+0xf84c04>
  dc:	0b3a0803 	j	ce8200c <BANK_SPACE+0xce4200c>
  e0:	0c270b3b 	jal	9c2cec <BANK_SPACE+0x982cec>
  e4:	01120111 	0x1120111
  e8:	00000a40 	sll	at,zero,0x9
  ec:	03000509 	0x3000509
  f0:	3b0b3a08 	xori	t3,t8,0x3a08
  f4:	0213490b 	0x213490b
  f8:	0a00000a 	j	8000028 <BANK_SPACE+0x7fc0028>
  fc:	08030034 	j	c00d0 <BANK_SPACE+0x800d0>
 100:	0b3b0b3a 	j	cec2ce8 <BANK_SPACE+0xce82ce8>
 104:	0a021349 	j	8084d24 <BANK_SPACE+0x8044d24>
 108:	340b0000 	li	t3,0x0
 10c:	3a080300 	xori	t0,s0,0x300
 110:	490b3b0b 	bc2tl	$cc2,ed40 <SRAM_ASRC_BUF_0_ADDR+0xd40>
 114:	3c0c3f13 	lui	t4,0x3f13
 118:	0000000c 	syscall
 11c:	10011101 	beq	zero,at,4524 <SRAM_AP_BANK_BACK_AL_1_SIZE+0x524>
 120:	11011206 	beq	t0,at,493c <SRAM_AP_BANK_BACK_AL_1_SIZE+0x93c>
 124:	13082501 	beq	t8,t0,952c <SRAM_BANK_B_ADDR+0x12c>
 128:	1b08030b 	0x1b08030b
 12c:	02000008 	jr	s0
 130:	08030024 	j	c0090 <BANK_SPACE+0x80090>
 134:	0b3e0b0b 	j	cf82c2c <BANK_SPACE+0xcf42c2c>
 138:	24030000 	li	v1,0
 13c:	0b0e0300 	j	c380c00 <BANK_SPACE+0xc340c00>
 140:	000b3e0b 	0xb3e0b
 144:	00160400 	sll	zero,s6,0x10
 148:	0b3a0803 	j	ce8200c <BANK_SPACE+0xce4200c>
 14c:	13490b3b 	beq	k0,t1,2e3c <SRAM_BT_BACK_RCODE_SIZE+0x43c>
 150:	01050000 	0x1050000
 154:	49130101 	bc2tl	$cc4,55c <SRAM_BT_CONTROLLER_RCODE_SIZE+0x5c>
 158:	06000013 	bltz	s0,1a8 <SRAM_BTMANAGER_DATA_SIZE+0x68>
 15c:	13490021 	beq	k0,t1,1e4 <SRAM_BTMANAGER_DATA_SIZE+0xa4>
 160:	00000b2f 	0xb2f
 164:	01012e07 	0x1012e07
 168:	030c3f13 	0x30c3f13
 16c:	3b0b3a08 	xori	t3,t8,0x3a08
 170:	110c270b 	beq	t0,t4,9da0 <SRAM_TEXT_ADDR+0x1a0>
 174:	40011201 	0x40011201
 178:	0800000a 	j	28 <SRAM_CARD_GLOBAL_DATA_SIZE+0x18>
 17c:	08030005 	j	c0014 <BANK_SPACE+0x80014>
 180:	0b3b0b3a 	j	cec2ce8 <BANK_SPACE+0xce82ce8>
 184:	0a021349 	j	8084d24 <BANK_SPACE+0x8044d24>
 188:	34090000 	li	t1,0x0
 18c:	3a080300 	xori	t0,s0,0x300
 190:	490b3b0b 	bc2tl	$cc2,edc0 <SRAM_ASRC_BUF_0_ADDR+0xdc0>
 194:	000a0213 	0xa0213
 198:	00340a00 	0x340a00
 19c:	0b3a0803 	j	ce8200c <BANK_SPACE+0xce4200c>
 1a0:	13490b3b 	beq	k0,t1,2e90 <SRAM_BT_BACK_RCODE_SIZE+0x490>
 1a4:	0a020c3f 	j	80830fc <BANK_SPACE+0x80430fc>
 1a8:	260b0000 	addiu	t3,s0,0
 1ac:	00134900 	sll	t1,s3,0x4
 1b0:	11010000 	beq	t0,at,1b4 <SRAM_BTMANAGER_DATA_SIZE+0x74>
 1b4:	12061001 	beq	s0,a2,41bc <SRAM_AP_BANK_BACK_AL_1_SIZE+0x1bc>
 1b8:	25011101 	addiu	at,t0,4353
 1bc:	030b1308 	0x30b1308
 1c0:	00081b08 	0x81b08
 1c4:	00240200 	0x240200
 1c8:	0b0b0803 	j	c2c200c <BANK_SPACE+0xc28200c>
 1cc:	00000b3e 	0xb3e
 1d0:	03001603 	0x3001603
 1d4:	3b0b3a08 	xori	t3,t8,0x3a08
 1d8:	0013490b 	0x13490b
 1dc:	00240400 	0x240400
 1e0:	0b0b0e03 	j	c2c380c <BANK_SPACE+0xc28380c>
 1e4:	00000b3e 	0xb3e
 1e8:	3f002e05 	0x3f002e05
 1ec:	3a08030c 	xori	t0,s0,0x30c
 1f0:	270b3b0b 	addiu	t3,t8,15115
 1f4:	1201110c 	beq	s0,at,4628 <SRAM_AP_BANK_BACK_AL_1_SIZE+0x628>
 1f8:	000a4001 	0xa4001
 1fc:	012e0600 	0x12e0600
 200:	0c3f1301 	jal	fc4c04 <BANK_SPACE+0xf84c04>
 204:	0b3a0803 	j	ce8200c <BANK_SPACE+0xce4200c>
 208:	0c270b3b 	jal	9c2cec <BANK_SPACE+0x982cec>
 20c:	01120111 	0x1120111
 210:	00000a40 	sll	at,zero,0x9
 214:	03000507 	0x3000507
 218:	3b0b3a08 	xori	t3,t8,0x3a08
 21c:	0213490b 	0x213490b
 220:	0800000a 	j	28 <SRAM_CARD_GLOBAL_DATA_SIZE+0x18>
 224:	08030034 	j	c00d0 <BANK_SPACE+0x800d0>
 228:	0b3b0b3a 	j	cec2ce8 <BANK_SPACE+0xce82ce8>
 22c:	0a021349 	j	8084d24 <BANK_SPACE+0x8044d24>
 230:	0f090000 	jal	c240000 <BANK_SPACE+0xc200000>
 234:	490b0b00 	bc2tl	$cc2,2e38 <SRAM_BT_BACK_RCODE_SIZE+0x438>
 238:	0a000013 	j	800004c <BANK_SPACE+0x7fc004c>
 23c:	08030034 	j	c00d0 <BANK_SPACE+0x800d0>
 240:	0b3b0b3a 	j	cec2ce8 <BANK_SPACE+0xce82ce8>
 244:	0c3f1349 	jal	fc4d24 <BANK_SPACE+0xf84d24>
 248:	00000c3c 	0xc3c
 24c:	01110100 	0x1110100
 250:	01120610 	0x1120610
 254:	08250111 	j	940444 <BANK_SPACE+0x900444>
 258:	08030b13 	j	c2c4c <BANK_SPACE+0x82c4c>
 25c:	0000081b 	0x81b
 260:	03002402 	0x3002402
 264:	3e0b0b08 	0x3e0b0b08
 268:	0300000b 	movn	zero,t8,zero
 26c:	0e030024 	jal	80c0090 <BANK_SPACE+0x8080090>
 270:	0b3e0b0b 	j	cf82c2c <BANK_SPACE+0xcf42c2c>
 274:	16040000 	bne	s0,a0,278 <SRAM_AP_RCP_COMMAND_BUFFER_SIZE+0x58>
 278:	3a080300 	xori	t0,s0,0x300
 27c:	490b3b0b 	bc2tl	$cc2,eeac <SRAM_ASRC_BUF_0_ADDR+0xeac>
 280:	05000013 	bltz	t0,2d0 <SRAM_AP_RCP_COMMAND_BUFFER_SIZE+0xb0>
 284:	0b0b000f 	j	c2c003c <BANK_SPACE+0xc28003c>
 288:	2e060000 	sltiu	a2,s0,0
 28c:	3f130101 	0x3f130101
 290:	3a08030c 	xori	t0,s0,0x30c
 294:	270b3b0b 	addiu	t3,t8,15115
 298:	1201110c 	beq	s0,at,46cc <SRAM_AP_BANK_BACK_AL_1_SIZE+0x6cc>
 29c:	000a4001 	0xa4001
 2a0:	00050700 	sll	zero,a1,0x1c
 2a4:	0b3a0803 	j	ce8200c <BANK_SPACE+0xce4200c>
 2a8:	13490b3b 	beq	k0,t1,2f98 <SRAM_BT_BACK_RCODE_SIZE+0x598>
 2ac:	00000a02 	srl	at,zero,0x8
 2b0:	03003408 	0x3003408
 2b4:	3b0b3a08 	xori	t3,t8,0x3a08
 2b8:	3f13490b 	0x3f13490b
 2bc:	000a020c 	syscall	0x2808
 2c0:	11010000 	beq	t0,at,2c4 <SRAM_AP_RCP_COMMAND_BUFFER_SIZE+0xa4>
 2c4:	12061001 	beq	s0,a2,42cc <SRAM_AP_BANK_BACK_AL_1_SIZE+0x2cc>
 2c8:	25011101 	addiu	at,t0,4353
 2cc:	030b1308 	0x30b1308
 2d0:	00081b08 	0x81b08
 2d4:	00240200 	0x240200
 2d8:	0b0b0803 	j	c2c200c <BANK_SPACE+0xc28200c>
 2dc:	00000b3e 	0xb3e
 2e0:	03001603 	0x3001603
 2e4:	3b0b3a08 	xori	t3,t8,0x3a08
 2e8:	0013490b 	0x13490b
 2ec:	00240400 	0x240400
 2f0:	0b0b0e03 	j	c2c380c <BANK_SPACE+0xc28380c>
 2f4:	00000b3e 	0xb3e
 2f8:	3f002e05 	0x3f002e05
 2fc:	3a08030c 	xori	t0,s0,0x30c
 300:	270b3b0b 	addiu	t3,t8,15115
 304:	1201110c 	beq	s0,at,4738 <SRAM_AP_BANK_BACK_AL_1_SIZE+0x738>
 308:	000a4001 	0xa4001
 30c:	012e0600 	0x12e0600
 310:	0c3f1301 	jal	fc4c04 <BANK_SPACE+0xf84c04>
 314:	0b3a0803 	j	ce8200c <BANK_SPACE+0xce4200c>
 318:	0c270b3b 	jal	9c2cec <BANK_SPACE+0x982cec>
 31c:	01111349 	0x1111349
 320:	0a400112 	j	9000448 <BANK_SPACE+0x8fc0448>
 324:	05070000 	0x5070000
 328:	3a080300 	xori	t0,s0,0x300
 32c:	490b3b0b 	bc2tl	$cc2,ef5c <SRAM_ASRC_BUF_0_ADDR+0xf5c>
 330:	000a0213 	0xa0213
 334:	012e0800 	0x12e0800
 338:	0c3f1301 	jal	fc4c04 <BANK_SPACE+0xf84c04>
 33c:	0b3a0803 	j	ce8200c <BANK_SPACE+0xce4200c>
 340:	0c270b3b 	jal	9c2cec <BANK_SPACE+0x982cec>
 344:	01120111 	0x1120111
 348:	00000a40 	sll	at,zero,0x9
 34c:	03003409 	jalr.hb	a2,t8
 350:	3b0b3a08 	xori	t3,t8,0x3a08
 354:	3f13490b 	0x3f13490b
 358:	000a020c 	syscall	0x2808
 35c:	11010000 	beq	t0,at,360 <SRAM_FS_DATA_SIZE+0x60>
 360:	12061001 	beq	s0,a2,4368 <SRAM_AP_BANK_BACK_AL_1_SIZE+0x368>
 364:	25011101 	addiu	at,t0,4353
 368:	030b1308 	0x30b1308
 36c:	00081b08 	0x81b08
 370:	00240200 	0x240200
 374:	0b0b0803 	j	c2c200c <BANK_SPACE+0xc28200c>
 378:	00000b3e 	0xb3e
 37c:	03002403 	0x3002403
 380:	3e0b0b0e 	0x3e0b0b0e
 384:	0400000b 	bltz	zero,3b4 <SRAM_FS_DATA_SIZE+0xb4>
 388:	0b0b000f 	j	c2c003c <BANK_SPACE+0xc28003c>
 38c:	2e050000 	sltiu	a1,s0,0
 390:	3f130101 	0x3f130101
 394:	3a08030c 	xori	t0,s0,0x30c
 398:	270b3b0b 	addiu	t3,t8,15115
 39c:	1113490c 	beq	t0,s3,127d0 <SRAM_BT_BACK_RCODE_ADDR+0x17d0>
 3a0:	40011201 	0x40011201
 3a4:	0600000a 	bltz	s0,3d0 <SRAM_FS_DATA_SIZE+0xd0>
 3a8:	08030005 	j	c0014 <BANK_SPACE+0x80014>
 3ac:	0b3b0b3a 	j	cec2ce8 <BANK_SPACE+0xce82ce8>
 3b0:	0a021349 	j	8084d24 <BANK_SPACE+0x8044d24>
 3b4:	2e070000 	sltiu	a3,s0,0
 3b8:	030c3f01 	0x30c3f01
 3bc:	3b0b3a08 	xori	t3,t8,0x3a08
 3c0:	490c270b 	bc2f	$cc3,9ff0 <SRAM_RAM6_CCD_GLOBAL_DATA_ADDR+0x30>
 3c4:	12011113 	beq	s0,at,4814 <SRAM_AP_BANK_BACK_AL_1_SIZE+0x814>
 3c8:	000a4001 	0xa4001
	...
Disassembly of section .debug_info:

00000000 <.debug_info>:
   0:	00000257 	0x257
   4:	00000002 	srl	zero,zero,0x0
   8:	01040000 	0x1040000
   c:	00000000 	nop
  10:	bfc09c00 	cache	0x0,-25600(s8)
  14:	bfc09c00 	cache	0x0,-25600(s8)
  18:	20554e47 	addi	s5,v0,20039
  1c:	2e332043 	sltiu	s3,s1,8259
  20:	20342e34 	addi	s4,at,11828
  24:	7370696d 	0x7370696d
  28:	2d656473 	sltiu	a1,t3,25715
  2c:	36302e36 	ori	s0,s1,0x2e36
  30:	2d31302e 	sltiu	s1,t1,12334
  34:	37303032 	ori	s0,t9,0x3032
  38:	30323430 	andi	s2,at,0x3430
  3c:	63720100 	0x63720100
  40:	5f65646f 	0x5f65646f
  44:	5f64656c 	0x5f64656c
  48:	655f706f 	0x655f706f
  4c:	7972746e 	0x7972746e
  50:	2f00632e 	sltiu	zero,t8,25390
  54:	64677963 	0x64677963
  58:	65766972 	0x65766972
  5c:	612f642f 	0x612f642f
  60:	6f697463 	0x6f697463
  64:	732f736e 	0x732f736e
  68:	64736474 	0x64736474
  6c:	6f632f6b 	0x6f632f6b
  70:	752f6564 	jalx	4bd9590 <BANK_SPACE+0x4b99590>
  74:	32383273 	andi	t8,s1,0x3273
  78:	31765f61 	andi	s6,t3,0x5f61
  7c:	2f706d37 	sltiu	s0,k1,27959
  80:	65736163 	0x65736163
  84:	7672642f 	jalx	9c990bc <BANK_SPACE+0x9c590bc>
  88:	44454c2f 	0x44454c2f
  8c:	4553375f 	0x4553375f
  90:	75020047 	jalx	408011c <BANK_SPACE+0x404011c>
  94:	6769736e 	0x6769736e
  98:	2064656e 	addi	a0,v1,25966
  9c:	72616863 	0x72616863
  a0:	02080100 	0x2080100
  a4:	6e676973 	0x6e676973
  a8:	63206465 	0x63206465
  ac:	00726168 	0x726168
  b0:	73020601 	0x73020601
  b4:	74726f68 	jalx	1c9bda0 <BANK_SPACE+0x1c5bda0>
  b8:	736e7520 	0x736e7520
  bc:	656e6769 	0x656e6769
  c0:	6e692064 	0x6e692064
  c4:	07020074 	bltzl	t8,298 <SRAM_AP_RCP_COMMAND_BUFFER_SIZE+0x78>
  c8:	6f687302 	0x6f687302
  cc:	69207472 	0x69207472
  d0:	0200746e 	0x200746e
  d4:	00000305 	0x305
  d8:	07040000 	0x7040000
  dc:	6e6f6c02 	0x6e6f6c02
  e0:	6e692067 	0x6e692067
  e4:	05040074 	0x5040074
  e8:	6f6c6602 	0x6f6c6602
  ec:	04007461 	bltz	zero,1d274 <SRAM_OS_TASK_STACK_ADDR+0x1c74>
  f0:	6f640204 	0x6f640204
  f4:	656c6275 	0x656c6275
  f8:	02040800 	0x2040800
  fc:	676e6f6c 	0x676e6f6c
 100:	6e6f6c20 	0x6e6f6c20
 104:	6e752067 	0x6e752067
 108:	6e676973 	0x6e676973
 10c:	69206465 	0x69206465
 110:	0800746e 	j	1d1b8 <SRAM_OS_TASK_STACK_ADDR+0x1bb8>
 114:	6f6c0207 	0x6f6c0207
 118:	6c20676e 	0x6c20676e
 11c:	20676e6f 	addi	a3,v1,28271
 120:	00746e69 	0x746e69
 124:	75020508 	jalx	4081420 <BANK_SPACE+0x4041420>
 128:	6769736e 	0x6769736e
 12c:	2064656e 	addi	a0,v1,25966
 130:	00746e69 	0x746e69
 134:	69020704 	0x69020704
 138:	0400746e 	bltz	zero,1d2f4 <SRAM_OS_TASK_STACK_ADDR+0x1cf4>
 13c:	68630205 	0x68630205
 140:	01007261 	0x1007261
 144:	00000306 	0x306
 148:	07040000 	0x7040000
 14c:	04050404 	0x4050404
 150:	00000154 	0x154
 154:	00016e06 	0x16e06
 158:	014c0100 	0x14c0100
 15c:	4c070000 	mfc3	a3,$0
 160:	07000001 	bltz	t8,168 <SRAM_BTMANAGER_DATA_SIZE+0x28>
 164:	0000014c 	syscall	0x5
 168:	00014c07 	0x14c07
 16c:	6c080000 	0x6c080000
 170:	6f5f6465 	0x6f5f6465
 174:	75665f70 	jalx	5997dc0 <BANK_SPACE+0x5957dc0>
 178:	0100636e 	0x100636e
 17c:	00014e0e 	0x14e0e
 180:	02210900 	0x2210900
 184:	01140000 	0x1140000
 188:	64730a17 	0x64730a17
 18c:	6c5f7672 	0x6c5f7672
 190:	645f6465 	0x645f6465
 194:	6c707369 	0x6c707369
 198:	01007961 	0x1007961
 19c:	00016e12 	0x16e12
 1a0:	00230200 	0x230200
 1a4:	7264730a 	0x7264730a
 1a8:	6c635f76 	0x6c635f76
 1ac:	5f726165 	0x5f726165
 1b0:	65726373 	0x65726373
 1b4:	01006e65 	0x1006e65
 1b8:	00016e13 	0x16e13
 1bc:	04230200 	bgezl	at,9c0 <SRAM_OS_DATA_SIZE+0x140>
 1c0:	7264730a 	0x7264730a
 1c4:	6c665f76 	0x6c665f76
 1c8:	5f687361 	0x5f687361
 1cc:	65726373 	0x65726373
 1d0:	01006e65 	0x1006e65
 1d4:	00016e14 	0x16e14
 1d8:	08230200 	j	8c0800 <BANK_SPACE+0x880800>
 1dc:	7264730a 	0x7264730a
 1e0:	61775f76 	0x61775f76
 1e4:	755f656b 	jalx	57d95ac <BANK_SPACE+0x57995ac>
 1e8:	454c5f70 	0x454c5f70
 1ec:	69645f44 	0x69645f44
 1f0:	616c7073 	0x616c7073
 1f4:	15010079 	bne	t0,at,3dc <SRAM_FS_DATA_SIZE+0xdc>
 1f8:	0000016e 	0x16e
 1fc:	0a0c2302 	j	8308c08 <BANK_SPACE+0x82c8c08>
 200:	76726473 	jalx	9c991cc <BANK_SPACE+0x9c591cc>
 204:	656c735f 	0x656c735f
 208:	4c5f7065 	0x4c5f7065
 20c:	645f4445 	0x645f4445
 210:	6c707369 	0x6c707369
 214:	01007961 	0x1007961
 218:	00016e16 	0x16e16
 21c:	10230200 	beq	at,v1,a20 <SRAM_AP_BACK_CODEC_RCODE_SIZE+0x20>
 220:	656c0800 	0x656c0800
 224:	72645f64 	0x72645f64
 228:	72657669 	0x72657669
 22c:	65706f5f 	0x65706f5f
 230:	69746172 	0x69746172
 234:	00736e6f 	0x736e6f
 238:	01811701 	0x1811701
 23c:	6c0b0000 	0x6c0b0000
 240:	645f6465 	0x645f6465
 244:	65766972 	0x65766972
 248:	706f5f72 	0x706f5f72
 24c:	211b0100 	addi	k1,t0,256
 250:	01000002 	0x1000002
 254:	bf000305 	cache	0x0,773(t8)
 258:	dd009fc0 	ldc3	$0,-24640(t0)
 25c:	02000001 	movf	zero,s0,$fcc0
 260:	00008600 	sll	s0,zero,0x18
 264:	32010400 	andi	at,s0,0x400
 268:	40000000 	mfc0	zero,c0_index
 26c:	00bfc09c 	0xbfc09c
 270:	47bfc09c 	c1	0x1bfc09c
 274:	4320554e 	c0	0x120554e
 278:	342e3320 	ori	t6,at,0x3320
 27c:	6d20342e 	0x6d20342e
 280:	73737069 	0x73737069
 284:	362d6564 	ori	t5,s1,0x6564
 288:	2e36302e 	sltiu	s6,s1,12334
 28c:	322d3130 	andi	t5,s1,0x3130
 290:	30373030 	andi	s7,at,0x3030
 294:	00303234 	teq	at,s0,0xc8
 298:	72647301 	0x72647301
 29c:	6c635f76 	0x6c635f76
 2a0:	5f726165 	0x5f726165
 2a4:	65726373 	0x65726373
 2a8:	632e6e65 	0x632e6e65
 2ac:	79632f00 	0x79632f00
 2b0:	69726467 	0x69726467
 2b4:	642f6576 	0x642f6576
 2b8:	7463612f 	jalx	18d84bc <BANK_SPACE+0x18984bc>
 2bc:	736e6f69 	0x736e6f69
 2c0:	6474732f 	0x6474732f
 2c4:	2f6b6473 	sltiu	t3,k1,25715
 2c8:	65646f63 	0x65646f63
 2cc:	3273752f 	andi	s3,s3,0x752f
 2d0:	5f613238 	0x5f613238
 2d4:	6d373176 	0x6d373176
 2d8:	61632f70 	0x61632f70
 2dc:	642f6573 	0x642f6573
 2e0:	4c2f7672 	0x4c2f7672
 2e4:	375f4445 	ori	ra,k0,0x4445
 2e8:	00474553 	0x474553
 2ec:	736e7502 	0x736e7502
 2f0:	656e6769 	0x656e6769
 2f4:	68632064 	0x68632064
 2f8:	01007261 	0x1007261
 2fc:	69730208 	0x69730208
 300:	64656e67 	0x64656e67
 304:	61686320 	0x61686320
 308:	06010072 	bgez	s0,4d4 <KERNEL_BANK_A_SIZE+0xd4>
 30c:	6f687302 	0x6f687302
 310:	75207472 	jalx	481d1c8 <BANK_SPACE+0x47dd1c8>
 314:	6769736e 	0x6769736e
 318:	2064656e 	addi	a0,v1,25966
 31c:	00746e69 	0x746e69
 320:	73020702 	0x73020702
 324:	74726f68 	jalx	1c9bda0 <BANK_SPACE+0x1c5bda0>
 328:	746e6920 	jalx	1b9a480 <BANK_SPACE+0x1b5a480>
 32c:	03050200 	0x3050200
 330:	00000012 	mflo	zero
 334:	6c020704 	0x6c020704
 338:	20676e6f 	addi	a3,v1,28271
 33c:	00746e69 	0x746e69
 340:	66020504 	0x66020504
 344:	74616f6c 	jalx	185bdb0 <BANK_SPACE+0x181bdb0>
 348:	02040400 	0x2040400
 34c:	62756f64 	0x62756f64
 350:	0800656c 	j	195b0 <SRAM_AP_BACK_DATA_ADDR+0x30>
 354:	6f6c0204 	0x6f6c0204
 358:	6c20676e 	0x6c20676e
 35c:	20676e6f 	addi	a3,v1,28271
 360:	69736e75 	0x69736e75
 364:	64656e67 	0x64656e67
 368:	746e6920 	jalx	1b9a480 <BANK_SPACE+0x1b5a480>
 36c:	02070800 	0x2070800
 370:	676e6f6c 	0x676e6f6c
 374:	6e6f6c20 	0x6e6f6c20
 378:	6e692067 	0x6e692067
 37c:	05080074 	tgei	t0,116
 380:	736e7502 	0x736e7502
 384:	656e6769 	0x656e6769
 388:	6e692064 	0x6e692064
 38c:	07040074 	0x7040074
 390:	6e697504 	0x6e697504
 394:	02003874 	teq	s0,zero,0xe1
 398:	00009115 	0x9115
 39c:	6e690200 	0x6e690200
 3a0:	05040074 	0x5040074
 3a4:	61686302 	0x61686302
 3a8:	06010072 	bgez	s0,574 <SRAM_BT_CONTROLLER_RCODE_SIZE+0x74>
 3ac:	00001203 	sra	v0,zero,0x8
 3b0:	05070400 	0x5070400
 3b4:	016a0604 	0x16a0604
 3b8:	01350000 	0x1350000
 3bc:	51070000 	beql	t0,a3,3c0 <SRAM_FS_DATA_SIZE+0xc0>
 3c0:	07000001 	bltz	t8,3c8 <SRAM_FS_DATA_SIZE+0xc8>
 3c4:	01cc0800 	0x1cc0800
 3c8:	73010000 	madd	t8,at
 3cc:	5f767264 	0x5f767264
 3d0:	61656c63 	0x61656c63
 3d4:	63735f72 	0x63735f72
 3d8:	6e656572 	0x6e656572
 3dc:	01190100 	0x1190100
 3e0:	bfc09c01 	cache	0x0,-25599(s8)
 3e4:	bfc09c38 	cache	0x0,-25544(s8)
 3e8:	6e096101 	0x6e096101
 3ec:	316c6c75 	andi	t4,t3,0x6c75
 3f0:	58180100 	0x58180100
 3f4:	02000001 	movf	zero,s0,$fcc0
 3f8:	6e091091 	0x6e091091
 3fc:	326c6c75 	andi	t4,s3,0x6c75
 400:	58180100 	0x58180100
 404:	02000001 	movf	zero,s0,$fcc0
 408:	6e091491 	0x6e091491
 40c:	336c6c75 	andi	t4,k1,0x6c75
 410:	58180100 	0x58180100
 414:	02000001 	movf	zero,s0,$fcc0
 418:	690a1891 	0x690a1891
 41c:	351a0100 	ori	k0,t0,0x100
 420:	02000001 	movf	zero,s0,$fcc0
 424:	0b000091 	j	c000244 <BANK_SPACE+0xbfc0244>
 428:	5f727563 	0x5f727563
 42c:	76736964 	jalx	9cda590 <BANK_SPACE+0x9c9a590>
 430:	03006c61 	0x3006c61
 434:	00015a11 	0x15a11
 438:	00010100 	sll	zero,at,0x4
 43c:	000002df 	0x2df
 440:	011c0002 	0x11c0002
 444:	01040000 	0x1040000
 448:	000000af 	0xaf
 44c:	bfc09d80 	cache	0x0,-25216(s8)
 450:	bfc09c40 	cache	0x0,-25536(s8)
 454:	20554e47 	addi	s5,v0,20039
 458:	2e332043 	sltiu	s3,s1,8259
 45c:	20342e34 	addi	s4,at,11828
 460:	7370696d 	0x7370696d
 464:	2d656473 	sltiu	a1,t3,25715
 468:	36302e36 	ori	s0,s1,0x2e36
 46c:	2d31302e 	sltiu	s1,t1,12334
 470:	37303032 	ori	s0,t9,0x3032
 474:	30323430 	andi	s2,at,0x3430
 478:	64730100 	0x64730100
 47c:	6c5f7672 	0x6c5f7672
 480:	645f6465 	0x645f6465
 484:	6c707369 	0x6c707369
 488:	632e7961 	0x632e7961
 48c:	79632f00 	0x79632f00
 490:	69726467 	0x69726467
 494:	642f6576 	0x642f6576
 498:	7463612f 	jalx	18d84bc <BANK_SPACE+0x18984bc>
 49c:	736e6f69 	0x736e6f69
 4a0:	6474732f 	0x6474732f
 4a4:	2f6b6473 	sltiu	t3,k1,25715
 4a8:	65646f63 	0x65646f63
 4ac:	3273752f 	andi	s3,s3,0x752f
 4b0:	5f613238 	0x5f613238
 4b4:	6d373176 	0x6d373176
 4b8:	61632f70 	0x61632f70
 4bc:	642f6573 	0x642f6573
 4c0:	4c2f7672 	0x4c2f7672
 4c4:	375f4445 	ori	ra,k0,0x4445
 4c8:	00474553 	0x474553
 4cc:	736e7502 	0x736e7502
 4d0:	656e6769 	0x656e6769
 4d4:	68632064 	0x68632064
 4d8:	01007261 	0x1007261
 4dc:	69730208 	0x69730208
 4e0:	64656e67 	0x64656e67
 4e4:	61686320 	0x61686320
 4e8:	06010072 	bgez	s0,6b4 <SRAM_OS_HEAP_SIZE+0x34>
 4ec:	6f687302 	0x6f687302
 4f0:	75207472 	jalx	481d1c8 <BANK_SPACE+0x47dd1c8>
 4f4:	6769736e 	0x6769736e
 4f8:	2064656e 	addi	a0,v1,25966
 4fc:	00746e69 	0x746e69
 500:	73020702 	0x73020702
 504:	74726f68 	jalx	1c9bda0 <BANK_SPACE+0x1c5bda0>
 508:	746e6920 	jalx	1b9a480 <BANK_SPACE+0x1b5a480>
 50c:	03050200 	0x3050200
 510:	00000024 	and	zero,zero,zero
 514:	6c020704 	0x6c020704
 518:	20676e6f 	addi	a3,v1,28271
 51c:	00746e69 	0x746e69
 520:	66020504 	0x66020504
 524:	74616f6c 	jalx	185bdb0 <BANK_SPACE+0x181bdb0>
 528:	02040400 	0x2040400
 52c:	62756f64 	0x62756f64
 530:	0800656c 	j	195b0 <SRAM_AP_BACK_DATA_ADDR+0x30>
 534:	6f6c0204 	0x6f6c0204
 538:	6c20676e 	0x6c20676e
 53c:	20676e6f 	addi	a3,v1,28271
 540:	69736e75 	0x69736e75
 544:	64656e67 	0x64656e67
 548:	746e6920 	jalx	1b9a480 <BANK_SPACE+0x1b5a480>
 54c:	02070800 	0x2070800
 550:	676e6f6c 	0x676e6f6c
 554:	6e6f6c20 	0x6e6f6c20
 558:	6e692067 	0x6e692067
 55c:	05080074 	tgei	t0,116
 560:	736e7502 	0x736e7502
 564:	656e6769 	0x656e6769
 568:	6e692064 	0x6e692064
 56c:	07040074 	0x7040074
 570:	6e697504 	0x6e697504
 574:	02003874 	teq	s0,zero,0xe1
 578:	00009015 	0x9015
 57c:	6e690200 	0x6e690200
 580:	05040074 	0x5040074
 584:	61686302 	0x61686302
 588:	06010072 	bgez	s0,754 <SRAM_BT_RCODE_DATA_SIZE+0x44>
 58c:	00002403 	sra	a0,zero,0x10
 590:	05070400 	0x5070400
 594:	00000167 	0x167
 598:	00000134 	teq	zero,zero,0x4
 59c:	00015006 	srlv	t2,at,zero
 5a0:	07000700 	bltz	t8,21a4 <SRAM_AP_BACK_AL_RCODE_2_SIZE+0x1a4>
 5a4:	00000202 	srl	zero,zero,0x8
 5a8:	72647301 	0x72647301
 5ac:	656c5f76 	0x656c5f76
 5b0:	69645f64 	0x69645f64
 5b4:	616c7073 	0x616c7073
 5b8:	ad010079 	sw	at,121(t0)
 5bc:	c09c4101 	ll	gp,16641(a0)
 5c0:	c09d68bf 	ll	sp,26815(a0)
 5c4:	086101bf 	j	18406fc <BANK_SPACE+0x18006fc>
 5c8:	72646461 	0x72646461
 5cc:	34ac0100 	ori	t4,a1,0x100
 5d0:	02000001 	movf	zero,s0,$fcc0
 5d4:	63081091 	0x63081091
 5d8:	65746e6f 	0x65746e6f
 5dc:	0100746e 	0x100746e
 5e0:	000134ac 	0x134ac
 5e4:	14910200 	bne	a0,s1,de8 <SRAM_BT_EXT3_BANK_SIZE+0xe8>
 5e8:	70797408 	0x70797408
 5ec:	ac010065 	sw	at,101(zero)
 5f0:	00000134 	teq	zero,zero,0x4
 5f4:	09189102 	j	4624408 <BANK_SPACE+0x45e4408>
 5f8:	5f736964 	0x5f736964
 5fc:	006c6176 	tne	v1,t4,0x185
 600:	0134ae01 	0x134ae01
 604:	91020000 	lbu	v0,0(t0)
 608:	65720900 	0x65720900
 60c:	615f6c61 	0x615f6c61
 610:	00726464 	0x726464
 614:	0134af01 	0x134af01
 618:	91020000 	lbu	v0,0(t0)
 61c:	00690901 	0x690901
 620:	0134af01 	0x134af01
 624:	91020000 	lbu	v0,0(t0)
 628:	61740902 	0x61740902
 62c:	6e695f62 	0x6e695f62
 630:	00786564 	0x786564
 634:	0134b001 	movf	s6,t1,$fcc5
 638:	91020000 	lbu	v0,0(t0)
 63c:	630a0003 	0x630a0003
 640:	645f7275 	0x645f7275
 644:	61767369 	0x61767369
 648:	3101006c 	andi	at,t0,0x6c
 64c:	00000157 	0x157
 650:	18030501 	0x18030501
 654:	059fc0bf 	0x59fc0bf
 658:	0000022b 	0x22b
 65c:	0000022b 	0x22b
 660:	00015006 	srlv	t2,at,zero
 664:	0b001100 	j	c004400 <BANK_SPACE+0xbfc4400>
 668:	00000134 	teq	zero,zero,0x4
 66c:	6f63690a 	0x6f63690a
 670:	65735f6e 	0x65735f6e
 674:	35010074 	ori	at,t0,0x74
 678:	00000247 	0x247
 67c:	80030501 	lb	v1,1281(zero)
 680:	0bbfc09d 	j	eff0274 <BANK_SPACE+0xefb0274>
 684:	0000021b 	0x21b
 688:	00025c05 	0x25c05
 68c:	00022b00 	sll	a1,v0,0xc
 690:	01500600 	0x1500600
 694:	00250000 	0x250000
 698:	6765730a 	0x6765730a
 69c:	6c61765f 	0x6c61765f
 6a0:	72380100 	0x72380100
 6a4:	01000002 	0x1000002
 6a8:	9d940305 	0x9d940305
 6ac:	4c0bbfc0 	0x4c0bbfc0
 6b0:	05000002 	bltz	t0,6bc <SRAM_OS_HEAP_SIZE+0x3c>
 6b4:	0000028d 	break	0x0,0xa
 6b8:	0000022b 	0x22b
 6bc:	00015006 	srlv	t2,at,zero
 6c0:	50060700 	beql	zero,a2,22c4 <SRAM_AP_BACK_AL_RCODE_2_SIZE+0x2c4>
 6c4:	01000001 	movf	zero,t0,$fcc0
 6c8:	63690a00 	0x63690a00
 6cc:	765f6e6f 	jalx	97db9bc <BANK_SPACE+0x979b9bc>
 6d0:	00736c61 	0x736c61
 6d4:	02a56301 	0x2a56301
 6d8:	05010000 	bgez	t0,6dc <SRAM_OS_HEAP_SIZE+0x5c>
 6dc:	c09dbc03 	ll	sp,-17405(a0)
 6e0:	02770bbf 	0x2770bbf
 6e4:	c6050000 	lwc1	$f5,0(s0)
 6e8:	2b000002 	slti	zero,t8,2
 6ec:	06000002 	bltz	s0,6f8 <SRAM_OS_HEAP_SIZE+0x78>
 6f0:	00000150 	0x150
 6f4:	01500603 	0x1500603
 6f8:	06060000 	0x6060000
 6fc:	00000150 	0x150
 700:	6e0a0001 	0x6e0a0001
 704:	765f6d75 	jalx	97db5d4 <BANK_SPACE+0x979b5d4>
 708:	00736c61 	0x736c61
 70c:	02dd7001 	movt	t6,s6,$fcc7
 710:	05010000 	bgez	t0,714 <SRAM_BT_RCODE_DATA_SIZE+0x4>
 714:	c09dcc03 	ll	sp,-13309(a0)
 718:	02aa0bbf 	0x2aa0bbf
 71c:	fa000000 	sdc2	$0,0(s0)
 720:	02000001 	movf	zero,s0,$fcc0
 724:	0001b200 	sll	s6,at,0x8
 728:	34010400 	li	at,0x400
 72c:	84000001 	lh	zero,1(zero)
 730:	04bfc09e 	0x4bfc09e
 734:	47bfc09e 	c1	0x1bfc09e
 738:	4320554e 	c0	0x120554e
 73c:	342e3320 	ori	t6,at,0x3320
 740:	6d20342e 	0x6d20342e
 744:	73737069 	0x73737069
 748:	362d6564 	ori	t5,s1,0x6564
 74c:	2e36302e 	sltiu	s6,s1,12334
 750:	322d3130 	andi	t5,s1,0x3130
 754:	30373030 	andi	s7,at,0x3030
 758:	00303234 	teq	at,s0,0xc8
 75c:	72646801 	0x72646801
 760:	61685f76 	0x61685f76
 764:	645f6472 	0x645f6472
 768:	2e6c6165 	sltiu	t4,s3,24933
 76c:	632f0063 	0x632f0063
 770:	72646779 	0x72646779
 774:	2f657669 	sltiu	a1,k1,30313
 778:	63612f64 	0x63612f64
 77c:	6e6f6974 	0x6e6f6974
 780:	74732f73 	jalx	1ccbdcc <BANK_SPACE+0x1c8bdcc>
 784:	6b647364 	0x6b647364
 788:	646f632f 	0x646f632f
 78c:	73752f65 	0x73752f65
 790:	61323832 	0x61323832
 794:	3731765f 	ori	s1,t9,0x765f
 798:	632f706d 	0x632f706d
 79c:	2f657361 	sltiu	a1,k1,29537
 7a0:	2f767264 	sltiu	s6,k1,29284
 7a4:	5f44454c 	0x5f44454c
 7a8:	47455337 	c1	0x1455337
 7ac:	6e750200 	0x6e750200
 7b0:	6e676973 	0x6e676973
 7b4:	63206465 	0x63206465
 7b8:	00726168 	0x726168
 7bc:	49030801 	bc2tl	27c4 <SROM_BROM_SIZE+0x1c4>
 7c0:	5538544e 	bnel	t1,t8,158fc <SRAM_BT_EXT5_BANK_ADDR+0x11fc>
 7c4:	8e0f0400 	lw	t7,1024(s0)
 7c8:	02000000 	0x2000000
 7cc:	6e676973 	0x6e676973
 7d0:	63206465 	0x63206465
 7d4:	00726168 	0x726168
 7d8:	73020601 	0x73020601
 7dc:	74726f68 	jalx	1c9bda0 <BANK_SPACE+0x1c5bda0>
 7e0:	736e7520 	0x736e7520
 7e4:	656e6769 	0x656e6769
 7e8:	6e692064 	0x6e692064
 7ec:	07020074 	bltzl	t8,9c0 <SRAM_OS_DATA_SIZE+0x140>
 7f0:	6f687302 	0x6f687302
 7f4:	69207472 	0x69207472
 7f8:	0200746e 	0x200746e
 7fc:	00360405 	0x360405
 800:	07040000 	0x7040000
 804:	6e6f6c02 	0x6e6f6c02
 808:	6e692067 	0x6e692067
 80c:	05040074 	0x5040074
 810:	6f6c6602 	0x6f6c6602
 814:	04007461 	bltz	zero,1d99c <SRAM_AP_FRONT_RCODE_ADDR+0x9c>
 818:	6f640204 	0x6f640204
 81c:	656c6275 	0x656c6275
 820:	02040800 	0x2040800
 824:	676e6f6c 	0x676e6f6c
 828:	6e6f6c20 	0x6e6f6c20
 82c:	6e752067 	0x6e752067
 830:	6e676973 	0x6e676973
 834:	69206465 	0x69206465
 838:	0800746e 	j	1d1b8 <SRAM_OS_TASK_STACK_ADDR+0x1bb8>
 83c:	6f6c0207 	0x6f6c0207
 840:	6c20676e 	0x6c20676e
 844:	20676e6f 	addi	a3,v1,28271
 848:	00746e69 	0x746e69
 84c:	75020508 	jalx	4081420 <BANK_SPACE+0x4041420>
 850:	6769736e 	0x6769736e
 854:	2064656e 	addi	a0,v1,25966
 858:	00746e69 	0x746e69
 85c:	75030704 	jalx	40c1c10 <BANK_SPACE+0x4081c10>
 860:	33746e69 	andi	s4,k1,0x6e69
 864:	25020032 	addiu	v0,t0,50
 868:	0000012f 	0x12f
 86c:	746e6902 	jalx	1b9a408 <BANK_SPACE+0x1b5a408>
 870:	02050400 	0x2050400
 874:	72616863 	0x72616863
 878:	04060100 	0x4060100
 87c:	00000036 	tne	zero,zero
 880:	01050704 	0x1050704
 884:	74696177 	jalx	1a585dc <BANK_SPACE+0x1a185dc>
 888:	726f665f 	udi15	s3,t7,t4,0x19
 88c:	6172745f 	0x6172745f
 890:	0100736e 	0x100736e
 894:	9e050119 	0x9e050119
 898:	9e2cbfc0 	0x9e2cbfc0
 89c:	6101bfc0 	0x6101bfc0
 8a0:	0001df06 	0x1df06
 8a4:	64680100 	0x64680100
 8a8:	645f7672 	0x645f7672
 8ac:	5f617461 	0x5f617461
 8b0:	646e6573 	0x646e6573
 8b4:	01320100 	0x1320100
 8b8:	bfc09e35 	cache	0x0,-25035(s8)
 8bc:	bfc09e7c 	cache	0x0,-24964(s8)
 8c0:	64076101 	0x64076101
 8c4:	765f7369 	jalx	97dcda4 <BANK_SPACE+0x979cda4>
 8c8:	705f6c61 	0x705f6c61
 8cc:	01007274 	teq	t0,zero,0x1c9
 8d0:	0001df31 	tgeu	zero,at,0x37c
 8d4:	10910200 	beq	a0,s1,10d8 <SRAM_BTCALL_CALLRING_BUF_SIZE+0xd8>
 8d8:	73616d08 	0x73616d08
 8dc:	61765f6b 	0x61765f6b
 8e0:	3301006c 	andi	at,t8,0x6c
 8e4:	0000013f 	0x13f
 8e8:	08009102 	j	24408 <SRAM_BT_HEAD_ADDR+0x2008>
 8ec:	5f736964 	0x5f736964
 8f0:	006c6176 	tne	v1,t4,0x185
 8f4:	013f3401 	0x13f3401
 8f8:	91020000 	lbu	v0,0(t0)
 8fc:	04090004 	tgeiu	zero,4
 900:	0000013f 	0x13f
 904:	64654c0a 	0x64654c0a
 908:	656c735f 	0x656c735f
 90c:	665f7065 	0x665f7065
 910:	00676c61 	0x676c61
 914:	009f1203 	0x9f1203
 918:	01010000 	0x1010000
 91c:	0001ff00 	sll	ra,at,0x1c
 920:	4d000200 	bc3f	1124 <SRAM_BTCALL_CALLRING_BUF_SIZE+0x124>
 924:	04000002 	bltz	zero,930 <SRAM_OS_DATA_SIZE+0xb0>
 928:	0001e801 	movt	sp,zero,$fcc0
 92c:	c09eec00 	ll	s8,-5120(a0)
 930:	c09e84bf 	ll	s8,-31553(a0)
 934:	554e47bf 	bnel	t2,t6,12834 <SRAM_BT_BACK_RCODE_ADDR+0x1834>
 938:	33204320 	andi	zero,t9,0x4320
 93c:	342e342e 	ori	t6,at,0x342e
 940:	70696d20 	0x70696d20
 944:	65647373 	0x65647373
 948:	302e362d 	andi	t6,at,0x362d
 94c:	31302e36 	andi	s0,t1,0x2e36
 950:	3030322d 	andi	s0,at,0x322d
 954:	32343037 	andi	s4,s1,0x3037
 958:	73010030 	0x73010030
 95c:	5f767264 	0x5f767264
 960:	73616c66 	0x73616c66
 964:	63735f68 	0x63735f68
 968:	6e656572 	0x6e656572
 96c:	2f00632e 	sltiu	zero,t8,25390
 970:	64677963 	0x64677963
 974:	65766972 	0x65766972
 978:	612f642f 	0x612f642f
 97c:	6f697463 	0x6f697463
 980:	732f736e 	0x732f736e
 984:	64736474 	0x64736474
 988:	6f632f6b 	0x6f632f6b
 98c:	752f6564 	jalx	4bd9590 <BANK_SPACE+0x4b99590>
 990:	32383273 	andi	t8,s1,0x3273
 994:	31765f61 	andi	s6,t3,0x5f61
 998:	2f706d37 	sltiu	s0,k1,27959
 99c:	65736163 	0x65736163
 9a0:	7672642f 	jalx	9c990bc <BANK_SPACE+0x9c590bc>
 9a4:	44454c2f 	0x44454c2f
 9a8:	4553375f 	0x4553375f
 9ac:	75020047 	jalx	408011c <BANK_SPACE+0x404011c>
 9b0:	6769736e 	0x6769736e
 9b4:	2064656e 	addi	a0,v1,25966
 9b8:	72616863 	0x72616863
 9bc:	02080100 	0x2080100
 9c0:	6e676973 	0x6e676973
 9c4:	63206465 	0x63206465
 9c8:	00726168 	0x726168
 9cc:	73020601 	0x73020601
 9d0:	74726f68 	jalx	1c9bda0 <BANK_SPACE+0x1c5bda0>
 9d4:	736e7520 	0x736e7520
 9d8:	656e6769 	0x656e6769
 9dc:	6e692064 	0x6e692064
 9e0:	07020074 	bltzl	t8,bb4 <SRAM_COMMON_BT_MANAGER_SIZE+0xb4>
 9e4:	6f687302 	0x6f687302
 9e8:	69207472 	0x69207472
 9ec:	0200746e 	0x200746e
 9f0:	00480305 	0x480305
 9f4:	07040000 	0x7040000
 9f8:	6e6f6c02 	0x6e6f6c02
 9fc:	6e692067 	0x6e692067
 a00:	05040074 	0x5040074
 a04:	6f6c6602 	0x6f6c6602
 a08:	04007461 	bltz	zero,1db90 <SRAM_AP_FRONT_RCODE_ADDR+0x290>
 a0c:	6f640204 	0x6f640204
 a10:	656c6275 	0x656c6275
 a14:	02040800 	0x2040800
 a18:	676e6f6c 	0x676e6f6c
 a1c:	6e6f6c20 	0x6e6f6c20
 a20:	6e752067 	0x6e752067
 a24:	6e676973 	0x6e676973
 a28:	69206465 	0x69206465
 a2c:	0800746e 	j	1d1b8 <SRAM_OS_TASK_STACK_ADDR+0x1bb8>
 a30:	6f6c0207 	0x6f6c0207
 a34:	6c20676e 	0x6c20676e
 a38:	20676e6f 	addi	a3,v1,28271
 a3c:	00746e69 	0x746e69
 a40:	75020508 	jalx	4081420 <BANK_SPACE+0x4041420>
 a44:	6769736e 	0x6769736e
 a48:	2064656e 	addi	a0,v1,25966
 a4c:	00746e69 	0x746e69
 a50:	75040704 	jalx	4101c10 <BANK_SPACE+0x40c1c10>
 a54:	38746e69 	xori	s4,v1,0x6e69
 a58:	91150200 	lbu	s5,512(t0)
 a5c:	04000000 	bltz	zero,a60 <SRAM_AP_BACK_CODEC_RCODE_SIZE+0x60>
 a60:	746e6975 	jalx	1b9a5d4 <BANK_SPACE+0x1b5a5d4>
 a64:	02003233 	tltu	s0,zero,0xc8
 a68:	00012525 	0x12525
 a6c:	6e690200 	0x6e690200
 a70:	05040074 	0x5040074
 a74:	61686302 	0x61686302
 a78:	06010072 	bgez	s0,c44 <SRAM_ASRC_BUF_1_SIZE+0x44>
 a7c:	00004803 	sra	t1,zero,0x0
 a80:	05070400 	0x5070400
 a84:	01be0604 	0x1be0604
 a88:	73010000 	madd	t8,at
 a8c:	5f767264 	0x5f767264
 a90:	73616c66 	0x73616c66
 a94:	63735f68 	0x63735f68
 a98:	6e656572 	0x6e656572
 a9c:	011a0100 	0x11a0100
 aa0:	bfc09e85 	cache	0x0,-24955(s8)
 aa4:	bfc09edc 	cache	0x0,-24868(s8)
 aa8:	6f076101 	0x6f076101
 aac:	66666f6e 	0x66666f6e
 ab0:	35190100 	ori	t9,t0,0x100
 ab4:	02000001 	movf	zero,s0,$fcc0
 ab8:	6e070891 	0x6e070891
 abc:	326c6c75 	andi	t4,s3,0x6c75
 ac0:	66190100 	0x66190100
 ac4:	02000001 	movf	zero,s0,$fcc0
 ac8:	6e070c91 	0x6e070c91
 acc:	336c6c75 	andi	t4,k1,0x6c75
 ad0:	66190100 	0x66190100
 ad4:	02000001 	movf	zero,s0,$fcc0
 ad8:	08001091 	j	4244 <SRAM_AP_BANK_BACK_AL_1_SIZE+0x244>
 adc:	5f6b6162 	0x5f6b6162
 ae0:	5f676573 	0x5f676573
 ae4:	65657273 	0x65657273
 ae8:	61645f6e 	0x61645f6e
 aec:	00306174 	teq	at,s0,0x185
 af0:	01420c01 	0x1420c01
 af4:	05010000 	bgez	t0,af8 <SRAM_AP_BACK_CODEC_RCODE_SIZE+0xf8>
 af8:	c0bf2003 	ll	ra,8195(a1)
 afc:	6162089f 	0x6162089f
 b00:	65735f6b 	0x65735f6b
 b04:	72735f67 	0x72735f67
 b08:	5f6e6565 	0x5f6e6565
 b0c:	61746164 	0x61746164
 b10:	0d010031 	jal	40400c4 <BANK_SPACE+0x40000c4>
 b14:	00000142 	srl	zero,zero,0x5
 b18:	24030501 	li	v1,1281
 b1c:	009fc0bf 	0x9fc0bf
 b20:	0000027e 	0x27e
 b24:	02c20002 	0x2c20002
 b28:	01040000 	0x1040000
 b2c:	00000259 	0x259
 b30:	16009144 	bnez	s0,fffe5044 <sdrv_flash_screen+0x403db1c0>
 b34:	16009000 	bnez	s0,fffe4b38 <sdrv_flash_screen+0x403dacb4>
 b38:	20554e47 	addi	s5,v0,20039
 b3c:	2e332043 	sltiu	s3,s1,8259
 b40:	20342e34 	addi	s4,at,11828
 b44:	7370696d 	0x7370696d
 b48:	2d656473 	sltiu	a1,t3,25715
 b4c:	36302e36 	ori	s0,s1,0x2e36
 b50:	2d31302e 	sltiu	s1,t1,12334
 b54:	37303032 	ori	s0,t9,0x3032
 b58:	30323430 	andi	s2,at,0x3430
 b5c:	64680100 	0x64680100
 b60:	685f7672 	0x685f7672
 b64:	5f647261 	0x5f647261
 b68:	74696e69 	jalx	1a5b9a4 <BANK_SPACE+0x1a1b9a4>
 b6c:	2f00632e 	sltiu	zero,t8,25390
 b70:	64677963 	0x64677963
 b74:	65766972 	0x65766972
 b78:	612f642f 	0x612f642f
 b7c:	6f697463 	0x6f697463
 b80:	732f736e 	0x732f736e
 b84:	64736474 	0x64736474
 b88:	6f632f6b 	0x6f632f6b
 b8c:	752f6564 	jalx	4bd9590 <BANK_SPACE+0x4b99590>
 b90:	32383273 	andi	t8,s1,0x3273
 b94:	31765f61 	andi	s6,t3,0x5f61
 b98:	2f706d37 	sltiu	s0,k1,27959
 b9c:	65736163 	0x65736163
 ba0:	7672642f 	jalx	9c990bc <BANK_SPACE+0x9c590bc>
 ba4:	44454c2f 	0x44454c2f
 ba8:	4553375f 	0x4553375f
 bac:	75020047 	jalx	408011c <BANK_SPACE+0x404011c>
 bb0:	6769736e 	0x6769736e
 bb4:	2064656e 	addi	a0,v1,25966
 bb8:	72616863 	0x72616863
 bbc:	03080100 	0x3080100
 bc0:	38544e49 	xori	s4,v0,0x4e49
 bc4:	0f030055 	jal	c0c0154 <BANK_SPACE+0xc080154>
 bc8:	0000008e 	0x8e
 bcc:	67697302 	0x67697302
 bd0:	2064656e 	addi	a0,v1,25966
 bd4:	72616863 	0x72616863
 bd8:	02060100 	0x2060100
 bdc:	726f6873 	0x726f6873
 be0:	6e752074 	0x6e752074
 be4:	6e676973 	0x6e676973
 be8:	69206465 	0x69206465
 bec:	0200746e 	0x200746e
 bf0:	68730207 	0x68730207
 bf4:	2074726f 	addi	s4,v1,29295
 bf8:	00746e69 	0x746e69
 bfc:	5a040502 	0x5a040502
 c00:	04000000 	bltz	zero,c04 <SRAM_ASRC_BUF_1_SIZE+0x4>
 c04:	6f6c0207 	0x6f6c0207
 c08:	6920676e 	0x6920676e
 c0c:	0400746e 	bltz	zero,1ddc8 <SRAM_AP_FRONT_RCODE_ADDR+0x4c8>
 c10:	6c660205 	0x6c660205
 c14:	0074616f 	0x74616f
 c18:	64020404 	0x64020404
 c1c:	6c62756f 	0x6c62756f
 c20:	04080065 	tgei	zero,101
 c24:	6e6f6c02 	0x6e6f6c02
 c28:	6f6c2067 	0x6f6c2067
 c2c:	7520676e 	jalx	4819db8 <BANK_SPACE+0x47d9db8>
 c30:	6769736e 	0x6769736e
 c34:	2064656e 	addi	a0,v1,25966
 c38:	00746e69 	0x746e69
 c3c:	6c020708 	0x6c020708
 c40:	20676e6f 	addi	a3,v1,28271
 c44:	676e6f6c 	0x676e6f6c
 c48:	746e6920 	jalx	1b9a480 <BANK_SPACE+0x1b5a480>
 c4c:	02050800 	0x2050800
 c50:	69736e75 	0x69736e75
 c54:	64656e67 	0x64656e67
 c58:	746e6920 	jalx	1b9a480 <BANK_SPACE+0x1b5a480>
 c5c:	03070400 	0x3070400
 c60:	746e6975 	jalx	1b9a5d4 <BANK_SPACE+0x1b5a5d4>
 c64:	15020038 	bne	t0,v0,d48 <SRAM_BT_EXT3_BANK_SIZE+0x48>
 c68:	0000008e 	0x8e
 c6c:	746e6902 	jalx	1b9a408 <BANK_SPACE+0x1b5a408>
 c70:	02050400 	0x2050400
 c74:	72616863 	0x72616863
 c78:	04060100 	0x4060100
 c7c:	0000005a 	0x5a
 c80:	01050704 	0x1050704
 c84:	76726468 	jalx	9c991a0 <BANK_SPACE+0x9c591a0>
 c88:	7465735f 	jalx	195cd7c <BANK_SPACE+0x191cd7c>
 c8c:	70666d5f 	udi15	v1,a2,t5,0x15
 c90:	5f6f745f 	0x5f6f745f
 c94:	66696d65 	0x66696d65
 c98:	011b0100 	0x11b0100
 c9c:	16009001 	bnez	s0,fffe4ca4 <sdrv_flash_screen+0x403dae20>
 ca0:	16009050 	bnez	s0,fffe4de4 <sdrv_flash_screen+0x403daf60>
 ca4:	01056101 	0x1056101
 ca8:	76726468 	jalx	9c991a0 <BANK_SPACE+0x9c591a0>
 cac:	7465735f 	jalx	195cd7c <BANK_SPACE+0x191cd7c>
 cb0:	64656c5f 	0x64656c5f
 cb4:	01350100 	0x1350100
 cb8:	16009065 	bnez	s0,fffe4e50 <sdrv_flash_screen+0x403dafcc>
 cbc:	1600909c 	bnez	s0,fffe4f30 <sdrv_flash_screen+0x403db0ac>
 cc0:	01056101 	0x1056101
 cc4:	76726468 	jalx	9c991a0 <BANK_SPACE+0x9c591a0>
 cc8:	7261685f 	udi15	s3,at,t5,0x1
 ccc:	6e695f64 	0x6e695f64
 cd0:	01007469 	0x1007469
 cd4:	90b1014b 	lbu	s1,331(a1)
 cd8:	90c81600 	lbu	t0,5632(a2)
 cdc:	61011600 	0x61011600
 ce0:	00021506 	0x21506
 ce4:	64730100 	0x64730100
 ce8:	775f7672 	jalx	d7dd9c8 <BANK_SPACE+0xd79d9c8>
 cec:	5f656b61 	0x5f656b61
 cf0:	4c5f7075 	0x4c5f7075
 cf4:	645f4445 	0x645f4445
 cf8:	6c707369 	0x6c707369
 cfc:	01007961 	0x1007961
 d00:	013f015d 	0x13f015d
 d04:	90c90000 	lbu	t1,0(a2)
 d08:	90f81600 	lbu	t8,5632(a3)
 d0c:	61011600 	0x61011600
 d10:	01006107 	0x1006107
 d14:	00013f5c 	0x13f5c
 d18:	10910200 	beq	a0,s1,151c <SRAM_BTCALL_CALLRING_BUF_SIZE+0x51c>
 d1c:	01006207 	0x1006207
 d20:	00013f5c 	0x13f5c
 d24:	14910200 	bne	a0,s1,1528 <SRAM_BTCALL_CALLRING_BUF_SIZE+0x528>
 d28:	01006307 	0x1006307
 d2c:	00013f5c 	0x13f5c
 d30:	18910200 	0x18910200
 d34:	02640800 	0x2640800
 d38:	73010000 	madd	t8,at
 d3c:	5f767264 	0x5f767264
 d40:	65656c73 	0x65656c73
 d44:	454c5f70 	0x454c5f70
 d48:	69645f44 	0x69645f44
 d4c:	616c7073 	0x616c7073
 d50:	70010079 	0x70010079
 d54:	0090fd01 	0x90fd01
 d58:	00913416 	0x913416
 d5c:	07610116 	bgez	k1,11b8 <SRAM_BTCALL_CALLRING_BUF_SIZE+0x1b8>
 d60:	6f010061 	0x6f010061
 d64:	0000013f 	0x13f
 d68:	07089102 	tgei	t8,-28414
 d6c:	6f010062 	0x6f010062
 d70:	0000013f 	0x13f
 d74:	070c9102 	teqi	t8,-28414
 d78:	6f010063 	0x6f010063
 d7c:	0000013f 	0x13f
 d80:	00109102 	srl	s2,s0,0x4
 d84:	64654c09 	0x64654c09
 d88:	656c735f 	0x656c735f
 d8c:	665f7065 	0x665f7065
 d90:	00676c61 	0x676c61
 d94:	009f0f01 	0x9f0f01
 d98:	05010000 	bgez	t0,d9c <SRAM_BT_EXT3_BANK_SIZE+0x9c>
 d9c:	c0bf1403 	ll	ra,5123(a1)
 da0:	01e6009f 	0x1e6009f
 da4:	00020000 	sll	zero,v0,0x0
 da8:	0000035e 	0x35e
 dac:	03130104 	0x3130104
 db0:	91720000 	lbu	s2,0(t3)
 db4:	91441600 	lbu	a0,5632(t2)
 db8:	4e471600 	c3	0x471600
 dbc:	20432055 	addi	v1,v0,8277
 dc0:	2e342e33 	sltiu	s4,s1,11827
 dc4:	696d2034 	0x696d2034
 dc8:	64737370 	0x64737370
 dcc:	2e362d65 	sltiu	s6,s1,11621
 dd0:	302e3630 	andi	t6,at,0x3630
 dd4:	30322d31 	andi	s2,at,0x2d31
 dd8:	34303730 	ori	s0,at,0x3730
 ddc:	01003032 	tlt	t0,zero,0xc0
 de0:	6b6e6162 	0x6b6e6162
 de4:	6c5f615f 	0x6c5f615f
 de8:	695f6465 	0x695f6465
 dec:	2e74696e 	sltiu	s4,s3,26990
 df0:	632f0063 	0x632f0063
 df4:	72646779 	0x72646779
 df8:	2f657669 	sltiu	a1,k1,30313
 dfc:	63612f64 	0x63612f64
 e00:	6e6f6974 	0x6e6f6974
 e04:	74732f73 	jalx	1ccbdcc <BANK_SPACE+0x1c8bdcc>
 e08:	6b647364 	0x6b647364
 e0c:	646f632f 	0x646f632f
 e10:	73752f65 	0x73752f65
 e14:	61323832 	0x61323832
 e18:	3731765f 	ori	s1,t9,0x765f
 e1c:	632f706d 	0x632f706d
 e20:	2f657361 	sltiu	a1,k1,29537
 e24:	2f767264 	sltiu	s6,k1,29284
 e28:	5f44454c 	0x5f44454c
 e2c:	47455337 	c1	0x1455337
 e30:	6e750200 	0x6e750200
 e34:	6e676973 	0x6e676973
 e38:	63206465 	0x63206465
 e3c:	00726168 	0x726168
 e40:	73020801 	0x73020801
 e44:	656e6769 	0x656e6769
 e48:	68632064 	0x68632064
 e4c:	01007261 	0x1007261
 e50:	68730206 	0x68730206
 e54:	2074726f 	addi	s4,v1,29295
 e58:	69736e75 	0x69736e75
 e5c:	64656e67 	0x64656e67
 e60:	746e6920 	jalx	1b9a480 <BANK_SPACE+0x1b5a480>
 e64:	02070200 	0x2070200
 e68:	726f6873 	0x726f6873
 e6c:	6e692074 	0x6e692074
 e70:	05020074 	bltzl	t0,1044 <SRAM_BTCALL_CALLRING_BUF_SIZE+0x44>
 e74:	00006c03 	sra	t5,zero,0x10
 e78:	02070400 	0x2070400
 e7c:	676e6f6c 	0x676e6f6c
 e80:	746e6920 	jalx	1b9a480 <BANK_SPACE+0x1b5a480>
 e84:	02050400 	0x2050400
 e88:	616f6c66 	0x616f6c66
 e8c:	04040074 	0x4040074
 e90:	756f6402 	jalx	5bd9008 <BANK_SPACE+0x5b99008>
 e94:	00656c62 	0x656c62
 e98:	6c020408 	0x6c020408
 e9c:	20676e6f 	addi	a3,v1,28271
 ea0:	676e6f6c 	0x676e6f6c
 ea4:	736e7520 	0x736e7520
 ea8:	656e6769 	0x656e6769
 eac:	6e692064 	0x6e692064
 eb0:	07080074 	tgei	t8,116
 eb4:	6e6f6c02 	0x6e6f6c02
 eb8:	6f6c2067 	0x6f6c2067
 ebc:	6920676e 	0x6920676e
 ec0:	0800746e 	j	1d1b8 <SRAM_OS_TASK_STACK_ADDR+0x1bb8>
 ec4:	6e750205 	0x6e750205
 ec8:	6e676973 	0x6e676973
 ecc:	69206465 	0x69206465
 ed0:	0400746e 	bltz	zero,1e08c <SRAM_AP_FRONT_RCODE_ADDR+0x78c>
 ed4:	6e690207 	0x6e690207
 ed8:	05040074 	0x5040074
 edc:	61686302 	0x61686302
 ee0:	06010072 	bgez	s0,10ac <SRAM_BTCALL_CALLRING_BUF_SIZE+0xac>
 ee4:	00006c03 	sra	t5,zero,0x10
 ee8:	04070400 	0x4070400
 eec:	019c0504 	0x19c0504
 ef0:	6c010000 	0x6c010000
 ef4:	695f6465 	0x695f6465
 ef8:	0074696e 	0x74696e
 efc:	33011c01 	andi	at,t8,0x1c01
 f00:	45000001 	bc1f	f08 <SRAM_ASRC_BUF_0_SIZE+0x108>
 f04:	5c160091 	0x5c160091
 f08:	01160091 	0x1160091
 f0c:	756e0661 	jalx	5b81984 <BANK_SPACE+0x5b41984>
 f10:	00306c6c 	0x306c6c
 f14:	01491b01 	0x1491b01
 f18:	91020000 	lbu	v0,0(t0)
 f1c:	756e0608 	jalx	5b81820 <BANK_SPACE+0x5b41820>
 f20:	00316c6c 	0x316c6c
 f24:	01491b01 	0x1491b01
 f28:	91020000 	lbu	v0,0(t0)
 f2c:	756e060c 	jalx	5b81830 <BANK_SPACE+0x5b41830>
 f30:	00326c6c 	0x326c6c
 f34:	01491b01 	0x1491b01
 f38:	91020000 	lbu	v0,0(t0)
 f3c:	01070010 	0x1070010
 f40:	5f64656c 	0x5f64656c
 f44:	74697865 	jalx	1a5e194 <BANK_SPACE+0x1a1e194>
 f48:	012d0100 	0x12d0100
 f4c:	00000133 	tltu	zero,zero,0x4
 f50:	16009161 	bnez	s0,fffe54d8 <sdrv_flash_screen+0x403db654>
 f54:	16009172 	bnez	s0,fffe5520 <sdrv_flash_screen+0x403db69c>
 f58:	6e066101 	0x6e066101
 f5c:	306c6c75 	andi	t4,v1,0x6c75
 f60:	492c0100 	0x492c0100
 f64:	02000001 	movf	zero,s0,$fcc0
 f68:	6e060891 	0x6e060891
 f6c:	316c6c75 	andi	t4,t3,0x6c75
 f70:	492c0100 	0x492c0100
 f74:	02000001 	movf	zero,s0,$fcc0
 f78:	6e060c91 	0x6e060c91
 f7c:	326c6c75 	andi	t4,s3,0x6c75
 f80:	492c0100 	0x492c0100
 f84:	02000001 	movf	zero,s0,$fcc0
 f88:	00001091 	0x1091
Disassembly of section .debug_line:

00000000 <.debug_line>:
   0:	0000002e 	0x2e
   4:	00280002 	ror	zero,t0,0x0
   8:	01010000 	0x1010000
   c:	000a0efb 	0xa0efb
  10:	01010101 	0x1010101
  14:	01000000 	0x1000000
  18:	6f637200 	0x6f637200
  1c:	6c5f6564 	0x6c5f6564
  20:	6f5f6465 	0x6f5f6465
  24:	6e655f70 	0x6e655f70
  28:	2e797274 	sltiu	t9,s3,29300
  2c:	00000063 	0x63
  30:	00790000 	0x790000
  34:	00020000 	sll	zero,v0,0x0
  38:	0000005e 	0x5e
  3c:	0efb0101 	jal	bec0404 <BANK_SPACE+0xbe80404>
  40:	0101000a 	movz	zero,t0,at
  44:	00000101 	0x101
  48:	2f2e0100 	sltiu	t6,t9,256
  4c:	2e2f2e2e 	sltiu	t7,s1,11822
  50:	2e2e2f2e 	sltiu	t6,s1,12078
  54:	7073702f 	0x7073702f
  58:	6c65725f 	0x6c65725f
  5c:	636e692f 	0x636e692f
  60:	6564756c 	0x6564756c
  64:	64730000 	0x64730000
  68:	635f7672 	0x635f7672
  6c:	7261656c 	0x7261656c
  70:	7263735f 	udi15	s3,v1,t6,0xd
  74:	2e6e6565 	sltiu	t6,s3,25957
  78:	00000063 	0x63
  7c:	70797400 	0x70797400
  80:	74786565 	jalx	1e19594 <BANK_SPACE+0x1dd9594>
  84:	0100682e 	0x100682e
  88:	656c0000 	0x656c0000
  8c:	6e695f64 	0x6e695f64
  90:	2e72656e 	sltiu	s2,s3,25966
  94:	00000068 	0x68
  98:	05000000 	bltz	t0,9c <SRAM_CARD_DATA_SIZE+0x1c>
  9c:	c09c0102 	ll	gp,258(a0)
  a0:	011803bf 	0x11803bf
  a4:	999d499c 	lwr	sp,18844(t4)
  a8:	0d028084 	jal	40a0210 <BANK_SPACE+0x4060210>
  ac:	81010100 	lb	at,256(t0)
  b0:	02000000 	0x2000000
  b4:	00004e00 	sll	t1,zero,0x18
  b8:	fb010100 	sdc2	$1,256(t8)
  bc:	01000a0e 	0x1000a0e
  c0:	00010101 	0x10101
  c4:	2e010000 	sltiu	at,s0,0
  c8:	2f2e2e2f 	sltiu	t6,t9,11823
  cc:	2e2f2e2e 	sltiu	t7,s1,11822
  d0:	73702f2e 	0x73702f2e
  d4:	65725f70 	0x65725f70
  d8:	6e692f6c 	0x6e692f6c
  dc:	64756c63 	0x64756c63
  e0:	73000065 	0x73000065
  e4:	5f767264 	0x5f767264
  e8:	5f64656c 	0x5f64656c
  ec:	70736964 	0x70736964
  f0:	2e79616c 	sltiu	t9,s3,24940
  f4:	00000063 	0x63
  f8:	70797400 	0x70797400
  fc:	74786565 	jalx	1e19594 <BANK_SPACE+0x1dd9594>
 100:	0100682e 	0x100682e
 104:	00000000 	nop
 108:	9c410205 	0x9c410205
 10c:	ac03bfc0 	sw	v1,-16448(zero)
 110:	9ef40101 	0x9ef40101
 114:	089eb99d 	j	27ae674 <BANK_SPACE+0x276e674>
 118:	152402ca 	bne	t1,a0,c44 <SRAM_ASRC_BUF_1_SIZE+0x44>
 11c:	9e9f684a 	0x9e9f684a
 120:	02ba5708 	0x2ba5708
 124:	73031428 	0x73031428
 128:	03012c02 	0x3012c02
 12c:	02807f13 	0x2807f13
 130:	0101001f 	0x101001f
 134:	000000b0 	tge	zero,zero,0x2
 138:	008b0002 	0x8b0002
 13c:	01010000 	0x1010000
 140:	000a0efb 	0xa0efb
 144:	01010101 	0x1010101
 148:	01000000 	0x1000000
 14c:	2e2e2f2e 	sltiu	t6,s1,12078
 150:	2f2e2e2f 	sltiu	t6,t9,11823
 154:	702f2e2e 	0x702f2e2e
 158:	725f7073 	0x725f7073
 15c:	692f6c65 	0x692f6c65
 160:	756c636e 	jalx	5b18db8 <BANK_SPACE+0x5ad8db8>
 164:	2e006564 	sltiu	zero,s0,25956
 168:	2f2e2e2f 	sltiu	t6,t9,11823
 16c:	2e2f2e2e 	sltiu	t7,s1,11822
 170:	73702f2e 	0x73702f2e
 174:	65725f70 	0x65725f70
 178:	6e692f6c 	0x6e692f6c
 17c:	64756c63 	0x64756c63
 180:	63752f65 	0x63752f65
 184:	0000736f 	0x736f
 188:	76726468 	jalx	9c991a0 <BANK_SPACE+0x9c591a0>
 18c:	7261685f 	udi15	s3,at,t5,0x1
 190:	65645f64 	0x65645f64
 194:	632e6c61 	0x632e6c61
 198:	00000000 	nop
 19c:	65707974 	0x65707974
 1a0:	2e747865 	sltiu	s4,s3,30821
 1a4:	00010068 	0x10068
 1a8:	64656c00 	0x64656c00
 1ac:	6e6e695f 	0x6e6e695f
 1b0:	682e7265 	0x682e7265
 1b4:	00000000 	nop
 1b8:	736f6375 	0x736f6375
 1bc:	7079745f 	udi15	v1,t9,t6,0x11
 1c0:	682e7365 	0x682e7365
 1c4:	00000200 	sll	zero,zero,0x8
 1c8:	02050000 	0x2050000
 1cc:	bfc09e05 	cache	0x0,-25083(s8)
 1d0:	48011803 	mfc2	at,$3,3
 1d4:	682d9dba 	0x682d9dba
 1d8:	64d30c03 	0x64d30c03
 1dc:	65f1654a 	0x65f1654a
 1e0:	0264f265 	0x264f265
 1e4:	0101000d 	break	0x101
 1e8:	0000006d 	0x6d
 1ec:	004f0002 	0x4f0002
 1f0:	01010000 	0x1010000
 1f4:	000a0efb 	0xa0efb
 1f8:	01010101 	0x1010101
 1fc:	01000000 	0x1000000
 200:	2e2e2f2e 	sltiu	t6,s1,12078
 204:	2f2e2e2f 	sltiu	t6,t9,11823
 208:	702f2e2e 	0x702f2e2e
 20c:	725f7073 	0x725f7073
 210:	692f6c65 	0x692f6c65
 214:	756c636e 	jalx	5b18db8 <BANK_SPACE+0x5ad8db8>
 218:	00006564 	0x6564
 21c:	76726473 	jalx	9c991cc <BANK_SPACE+0x9c591cc>
 220:	616c665f 	0x616c665f
 224:	735f6873 	0x735f6873
 228:	65657263 	0x65657263
 22c:	00632e6e 	0x632e6e
 230:	74000000 	jalx	0 <DRV_GROUP_STG_BASE>
 234:	65657079 	0x65657079
 238:	682e7478 	0x682e7478
 23c:	00000100 	sll	zero,zero,0x4
 240:	02050000 	0x2050000
 244:	bfc09e85 	cache	0x0,-24955(s8)
 248:	b8011903 	swr	at,6403(zero)
 24c:	64808049 	0x64808049
 250:	64d6d483 	0x64d6d483
 254:	01001702 	0x1001702
 258:	0000b601 	0xb601
 25c:	7c000200 	0x7c000200
 260:	01000000 	0x1000000
 264:	0a0efb01 	j	83bec04 <BANK_SPACE+0x837ec04>
 268:	01010100 	0x1010100
 26c:	00000001 	movf	zero,zero,$fcc0
 270:	2e2f2e01 	sltiu	t7,s1,11777
 274:	2e2e2f2e 	sltiu	t6,s1,12078
 278:	2f2e2e2f 	sltiu	t6,t9,11823
 27c:	5f707370 	0x5f707370
 280:	2f6c6572 	sltiu	t4,k1,25970
 284:	6c636e69 	0x6c636e69
 288:	00656475 	0x656475
 28c:	2e2e2f2e 	sltiu	t6,s1,12078
 290:	2f2e2e2f 	sltiu	t6,t9,11823
 294:	702f2e2e 	0x702f2e2e
 298:	725f7073 	0x725f7073
 29c:	692f6c65 	0x692f6c65
 2a0:	756c636e 	jalx	5b18db8 <BANK_SPACE+0x5ad8db8>
 2a4:	752f6564 	jalx	4bd9590 <BANK_SPACE+0x4b99590>
 2a8:	00736f63 	0x736f63
 2ac:	72646800 	0x72646800
 2b0:	61685f76 	0x61685f76
 2b4:	695f6472 	0x695f6472
 2b8:	2e74696e 	sltiu	s4,s3,26990
 2bc:	00000063 	0x63
 2c0:	70797400 	0x70797400
 2c4:	74786565 	jalx	1e19594 <BANK_SPACE+0x1dd9594>
 2c8:	0100682e 	0x100682e
 2cc:	63750000 	0x63750000
 2d0:	745f736f 	jalx	17dcdbc <BANK_SPACE+0x179cdbc>
 2d4:	73657079 	0x73657079
 2d8:	0200682e 	0x200682e
 2dc:	00000000 	nop
 2e0:	90010205 	lbu	at,517(zero)
 2e4:	1a031600 	0x1a031600
 2e8:	baf04901 	swr	s0,18689(s7)
 2ec:	03d7b9d6 	0x3d7b9d6
 2f0:	49a9080b 	0x49a9080b
 2f4:	64b8d6b9 	0x64b8d6b9
 2f8:	a9080d03 	swl	t0,3331(t0)
 2fc:	03646549 	0x3646549
 300:	65f07f0d 	0x65f07f0d
 304:	03486564 	0x3486564
 308:	65f1d30c 	0x65f1d30c
 30c:	1702b8d5 	bne	t8,v0,fffee664 <sdrv_flash_screen+0x403e47e0>
 310:	42010100 	c0	0x10100
 314:	02000000 	0x2000000
 318:	00002500 	sll	a0,zero,0x14
 31c:	fb010100 	sdc2	$1,256(t8)
 320:	01000a0e 	0x1000a0e
 324:	00010101 	0x10101
 328:	00010000 	sll	zero,at,0x0
 32c:	6b6e6162 	0x6b6e6162
 330:	6c5f615f 	0x6c5f615f
 334:	695f6465 	0x695f6465
 338:	2e74696e 	sltiu	s4,s3,26990
 33c:	00000063 	0x63
 340:	05000000 	bltz	t0,344 <SRAM_FS_DATA_SIZE+0x44>
 344:	00914502 	0x914502
 348:	011b0316 	0x11b0316
 34c:	032c489c 	0x32c489c
 350:	2c9cb70e 	sltiu	gp,a0,-18674
 354:	01000502 	0x1000502
 358:	Address 0x358 is out of bounds.

Disassembly of section .debug_pubnames:

00000000 <.debug_pubnames>:
   0:	00000020 	add	zero,zero,zero
   4:	00000002 	srl	zero,zero,0x0
   8:	025b0000 	0x25b0000
   c:	023e0000 	0x23e0000
  10:	656c0000 	0x656c0000
  14:	72645f64 	0x72645f64
  18:	72657669 	0x72657669
  1c:	00706f5f 	0x706f5f
  20:	00000000 	nop
  24:	00000024 	and	zero,zero,zero
  28:	025b0002 	0x25b0002
  2c:	01e10000 	0x1e10000
  30:	016a0000 	0x16a0000
  34:	64730000 	0x64730000
  38:	635f7672 	0x635f7672
  3c:	7261656c 	0x7261656c
  40:	7263735f 	udi15	s3,v1,t6,0xd
  44:	006e6565 	0x6e6565
  48:	00000000 	nop
  4c:	00000066 	0x66
  50:	043c0002 	0x43c0002
  54:	02e30000 	0x2e30000
  58:	01670000 	0x1670000
  5c:	64730000 	0x64730000
  60:	6c5f7672 	0x6c5f7672
  64:	645f6465 	0x645f6465
  68:	6c707369 	0x6c707369
  6c:	02007961 	0x2007961
  70:	63000002 	0x63000002
  74:	645f7275 	0x645f7275
  78:	61767369 	0x61767369
  7c:	0230006c 	0x230006c
  80:	63690000 	0x63690000
  84:	735f6e6f 	0x735f6e6f
  88:	5c007465 	bgtzl	zero,1d220 <SRAM_OS_TASK_STACK_ADDR+0x1c20>
  8c:	73000002 	mul	zero,t8,zero
  90:	765f6765 	jalx	97d9d94 <BANK_SPACE+0x9799d94>
  94:	8d006c61 	lw	zero,27745(t0)
  98:	69000002 	0x69000002
  9c:	5f6e6f63 	0x5f6e6f63
  a0:	736c6176 	0x736c6176
  a4:	0002c600 	sll	t8,v0,0x18
  a8:	6d756e00 	0x6d756e00
  ac:	6c61765f 	0x6c61765f
  b0:	00000073 	tltu	zero,zero,0x1
  b4:	00340000 	0x340000
  b8:	00020000 	sll	zero,v0,0x0
  bc:	0000071f 	0x71f
  c0:	000001fe 	0x1fe
  c4:	00000163 	0x163
  c8:	74696177 	jalx	1a585dc <BANK_SPACE+0x1a185dc>
  cc:	726f665f 	udi15	s3,t7,t4,0x19
  d0:	6172745f 	0x6172745f
  d4:	8100736e 	lb	zero,29550(t0)
  d8:	68000001 	0x68000001
  dc:	5f767264 	0x5f767264
  e0:	61746164 	0x61746164
  e4:	6e65735f 	0x6e65735f
  e8:	00000064 	0x64
  ec:	00540000 	0x540000
  f0:	00020000 	sll	zero,v0,0x0
  f4:	0000091d 	0x91d
  f8:	00000203 	sra	zero,zero,0x8
  fc:	00000168 	0x168
 100:	76726473 	jalx	9c991cc <BANK_SPACE+0x9c591cc>
 104:	616c665f 	0x616c665f
 108:	735f6873 	0x735f6873
 10c:	65657263 	0x65657263
 110:	01be006e 	0x1be006e
 114:	61620000 	0x61620000
 118:	65735f6b 	0x65735f6b
 11c:	72735f67 	0x72735f67
 120:	5f6e6565 	0x5f6e6565
 124:	61746164 	0x61746164
 128:	01e00030 	tge	t7,zero
 12c:	61620000 	0x61620000
 130:	65735f6b 	0x65735f6b
 134:	72735f67 	0x72735f67
 138:	5f6e6565 	0x5f6e6565
 13c:	61746164 	0x61746164
 140:	00000031 	tgeu	zero,zero
 144:	00960000 	0x960000
 148:	00020000 	sll	zero,v0,0x0
 14c:	00000b20 	0xb20
 150:	00000282 	srl	zero,zero,0xa
 154:	00000162 	0x162
 158:	76726468 	jalx	9c991a0 <BANK_SPACE+0x9c591a0>
 15c:	7465735f 	jalx	195cd7c <BANK_SPACE+0x191cd7c>
 160:	70666d5f 	udi15	v1,a2,t5,0x15
 164:	5f6f745f 	0x5f6f745f
 168:	66696d65 	0x66696d65
 16c:	00018600 	sll	s0,at,0x18
 170:	72646800 	0x72646800
 174:	65735f76 	0x65735f76
 178:	656c5f74 	0x656c5f74
 17c:	01a20064 	0x1a20064
 180:	64680000 	0x64680000
 184:	685f7672 	0x685f7672
 188:	5f647261 	0x5f647261
 18c:	74696e69 	jalx	1a5b9a4 <BANK_SPACE+0x1a1b9a4>
 190:	0001c000 	sll	t8,at,0x0
 194:	72647300 	0x72647300
 198:	61775f76 	0x61775f76
 19c:	755f656b 	jalx	57d95ac <BANK_SPACE+0x57995ac>
 1a0:	454c5f70 	0x454c5f70
 1a4:	69645f44 	0x69645f44
 1a8:	616c7073 	0x616c7073
 1ac:	02150079 	0x2150079
 1b0:	64730000 	0x64730000
 1b4:	735f7672 	0x735f7672
 1b8:	7065656c 	0x7065656c
 1bc:	44454c5f 	0x44454c5f
 1c0:	7369645f 	udi15	k1,t1,t4,0x11
 1c4:	79616c70 	0x79616c70
 1c8:	00026400 	sll	t4,v0,0x10
 1cc:	64654c00 	0x64654c00
 1d0:	656c735f 	0x656c735f
 1d4:	665f7065 	0x665f7065
 1d8:	00676c61 	0x676c61
 1dc:	00000000 	nop
 1e0:	00000028 	0x28
 1e4:	0da20002 	jal	6880008 <BANK_SPACE+0x6840008>
 1e8:	01ea0000 	0x1ea0000
 1ec:	014b0000 	0x14b0000
 1f0:	656c0000 	0x656c0000
 1f4:	6e695f64 	0x6e695f64
 1f8:	9c007469 	0x9c007469
 1fc:	6c000001 	0x6c000001
 200:	655f6465 	0x655f6465
 204:	00746978 	0x746978
 208:	00000000 	nop
Disassembly of section .debug_str:

00000000 <.debug_str>:
   0:	676e6f6c 	0x676e6f6c
   4:	736e7520 	0x736e7520
   8:	656e6769 	0x656e6769
   c:	6e692064 	0x6e692064
  10:	6f6c0074 	0x6f6c0074
  14:	7520676e 	jalx	4819db8 <BANK_SPACE+0x47d9db8>
  18:	6769736e 	0x6769736e
  1c:	2064656e 	addi	a0,v1,25966
  20:	00746e69 	0x746e69
  24:	676e6f6c 	0x676e6f6c
  28:	736e7520 	0x736e7520
  2c:	656e6769 	0x656e6769
  30:	6e692064 	0x6e692064
  34:	6f6c0074 	0x6f6c0074
  38:	7520676e 	jalx	4819db8 <BANK_SPACE+0x47d9db8>
  3c:	6769736e 	0x6769736e
  40:	2064656e 	addi	a0,v1,25966
  44:	00746e69 	0x746e69
  48:	676e6f6c 	0x676e6f6c
  4c:	736e7520 	0x736e7520
  50:	656e6769 	0x656e6769
  54:	6e692064 	0x6e692064
  58:	6f6c0074 	0x6f6c0074
  5c:	7520676e 	jalx	4819db8 <BANK_SPACE+0x47d9db8>
  60:	6769736e 	0x6769736e
  64:	2064656e 	addi	a0,v1,25966
  68:	00746e69 	0x746e69
  6c:	676e6f6c 	0x676e6f6c
  70:	736e7520 	0x736e7520
  74:	656e6769 	0x656e6769
  78:	6e692064 	0x6e692064
  7c:	Address 0x7c is out of bounds.

Disassembly of section .comment:

00000000 <.comment>:
   0:	43434700 	c0	0x1434700
   4:	4728203a 	c1	0x128203a
   8:	2029554e 	addi	t1,at,21838
   c:	2e342e33 	sltiu	s4,s1,11827
  10:	696d2034 	0x696d2034
  14:	64737370 	0x64737370
  18:	2e362d65 	sltiu	s6,s1,11621
  1c:	302e3630 	andi	t6,at,0x3630
  20:	30322d31 	andi	s2,at,0x2d31
  24:	34303730 	ori	s0,at,0x3730
  28:	00003032 	tlt	zero,zero,0xc0
  2c:	3a434347 	xori	v1,s2,0x4347
  30:	4e472820 	c3	0x472820
  34:	33202955 	andi	zero,t9,0x2955
  38:	342e342e 	ori	t6,at,0x342e
  3c:	70696d20 	0x70696d20
  40:	65647373 	0x65647373
  44:	302e362d 	andi	t6,at,0x362d
  48:	31302e36 	andi	s0,t1,0x2e36
  4c:	3030322d 	andi	s0,at,0x322d
  50:	32343037 	andi	s4,s1,0x3037
  54:	47000030 	c1	0x1000030
  58:	203a4343 	addi	k0,at,17219
  5c:	554e4728 	bnel	t2,t6,11d00 <SRAM_BT_BACK_RCODE_ADDR+0xd00>
  60:	2e332029 	sltiu	s3,s1,8233
  64:	20342e34 	addi	s4,at,11828
  68:	7370696d 	0x7370696d
  6c:	2d656473 	sltiu	a1,t3,25715
  70:	36302e36 	ori	s0,s1,0x2e36
  74:	2d31302e 	sltiu	s1,t1,12334
  78:	37303032 	ori	s0,t9,0x3032
  7c:	30323430 	andi	s2,at,0x3430
  80:	43470000 	c0	0x1470000
  84:	28203a43 	slti	zero,at,14915
  88:	29554e47 	slti	s5,t2,20039
  8c:	342e3320 	ori	t6,at,0x3320
  90:	6d20342e 	0x6d20342e
  94:	73737069 	0x73737069
  98:	362d6564 	ori	t5,s1,0x6564
  9c:	2e36302e 	sltiu	s6,s1,12334
  a0:	322d3130 	andi	t5,s1,0x3130
  a4:	30373030 	andi	s7,at,0x3030
  a8:	00303234 	teq	at,s0,0xc8
  ac:	43434700 	c0	0x1434700
  b0:	4728203a 	c1	0x128203a
  b4:	2029554e 	addi	t1,at,21838
  b8:	2e342e33 	sltiu	s4,s1,11827
  bc:	696d2034 	0x696d2034
  c0:	64737370 	0x64737370
  c4:	2e362d65 	sltiu	s6,s1,11621
  c8:	302e3630 	andi	t6,at,0x3630
  cc:	30322d31 	andi	s2,at,0x2d31
  d0:	34303730 	ori	s0,at,0x3730
  d4:	00003032 	tlt	zero,zero,0xc0
  d8:	3a434347 	xori	v1,s2,0x4347
  dc:	4e472820 	c3	0x472820
  e0:	33202955 	andi	zero,t9,0x2955
  e4:	342e342e 	ori	t6,at,0x342e
  e8:	70696d20 	0x70696d20
  ec:	65647373 	0x65647373
  f0:	302e362d 	andi	t6,at,0x362d
  f4:	31302e36 	andi	s0,t1,0x2e36
  f8:	3030322d 	andi	s0,at,0x322d
  fc:	32343037 	andi	s4,s1,0x3037
 100:	47000030 	c1	0x1000030
 104:	203a4343 	addi	k0,at,17219
 108:	554e4728 	bnel	t2,t6,11dac <SRAM_BT_BACK_RCODE_ADDR+0xdac>
 10c:	2e332029 	sltiu	s3,s1,8233
 110:	20342e34 	addi	s4,at,11828
 114:	7370696d 	0x7370696d
 118:	2d656473 	sltiu	a1,t3,25715
 11c:	36302e36 	ori	s0,s1,0x2e36
 120:	2d31302e 	sltiu	s1,t1,12334
 124:	37303032 	ori	s0,t9,0x3032
 128:	30323430 	andi	s2,at,0x3430
	...
Disassembly of section .debug_frame:

00000000 <.debug_frame>:
   0:	0000000c 	syscall
   4:	ffffffff 	sdc3	$31,-1(ra)
   8:	04010001 	b	10 <SRAM_CARD_GLOBAL_DATA_SIZE>
   c:	001d0c1f 	0x1d0c1f
  10:	00000020 	add	zero,zero,zero
  14:	00000000 	nop
  18:	bfc09c01 	cache	0x0,-25599(s8)
  1c:	00000037 	0x37
  20:	0e040e42 	jal	8103908 <BANK_SPACE+0x80c3908>
  24:	11200e08 	beqz	t1,3848 <SRAM_BT_HEAD_SIZE+0x448>
  28:	1f117e11 	0x1f117e11
  2c:	110c427f 	beq	t0,t4,10a2c <SRAM_COMMON_BT_MANAGER_RCODE+0x52c>
  30:	00000010 	mfhi	zero
  34:	0000000c 	syscall
  38:	ffffffff 	sdc3	$31,-1(ra)
  3c:	04010001 	b	44 <AP_BANK_AUTOTEST+0x3>
  40:	001d0c1f 	0x1d0c1f
  44:	00000020 	add	zero,zero,zero
  48:	00000034 	teq	zero,zero
  4c:	bfc09c41 	cache	0x0,-25535(s8)
  50:	00000127 	0x127
  54:	0e040e42 	jal	8103908 <BANK_SPACE+0x80c3908>
  58:	11200e08 	beqz	t1,387c <SRAM_BT_HEAD_SIZE+0x47c>
  5c:	1f117e11 	0x1f117e11
  60:	110c427f 	beq	t0,t4,10a60 <SRAM_COMMON_BT_MANAGER_RCODE+0x560>
  64:	00000010 	mfhi	zero
  68:	0000000c 	syscall
  6c:	ffffffff 	sdc3	$31,-1(ra)
  70:	04010001 	b	78 <AP_BANK_FRONT_ENHANCED_1>
  74:	001d0c1f 	0x1d0c1f
  78:	00000018 	mult	zero,zero
  7c:	00000068 	0x68
  80:	bfc09e05 	cache	0x0,-25083(s8)
  84:	00000027 	nor	zero,zero,zero
  88:	0e040e42 	jal	8103908 <BANK_SPACE+0x80c3908>
  8c:	7f111108 	0x7f111108
  90:	00110d42 	srl	at,s1,0x15
  94:	00000020 	add	zero,zero,zero
  98:	00000068 	0x68
  9c:	bfc09e35 	cache	0x0,-25035(s8)
  a0:	00000047 	0x47
  a4:	0e040e42 	jal	8103908 <BANK_SPACE+0x80c3908>
  a8:	11200e08 	beqz	t1,38cc <SRAM_BT_HEAD_SIZE+0x4cc>
  ac:	1f117e11 	0x1f117e11
  b0:	110c427f 	beq	t0,t4,10ab0 <SRAM_COMMON_BT_MANAGER_RCODE+0x5b0>
  b4:	00000010 	mfhi	zero
  b8:	0000000c 	syscall
  bc:	ffffffff 	sdc3	$31,-1(ra)
  c0:	04010001 	b	c8 <SRAM_CARD_DATA_SIZE+0x48>
  c4:	001d0c1f 	0x1d0c1f
  c8:	00000020 	add	zero,zero,zero
  cc:	000000b8 	0xb8
  d0:	bfc09e85 	cache	0x0,-24955(s8)
  d4:	00000057 	0x57
  d8:	0e040e42 	jal	8103908 <BANK_SPACE+0x80c3908>
  dc:	11180e08 	beq	t0,t8,3900 <SROM_STUB_ADDR>
  e0:	1f117e11 	0x1f117e11
  e4:	110c427f 	beq	t0,t4,10ae4 <SRAM_COMMON_BT_MANAGER_RCODE+0x5e4>
  e8:	00000008 	jr	zero
  ec:	0000000c 	syscall
  f0:	ffffffff 	sdc3	$31,-1(ra)
  f4:	04010001 	b	fc <SRAM_LCD_DATA_SIZE_FILL>
  f8:	001d0c1f 	0x1d0c1f
  fc:	00000018 	mult	zero,zero
 100:	000000ec 	0xec
 104:	16009001 	bnez	s0,fffe410c <sdrv_flash_screen+0x403da288>
 108:	0000004f 	0x4f
 10c:	0e040e42 	jal	8103908 <BANK_SPACE+0x80c3908>
 110:	7f111108 	0x7f111108
 114:	00110d42 	srl	at,s1,0x15
 118:	00000018 	mult	zero,zero
 11c:	000000ec 	0xec
 120:	16009065 	bnez	s0,fffe42b8 <sdrv_flash_screen+0x403da434>
 124:	00000037 	0x37
 128:	0e040e42 	jal	8103908 <BANK_SPACE+0x80c3908>
 12c:	7f111108 	0x7f111108
 130:	00110d42 	srl	at,s1,0x15
 134:	00000020 	add	zero,zero,zero
 138:	000000ec 	0xec
 13c:	160090b1 	bnez	s0,fffe4404 <sdrv_flash_screen+0x403da580>
 140:	00000017 	0x17
 144:	0e040e42 	jal	8103908 <BANK_SPACE+0x80c3908>
 148:	11180e08 	beq	t0,t8,396c <SROM_STUB_ADDR+0x6c>
 14c:	1f117e11 	0x1f117e11
 150:	110c427f 	beq	t0,t4,10b50 <SRAM_COMMON_BT_MANAGER_RCODE+0x650>
 154:	00000008 	jr	zero
 158:	00000020 	add	zero,zero,zero
 15c:	000000ec 	0xec
 160:	160090c9 	bnez	s0,fffe4488 <sdrv_flash_screen+0x403da604>
 164:	0000002f 	0x2f
 168:	0e040e42 	jal	8103908 <BANK_SPACE+0x80c3908>
 16c:	11200e08 	beqz	t1,3990 <SROM_STUB_ADDR+0x90>
 170:	1f117e11 	0x1f117e11
 174:	110c427f 	beq	t0,t4,10b74 <SRAM_COMMON_BT_MANAGER_RCODE+0x674>
 178:	00000010 	mfhi	zero
 17c:	00000018 	mult	zero,zero
 180:	000000ec 	0xec
 184:	160090fd 	bnez	s0,fffe457c <sdrv_flash_screen+0x403da6f8>
 188:	00000037 	0x37
 18c:	0e040e42 	jal	8103908 <BANK_SPACE+0x80c3908>
 190:	7f111108 	0x7f111108
 194:	00110d42 	srl	at,s1,0x15
 198:	0000000c 	syscall
 19c:	ffffffff 	sdc3	$31,-1(ra)
 1a0:	04010001 	b	1a8 <SRAM_BTMANAGER_DATA_SIZE+0x68>
 1a4:	001d0c1f 	0x1d0c1f
 1a8:	00000020 	add	zero,zero,zero
 1ac:	00000198 	0x198
 1b0:	16009145 	bnez	s0,fffe46c8 <sdrv_flash_screen+0x403da844>
 1b4:	00000017 	0x17
 1b8:	0e040e42 	jal	8103908 <BANK_SPACE+0x80c3908>
 1bc:	11180e08 	beq	t0,t8,39e0 <SROM_STUB_ADDR+0xe0>
 1c0:	1f117e11 	0x1f117e11
 1c4:	110c427f 	beq	t0,t4,10bc4 <SRAM_COMMON_BT_MANAGER_RCODE+0x6c4>
 1c8:	00000008 	jr	zero
 1cc:	00000018 	mult	zero,zero
 1d0:	00000198 	0x198
 1d4:	16009161 	bnez	s0,fffe475c <sdrv_flash_screen+0x403da8d8>
 1d8:	00000011 	mthi	zero
 1dc:	0e040e42 	jal	8103908 <BANK_SPACE+0x80c3908>
 1e0:	7f111108 	0x7f111108
 1e4:	00110d42 	srl	at,s1,0x15
Disassembly of section .debug_aranges:

00000000 <.debug_aranges>:
   0:	0000001c 	0x1c
   4:	025b0002 	0x25b0002
   8:	00040000 	sll	zero,a0,0x0
   c:	00000000 	nop
  10:	bfc09c00 	cache	0x0,-25600(s8)
  14:	00000040 	ssnop
	...
  20:	0000001c 	0x1c
  24:	043c0002 	0x43c0002
  28:	00040000 	sll	zero,a0,0x0
  2c:	00000000 	nop
  30:	bfc09c40 	cache	0x0,-25536(s8)
  34:	00000140 	sll	zero,zero,0x5
	...
  40:	0000001c 	0x1c
  44:	071f0002 	0x71f0002
  48:	00040000 	sll	zero,a0,0x0
  4c:	00000000 	nop
  50:	bfc09e04 	cache	0x0,-25084(s8)
  54:	00000080 	sll	zero,zero,0x2
	...
  60:	0000001c 	0x1c
  64:	091d0002 	j	4740008 <BANK_SPACE+0x4700008>
  68:	00040000 	sll	zero,a0,0x0
  6c:	00000000 	nop
  70:	bfc09e84 	cache	0x0,-24956(s8)
  74:	00000068 	0x68
	...
  80:	0000001c 	0x1c
  84:	0b200002 	j	c800008 <BANK_SPACE+0xc7c0008>
  88:	00040000 	sll	zero,a0,0x0
  8c:	00000000 	nop
  90:	16009000 	bnez	s0,fffe4094 <sdrv_flash_screen+0x403da210>
  94:	00000144 	0x144
	...
  a0:	0000001c 	0x1c
  a4:	0da20002 	jal	6880008 <BANK_SPACE+0x6840008>
  a8:	00040000 	sll	zero,a0,0x0
  ac:	00000000 	nop
  b0:	16009144 	bnez	s0,fffe45c4 <sdrv_flash_screen+0x403da740>
  b4:	0000002e 	0x2e
	...
