
drv_led.exe:     file format elf32-tradlittlemips

Disassembly of section .text:

bfc09c00 <sdrv_clear_screen>:
bfc09c00:	64d4      	save	32,ra,s1
bfc09c02:	0104      	addiu	s1,sp,16
bfc09c04:	d984      	sw	a0,16(s1)
bfc09c06:	d9a5      	sw	a1,20(s1)
bfc09c08:	d9c6      	sw	a2,24(s1)
bfc09c0a:	6a00      	li	v0,0
bfc09c0c:	c140      	sb	v0,0(s1)
bfc09c0e:	6a00      	li	v0,0
bfc09c10:	c140      	sb	v0,0(s1)
bfc09c12:	a140      	lbu	v0,0(s1)
bfc09c14:	5a08      	sltiu	v0,8
bfc09c16:	6009      	bteqz	bfc09c2a <RCODE_TEXT_ADDR+0x2a>
bfc09c18:	b308      	lw	v1,bfc09c38 <RCODE_TEXT_ADDR+0x38>
bfc09c1a:	a140      	lbu	v0,0(s1)
bfc09c1c:	e34d      	addu	v1,v0
bfc09c1e:	6a00      	li	v0,0
bfc09c20:	c340      	sb	v0,0(v1)
bfc09c22:	a140      	lbu	v0,0(s1)
bfc09c24:	4241      	addiu	v0,v0,1
bfc09c26:	c140      	sb	v0,0(s1)
bfc09c28:	17f4      	b	bfc09c12 <RCODE_TEXT_ADDR+0x12>
bfc09c2a:	b204      	lw	v0,bfc09c38 <RCODE_TEXT_ADDR+0x38>
bfc09c2c:	6782      	move	a0,v0
bfc09c2e:	b204      	lw	v0,bfc09c3c <RCODE_TEXT_ADDR+0x3c>
bfc09c30:	eac0      	jalrc	v0
bfc09c32:	65b9      	move	sp,s1
bfc09c34:	6452      	restore	16,ra,s1
bfc09c36:	e8a0      	jrc	ra
bfc09c38:	bf18      	lwu	s0,96(a3)
bfc09c3a:	9fc0      	lw	a2,0(a3)
bfc09c3c:	9e35      	lw	s1,84(a2)
bfc09c3e:	bfc0      	lwu	a2,0(a3)

bfc09c40 <sdrv_led_display>:
bfc09c40:	64d4      	save	32,ra,s1
bfc09c42:	0104      	addiu	s1,sp,16
bfc09c44:	6744      	move	v0,a0
bfc09c46:	6765      	move	v1,a1
bfc09c48:	6786      	move	a0,a2
bfc09c4a:	c150      	sb	v0,16(s1)
bfc09c4c:	c174      	sb	v1,20(s1)
bfc09c4e:	c198      	sb	a0,24(s1)
bfc09c50:	a154      	lbu	v0,20(s1)
bfc09c52:	72ff      	cmpi	v0,255
bfc09c54:	6758      	move	v0,t8
bfc09c56:	5a01      	sltiu	v0,1
bfc09c58:	6031      	bteqz	bfc09cbc <sdrv_led_display+0x7c>
bfc09c5a:	b344      	lw	v1,bfc09d68 <sdrv_led_display+0x128>
bfc09c5c:	a150      	lbu	v0,16(s1)
bfc09c5e:	e349      	addu	v0,v1,v0
bfc09c60:	a240      	lbu	v0,0(v0)
bfc09c62:	c141      	sb	v0,1(s1)
bfc09c64:	b342      	lw	v1,bfc09d6c <sdrv_led_display+0x12c>
bfc09c66:	a141      	lbu	v0,1(s1)
bfc09c68:	3244      	sll	v0,1
bfc09c6a:	e269      	addu	v0,v1
bfc09c6c:	a241      	lbu	v0,1(v0)
bfc09c6e:	c143      	sb	v0,3(s1)
bfc09c70:	a158      	lbu	v0,24(s1)
bfc09c72:	7201      	cmpi	v0,1
bfc09c74:	6758      	move	v0,t8
bfc09c76:	5a01      	sltiu	v0,1
bfc09c78:	600f      	bteqz	bfc09c98 <sdrv_led_display+0x58>
bfc09c7a:	b33e      	lw	v1,bfc09d70 <sdrv_led_display+0x130>
bfc09c7c:	a143      	lbu	v0,3(s1)
bfc09c7e:	e355      	addu	a1,v1,v0
bfc09c80:	b33c      	lw	v1,bfc09d70 <sdrv_led_display+0x130>
bfc09c82:	a143      	lbu	v0,3(s1)
bfc09c84:	e351      	addu	a0,v1,v0
bfc09c86:	b33a      	lw	v1,bfc09d6c <sdrv_led_display+0x12c>
bfc09c88:	a141      	lbu	v0,1(s1)
bfc09c8a:	3244      	sll	v0,1
bfc09c8c:	e269      	addu	v0,v1
bfc09c8e:	a460      	lbu	v1,0(a0)
bfc09c90:	a240      	lbu	v0,0(v0)
bfc09c92:	ea6d      	or	v0,v1
bfc09c94:	c540      	sb	v0,0(a1)
bfc09c96:	1060      	b	bfc09d58 <sdrv_led_display+0x118>
bfc09c98:	b336      	lw	v1,bfc09d70 <sdrv_led_display+0x130>
bfc09c9a:	a143      	lbu	v0,3(s1)
bfc09c9c:	e355      	addu	a1,v1,v0
bfc09c9e:	b335      	lw	v1,bfc09d70 <sdrv_led_display+0x130>
bfc09ca0:	a143      	lbu	v0,3(s1)
bfc09ca2:	e351      	addu	a0,v1,v0
bfc09ca4:	b332      	lw	v1,bfc09d6c <sdrv_led_display+0x12c>
bfc09ca6:	a141      	lbu	v0,1(s1)
bfc09ca8:	3244      	sll	v0,1
bfc09caa:	e269      	addu	v0,v1
bfc09cac:	a240      	lbu	v0,0(v0)
bfc09cae:	ea4f      	not	v0
bfc09cb0:	a460      	lbu	v1,0(a0)
bfc09cb2:	651a      	move	t8,v0
bfc09cb4:	6758      	move	v0,t8
bfc09cb6:	ea6c      	and	v0,v1
bfc09cb8:	c540      	sb	v0,0(a1)
bfc09cba:	104e      	b	bfc09d58 <sdrv_led_display+0x118>
bfc09cbc:	a158      	lbu	v0,24(s1)
bfc09cbe:	2a03      	bnez	v0,bfc09cc6 <sdrv_led_display+0x86>
bfc09cc0:	6a00      	li	v0,0
bfc09cc2:	c140      	sb	v0,0(s1)
bfc09cc4:	1005      	b	bfc09cd0 <sdrv_led_display+0x90>
bfc09cc6:	b32c      	lw	v1,bfc09d74 <sdrv_led_display+0x134>
bfc09cc8:	a154      	lbu	v0,20(s1)
bfc09cca:	e349      	addu	v0,v1,v0
bfc09ccc:	a240      	lbu	v0,0(v0)
bfc09cce:	c140      	sb	v0,0(s1)
bfc09cd0:	6a00      	li	v0,0
bfc09cd2:	c142      	sb	v0,2(s1)
bfc09cd4:	a142      	lbu	v0,2(s1)
bfc09cd6:	5a07      	sltiu	v0,7
bfc09cd8:	603f      	bteqz	bfc09d58 <sdrv_led_display+0x118>
bfc09cda:	b528      	lw	a1,bfc09d78 <sdrv_led_display+0x138>
bfc09cdc:	a170      	lbu	v1,16(s1)
bfc09cde:	a182      	lbu	a0,2(s1)
bfc09ce0:	6743      	move	v0,v1
bfc09ce2:	324c      	sll	v0,3
bfc09ce4:	e26b      	subu	v0,v1
bfc09ce6:	e289      	addu	v0,a0
bfc09ce8:	3244      	sll	v0,1
bfc09cea:	e2a9      	addu	v0,a1
bfc09cec:	a241      	lbu	v0,1(v0)
bfc09cee:	c143      	sb	v0,3(s1)
bfc09cf0:	a160      	lbu	v1,0(s1)
bfc09cf2:	a142      	lbu	v0,2(s1)
bfc09cf4:	ea67      	srav	v1,v0
bfc09cf6:	6a01      	li	v0,1
bfc09cf8:	ea6c      	and	v0,v1
bfc09cfa:	2214      	beqz	v0,bfc09d24 <sdrv_led_display+0xe4>
bfc09cfc:	b31d      	lw	v1,bfc09d70 <sdrv_led_display+0x130>
bfc09cfe:	a143      	lbu	v0,3(s1)
bfc09d00:	e359      	addu	a2,v1,v0
bfc09d02:	b31c      	lw	v1,bfc09d70 <sdrv_led_display+0x130>
bfc09d04:	a143      	lbu	v0,3(s1)
bfc09d06:	e35d      	addu	a3,v1,v0
bfc09d08:	b51c      	lw	a1,bfc09d78 <sdrv_led_display+0x138>
bfc09d0a:	a170      	lbu	v1,16(s1)
bfc09d0c:	a182      	lbu	a0,2(s1)
bfc09d0e:	6743      	move	v0,v1
bfc09d10:	324c      	sll	v0,3
bfc09d12:	e26b      	subu	v0,v1
bfc09d14:	e289      	addu	v0,a0
bfc09d16:	3244      	sll	v0,1
bfc09d18:	e2a9      	addu	v0,a1
bfc09d1a:	a760      	lbu	v1,0(a3)
bfc09d1c:	a240      	lbu	v0,0(v0)
bfc09d1e:	ea6d      	or	v0,v1
bfc09d20:	c640      	sb	v0,0(a2)
bfc09d22:	1016      	b	bfc09d50 <sdrv_led_display+0x110>
bfc09d24:	b313      	lw	v1,bfc09d70 <sdrv_led_display+0x130>
bfc09d26:	a143      	lbu	v0,3(s1)
bfc09d28:	e359      	addu	a2,v1,v0
bfc09d2a:	b312      	lw	v1,bfc09d70 <sdrv_led_display+0x130>
bfc09d2c:	a143      	lbu	v0,3(s1)
bfc09d2e:	e35d      	addu	a3,v1,v0
bfc09d30:	b512      	lw	a1,bfc09d78 <sdrv_led_display+0x138>
bfc09d32:	a170      	lbu	v1,16(s1)
bfc09d34:	a182      	lbu	a0,2(s1)
bfc09d36:	6743      	move	v0,v1
bfc09d38:	324c      	sll	v0,3
bfc09d3a:	e26b      	subu	v0,v1
bfc09d3c:	e289      	addu	v0,a0
bfc09d3e:	3244      	sll	v0,1
bfc09d40:	e2a9      	addu	v0,a1
bfc09d42:	a240      	lbu	v0,0(v0)
bfc09d44:	ea4f      	not	v0
bfc09d46:	a760      	lbu	v1,0(a3)
bfc09d48:	651a      	move	t8,v0
bfc09d4a:	6758      	move	v0,t8
bfc09d4c:	ea6c      	and	v0,v1
bfc09d4e:	c640      	sb	v0,0(a2)
bfc09d50:	a142      	lbu	v0,2(s1)
bfc09d52:	4241      	addiu	v0,v0,1
bfc09d54:	c142      	sb	v0,2(s1)
bfc09d56:	17be      	b	bfc09cd4 <sdrv_led_display+0x94>
bfc09d58:	b206      	lw	v0,bfc09d70 <sdrv_led_display+0x130>
bfc09d5a:	6782      	move	a0,v0
bfc09d5c:	b208      	lw	v0,bfc09d7c <sdrv_led_display+0x13c>
bfc09d5e:	eac0      	jalrc	v0
bfc09d60:	65b9      	move	sp,s1
bfc09d62:	6452      	restore	16,ra,s1
bfc09d64:	e8a0      	jrc	ra
bfc09d66:	0000      	addiu	s0,sp,0
bfc09d68:	9d80      	lw	a0,0(a1)
bfc09d6a:	bfc0      	lwu	a2,0(a3)
bfc09d6c:	9dbc      	lw	a1,112(a1)
bfc09d6e:	bfc0      	lwu	a2,0(a3)
bfc09d70:	bf18      	lwu	s0,96(a3)
bfc09d72:	9fc0      	lw	a2,0(a3)
bfc09d74:	9d94      	lw	a0,80(a1)
bfc09d76:	bfc0      	lwu	a2,0(a3)
bfc09d78:	9dcc      	lw	a2,48(a1)
bfc09d7a:	bfc0      	lwu	a2,0(a3)
bfc09d7c:	9e35      	lw	s1,84(a2)
bfc09d7e:	bfc0      	lwu	a2,0(a3)

bfc09d80 <icon_set>:
bfc09d80:	ffff0200 	sdc3	$31,512(ra)
bfc09d84:	0104ffff 	0x104ffff
bfc09d88:	ffffffff 	sdc3	$31,-1(ra)
bfc09d8c:	ffff0705 	sdc3	$31,1797(ra)
bfc09d90:	00000306 	0x306

bfc09d94 <seg_val>:
bfc09d94:	4f5b063f 	c3	0x15b063f
bfc09d98:	077d6d66 	0x77d6d66
bfc09d9c:	7f776f7f 	0x7f776f7f
bfc09da0:	71793f39 	0x71793f39
bfc09da4:	0f06767d 	jal	bc19d9f4 <bak_seg_sreen_data1+0x1c591ad0>
bfc09da8:	37003800 	ori	zero,t8,0x3800
bfc09dac:	7267733f 	sdbbp	0x99dcc
bfc09db0:	3e3e786d 	0x3e3e786d
bfc09db4:	5b6e0000 	0x5b6e0000
bfc09db8:	0000407c 	0x407c

bfc09dbc <icon_vals>:
bfc09dbc:	02200020 	add	zero,s1,zero
bfc09dc0:	00100502 	srl	zero,s0,0x14
bfc09dc4:	06040208 	0x6040208
bfc09dc8:	06100240 	bltzal	s0,bfc0a6cc <sdrv_flash_screen+0x848>

bfc09dcc <num_vals>:
bfc09dcc:	00040002 	srl	zero,a0,0x0
bfc09dd0:	04010301 	b	bfc0a9d8 <sdrv_flash_screen+0xb54>
bfc09dd4:	01010008 	0x1010008
bfc09dd8:	01040201 	0x1040201
bfc09ddc:	04020108 	bltzl	zero,bfc0a200 <sdrv_flash_screen+0x37c>
bfc09de0:	01100120 	0x1100120
bfc09de4:	03020202 	0x3020202
bfc09de8:	02100408 	0x2100408
bfc09dec:	05010310 	bgez	t0,bfc0aa30 <sdrv_flash_screen+0xbac>
bfc09df0:	03040504 	0x3040504
bfc09df4:	06200404 	bltz	s1,bfc0ae08 <sdrv_flash_screen+0xf84>
bfc09df8:	04200540 	bltz	at,bfc0b2fc <sdrv_flash_screen+0x1478>
bfc09dfc:	03200508 	0x3200508
bfc09e00:	04400510 	bltz	v0,bfc0b244 <sdrv_flash_screen+0x13c0>

bfc09e04 <wait_for_trans>:
bfc09e04:	6491      	save	8,s1
bfc09e06:	673d      	move	s1,sp
bfc09e08:	b409      	lw	a0,bfc09e2c <wait_for_trans+0x28>
bfc09e0a:	b209      	lw	v0,bfc09e2c <wait_for_trans+0x28>
bfc09e0c:	9a60      	lw	v1,0(v0)
bfc09e0e:	6a10      	li	v0,16
bfc09e10:	ea6d      	or	v0,v1
bfc09e12:	dc40      	sw	v0,0(a0)
bfc09e14:	b206      	lw	v0,bfc09e2c <wait_for_trans+0x28>
bfc09e16:	9a60      	lw	v1,0(v0)
bfc09e18:	6a10      	li	v0,16
bfc09e1a:	ea6c      	and	v0,v1
bfc09e1c:	2a01      	bnez	v0,bfc09e20 <wait_for_trans+0x1c>
bfc09e1e:	1003      	b	bfc09e26 <wait_for_trans+0x22>
bfc09e20:	b204      	lw	v0,bfc09e30 <wait_for_trans+0x2c>
bfc09e22:	a240      	lbu	v0,0(v0)
bfc09e24:	22f7      	beqz	v0,bfc09e14 <wait_for_trans+0x10>
bfc09e26:	65b9      	move	sp,s1
bfc09e28:	6411      	restore	8,s1
bfc09e2a:	e8a0      	jrc	ra
bfc09e2c:	0000      	addiu	s0,sp,0
bfc09e2e:	c00e      	sb	s0,14(s0)
bfc09e30:	bf14      	lwu	s0,80(a3)
bfc09e32:	9fc0      	lw	a2,0(a3)

bfc09e34 <hdrv_data_send>:
bfc09e34:	64d4      	save	32,ra,s1
bfc09e36:	0104      	addiu	s1,sp,16
bfc09e38:	d984      	sw	a0,16(s1)
bfc09e3a:	6a00      	li	v0,0
bfc09e3c:	d940      	sw	v0,0(s1)
bfc09e3e:	9944      	lw	v0,16(s1)
bfc09e40:	9a40      	lw	v0,0(v0)
bfc09e42:	d941      	sw	v0,4(s1)
bfc09e44:	b40e      	lw	a0,bfc09e7c <hdrv_data_send+0x48>
bfc09e46:	b20e      	lw	v0,bfc09e7c <hdrv_data_send+0x48>
bfc09e48:	9a60      	lw	v1,0(v0)
bfc09e4a:	9940      	lw	v0,0(s1)
bfc09e4c:	eb4c      	and	v1,v0
bfc09e4e:	9941      	lw	v0,4(s1)
bfc09e50:	ea6d      	or	v0,v1
bfc09e52:	dc40      	sw	v0,0(a0)
bfc09e54:	9944      	lw	v0,16(s1)
bfc09e56:	4244      	addiu	v0,v0,4
bfc09e58:	d944      	sw	v0,16(s1)
bfc09e5a:	9944      	lw	v0,16(s1)
bfc09e5c:	9a40      	lw	v0,0(v0)
bfc09e5e:	d941      	sw	v0,4(s1)
bfc09e60:	b408      	lw	a0,bfc09e80 <hdrv_data_send+0x4c>
bfc09e62:	b208      	lw	v0,bfc09e80 <hdrv_data_send+0x4c>
bfc09e64:	9a60      	lw	v1,0(v0)
bfc09e66:	9940      	lw	v0,0(s1)
bfc09e68:	eb4c      	and	v1,v0
bfc09e6a:	9941      	lw	v0,4(s1)
bfc09e6c:	ea6d      	or	v0,v1
bfc09e6e:	dc40      	sw	v0,0(a0)
bfc09e70:	1a1f 2781 	jal	bfc09e04 <wait_for_trans>
bfc09e74:	6500      	nop
bfc09e76:	65b9      	move	sp,s1
bfc09e78:	6452      	restore	16,ra,s1
bfc09e7a:	e8a0      	jrc	ra
bfc09e7c:	0004      	addiu	s0,sp,16
bfc09e7e:	c00e      	sb	s0,14(s0)
bfc09e80:	0008      	addiu	s0,sp,32
bfc09e82:	c00e      	sb	s0,14(s0)

bfc09e84 <sdrv_flash_screen>:
bfc09e84:	64d3      	save	24,ra,s1
bfc09e86:	0104      	addiu	s1,sp,16
bfc09e88:	6744      	move	v0,a0
bfc09e8a:	d9a3      	sw	a1,12(s1)
bfc09e8c:	d9c4      	sw	a2,16(s1)
bfc09e8e:	c148      	sb	v0,8(s1)
bfc09e90:	a148      	lbu	v0,8(s1)
bfc09e92:	2a0f      	bnez	v0,bfc09eb2 <sdrv_flash_screen+0x2e>
bfc09e94:	b312      	lw	v1,bfc09edc <sdrv_flash_screen+0x58>
bfc09e96:	b213      	lw	v0,bfc09ee0 <sdrv_flash_screen+0x5c>
bfc09e98:	9a40      	lw	v0,0(v0)
bfc09e9a:	db40      	sw	v0,0(v1)
bfc09e9c:	b312      	lw	v1,bfc09ee4 <sdrv_flash_screen+0x60>
bfc09e9e:	b213      	lw	v0,bfc09ee8 <sdrv_flash_screen+0x64>
bfc09ea0:	9a40      	lw	v0,0(v0)
bfc09ea2:	db40      	sw	v0,0(v1)
bfc09ea4:	b30f      	lw	v1,bfc09ee0 <sdrv_flash_screen+0x5c>
bfc09ea6:	6a00      	li	v0,0
bfc09ea8:	db40      	sw	v0,0(v1)
bfc09eaa:	b310      	lw	v1,bfc09ee8 <sdrv_flash_screen+0x64>
bfc09eac:	6a00      	li	v0,0
bfc09eae:	db40      	sw	v0,0(v1)
bfc09eb0:	100e      	b	bfc09ece <sdrv_flash_screen+0x4a>
bfc09eb2:	b50c      	lw	a1,bfc09ee0 <sdrv_flash_screen+0x5c>
bfc09eb4:	b20b      	lw	v0,bfc09ee0 <sdrv_flash_screen+0x5c>
bfc09eb6:	b30a      	lw	v1,bfc09edc <sdrv_flash_screen+0x58>
bfc09eb8:	9a80      	lw	a0,0(v0)
bfc09eba:	9b40      	lw	v0,0(v1)
bfc09ebc:	ea8d      	or	v0,a0
bfc09ebe:	dd40      	sw	v0,0(a1)
bfc09ec0:	b50a      	lw	a1,bfc09ee8 <sdrv_flash_screen+0x64>
bfc09ec2:	b20a      	lw	v0,bfc09ee8 <sdrv_flash_screen+0x64>
bfc09ec4:	b308      	lw	v1,bfc09ee4 <sdrv_flash_screen+0x60>
bfc09ec6:	9a80      	lw	a0,0(v0)
bfc09ec8:	9b40      	lw	v0,0(v1)
bfc09eca:	ea8d      	or	v0,a0
bfc09ecc:	dd40      	sw	v0,0(a1)
bfc09ece:	1a1f 2781 	jal	bfc09e04 <wait_for_trans>
bfc09ed2:	6500      	nop
bfc09ed4:	65b9      	move	sp,s1
bfc09ed6:	6451      	restore	8,ra,s1
bfc09ed8:	e8a0      	jrc	ra
bfc09eda:	0000      	addiu	s0,sp,0
bfc09edc:	bf20      	lwu	s1,0(a3)
bfc09ede:	9fc0      	lw	a2,0(a3)
bfc09ee0:	0004      	addiu	s0,sp,16
bfc09ee2:	c00e      	sb	s0,14(s0)
bfc09ee4:	bf24      	lwu	s1,16(a3)
bfc09ee6:	9fc0      	lw	a2,0(a3)
bfc09ee8:	0008      	addiu	s0,sp,32
bfc09eea:	c00e      	sb	s0,14(s0)
	...
Disassembly of section .data:

9fc0bf00 <led_driver_op>:
9fc0bf00:	bfc09c41 	cache	0x0,-25535(s8)
9fc0bf04:	bfc09c01 	cache	0x0,-25599(s8)
9fc0bf08:	bfc09e85 	cache	0x0,-24955(s8)
9fc0bf0c:	160090c9 	bnez	s0,9fbf0234 <KERNEL_BANK_C_ADDR_BASE+0x69bd2d34>
9fc0bf10:	160090fd 	bnez	s0,9fbf0308 <KERNEL_BANK_C_ADDR_BASE+0x69bd2e08>

9fc0bf14 <Led_sleep_falg>:
9fc0bf14:	Address 0x9fc0bf14 is out of bounds.

Disassembly of section .bss:

9fc0bf18 <cur_disval>:
	...

9fc0bf20 <bak_seg_sreen_data0>:
9fc0bf20:	00000000 	nop

9fc0bf24 <bak_seg_sreen_data1>:
	...
Disassembly of section BANK_A_0:

16009000 <hdrv_set_mfp_to_emif>:
16009000:	6491      	save	8,s1
16009002:	673d      	move	s1,sp
16009004:	b413      	lw	a0,16009050 <KERNEL_BANK_A_ADDR_BASE+0x50>
16009006:	b213      	lw	v0,16009050 <KERNEL_BANK_A_ADDR_BASE+0x50>
16009008:	9a60      	lw	v1,0(v0)
1600900a:	f001 6a00 	li	v0,2048
1600900e:	ea4b      	neg	v0
16009010:	ea6c      	and	v0,v1
16009012:	dc40      	sw	v0,0(a0)
16009014:	b410      	lw	a0,16009054 <KERNEL_BANK_A_ADDR_BASE+0x54>
16009016:	b210      	lw	v0,16009054 <KERNEL_BANK_A_ADDR_BASE+0x54>
16009018:	9a60      	lw	v1,0(v0)
1600901a:	b210      	lw	v0,16009058 <KERNEL_BANK_A_ADDR_BASE+0x58>
1600901c:	ea6c      	and	v0,v1
1600901e:	dc40      	sw	v0,0(a0)
16009020:	b40f      	lw	a0,1600905c <KERNEL_BANK_A_ADDR_BASE+0x5c>
16009022:	b20f      	lw	v0,1600905c <KERNEL_BANK_A_ADDR_BASE+0x5c>
16009024:	9a60      	lw	v1,0(v0)
16009026:	f7ff 6a1f 	li	v0,65535
1600902a:	ea6c      	and	v0,v1
1600902c:	dc40      	sw	v0,0(a0)
1600902e:	b40d      	lw	a0,16009060 <KERNEL_BANK_A_ADDR_BASE+0x60>
16009030:	b20c      	lw	v0,16009060 <KERNEL_BANK_A_ADDR_BASE+0x60>
16009032:	9a60      	lw	v1,0(v0)
16009034:	6a10      	li	v0,16
16009036:	ea6d      	or	v0,v1
16009038:	dc40      	sw	v0,0(a0)
1600903a:	b40a      	lw	a0,16009060 <KERNEL_BANK_A_ADDR_BASE+0x60>
1600903c:	b209      	lw	v0,16009060 <KERNEL_BANK_A_ADDR_BASE+0x60>
1600903e:	9a60      	lw	v1,0(v0)
16009040:	6a10      	li	v0,16
16009042:	ea4b      	neg	v0
16009044:	ea6c      	and	v0,v1
16009046:	dc40      	sw	v0,0(a0)
16009048:	65b9      	move	sp,s1
1600904a:	6411      	restore	8,s1
1600904c:	e8a0      	jrc	ra
1600904e:	0000      	addiu	s0,sp,0
16009050:	0054      	addiu	s0,sp,336
16009052:	c009      	sb	s0,9(s0)
16009054:	0058      	addiu	s0,sp,352
16009056:	c009      	sb	s0,9(s0)
16009058:	ffff      	daddiu	a3,sp,124
1600905a:	007f      	addiu	s0,sp,508
1600905c:	0070      	addiu	s0,sp,448
1600905e:	c009      	sb	s0,9(s0)
16009060:	1020      	b	160090a2 <hdrv_set_led+0x3e>
16009062:	c000      	sb	s0,0(s0)

16009064 <hdrv_set_led>:
16009064:	6491      	save	8,s1
16009066:	673d      	move	s1,sp
16009068:	b40d      	lw	a0,1600909c <hdrv_set_led+0x38>
1600906a:	b20d      	lw	v0,1600909c <hdrv_set_led+0x38>
1600906c:	9a60      	lw	v1,0(v0)
1600906e:	b20d      	lw	v0,160090a0 <hdrv_set_led+0x3c>
16009070:	ea6d      	or	v0,v1
16009072:	dc40      	sw	v0,0(a0)
16009074:	b40c      	lw	a0,160090a4 <hdrv_set_led+0x40>
16009076:	b20c      	lw	v0,160090a4 <hdrv_set_led+0x40>
16009078:	9a60      	lw	v1,0(v0)
1600907a:	f008 6a00 	li	v0,16384
1600907e:	ea6d      	or	v0,v1
16009080:	dc40      	sw	v0,0(a0)
16009082:	b40a      	lw	a0,160090a8 <hdrv_set_led+0x44>
16009084:	b209      	lw	v0,160090a8 <hdrv_set_led+0x44>
16009086:	9a60      	lw	v1,0(v0)
16009088:	6aac      	li	v0,172
1600908a:	ea6d      	or	v0,v1
1600908c:	dc40      	sw	v0,0(a0)
1600908e:	b308      	lw	v1,160090ac <hdrv_set_led+0x48>
16009090:	6a00      	li	v0,0
16009092:	c340      	sb	v0,0(v1)
16009094:	65b9      	move	sp,s1
16009096:	6411      	restore	8,s1
16009098:	e8a0      	jrc	ra
1600909a:	0000      	addiu	s0,sp,0
1600909c:	1004      	b	160090a6 <hdrv_set_led+0x42>
1600909e:	c000      	sb	s0,0(s0)
160090a0:	0000      	addiu	s0,sp,0
160090a2:	0004      	addiu	s0,sp,16
160090a4:	0000      	addiu	s0,sp,0
160090a6:	c000      	sb	s0,0(s0)
160090a8:	0000      	addiu	s0,sp,0
160090aa:	c00e      	sb	s0,14(s0)
160090ac:	bf14      	lwu	s0,80(a3)
160090ae:	9fc0      	lw	a2,0(a3)

160090b0 <hdrv_hard_init>:
160090b0:	64d3      	save	24,ra,s1
160090b2:	0104      	addiu	s1,sp,16
160090b4:	180c 2419 	jal	16009064 <hdrv_set_led>
160090b8:	6500      	nop
160090ba:	180c 2400 	jal	16009000 <KERNEL_BANK_A_ADDR_BASE>
160090be:	6500      	nop
160090c0:	65b9      	move	sp,s1
160090c2:	6451      	restore	8,ra,s1
160090c4:	e8a0      	jrc	ra
	...

160090c8 <sdrv_wake_up_LED_display>:
160090c8:	64d4      	save	32,ra,s1
160090ca:	0104      	addiu	s1,sp,16
160090cc:	6744      	move	v0,a0
160090ce:	6765      	move	v1,a1
160090d0:	6786      	move	a0,a2
160090d2:	c150      	sb	v0,16(s1)
160090d4:	c174      	sb	v1,20(s1)
160090d6:	c198      	sb	a0,24(s1)
160090d8:	b208      	lw	v0,160090f8 <sdrv_wake_up_LED_display+0x30>
160090da:	a240      	lbu	v0,0(v0)
160090dc:	2206      	beqz	v0,160090ea <sdrv_wake_up_LED_display+0x22>
160090de:	180c 2419 	jal	16009064 <hdrv_set_led>
160090e2:	6500      	nop
160090e4:	6a00      	li	v0,0
160090e6:	d940      	sw	v0,0(s1)
160090e8:	1002      	b	160090ee <sdrv_wake_up_LED_display+0x26>
160090ea:	6a01      	li	v0,1
160090ec:	d940      	sw	v0,0(s1)
160090ee:	9940      	lw	v0,0(s1)
160090f0:	65b9      	move	sp,s1
160090f2:	6452      	restore	16,ra,s1
160090f4:	e8a0      	jrc	ra
160090f6:	0000      	addiu	s0,sp,0
160090f8:	bf14      	lwu	s0,80(a3)
160090fa:	9fc0      	lw	a2,0(a3)

160090fc <sdrv_sleep_LED_display>:
160090fc:	6491      	save	8,s1
160090fe:	673d      	move	s1,sp
16009100:	6744      	move	v0,a0
16009102:	6765      	move	v1,a1
16009104:	6786      	move	a0,a2
16009106:	c148      	sb	v0,8(s1)
16009108:	c16c      	sb	v1,12(s1)
1600910a:	c190      	sb	a0,16(s1)
1600910c:	b30a      	lw	v1,16009134 <sdrv_sleep_LED_display+0x38>
1600910e:	6a01      	li	v0,1
16009110:	c340      	sb	v0,0(v1)
16009112:	b40a      	lw	a0,16009138 <sdrv_sleep_LED_display+0x3c>
16009114:	b209      	lw	v0,16009138 <sdrv_sleep_LED_display+0x3c>
16009116:	9a60      	lw	v1,0(v0)
16009118:	6aa1      	li	v0,161
1600911a:	ea4b      	neg	v0
1600911c:	ea6c      	and	v0,v1
1600911e:	dc40      	sw	v0,0(a0)
16009120:	b407      	lw	a0,1600913c <sdrv_sleep_LED_display+0x40>
16009122:	b207      	lw	v0,1600913c <sdrv_sleep_LED_display+0x40>
16009124:	9a60      	lw	v1,0(v0)
16009126:	b207      	lw	v0,16009140 <sdrv_sleep_LED_display+0x44>
16009128:	ea6c      	and	v0,v1
1600912a:	dc40      	sw	v0,0(a0)
1600912c:	65b9      	move	sp,s1
1600912e:	6411      	restore	8,s1
16009130:	e8a0      	jrc	ra
16009132:	0000      	addiu	s0,sp,0
16009134:	bf14      	lwu	s0,80(a3)
16009136:	9fc0      	lw	a2,0(a3)
16009138:	0000      	addiu	s0,sp,0
1600913a:	c00e      	sb	s0,14(s0)
1600913c:	1004      	b	16009146 <init_module+0x2>
1600913e:	c000      	sb	s0,0(s0)
16009140:	ffff      	daddiu	a3,sp,124
16009142:	fffb      	daddiu	a3,sp,108

16009144 <init_module>:
16009144:	64d3      	save	24,ra,s1
16009146:	0104      	addiu	s1,sp,16
16009148:	d982      	sw	a0,8(s1)
1600914a:	d9a3      	sw	a1,12(s1)
1600914c:	d9c4      	sw	a2,16(s1)
1600914e:	b204      	lw	v0,1600915c <init_module+0x18>
16009150:	eac0      	jalrc	v0
16009152:	6a00      	li	v0,0
16009154:	65b9      	move	sp,s1
16009156:	6451      	restore	8,ra,s1
16009158:	e8a0      	jrc	ra
1600915a:	0000      	addiu	s0,sp,0
1600915c:	90b1      	lw	s0,708(sp)
1600915e:	1600      	b	16008d60 <BANK_SPACE+0x15fc8d60>

16009160 <cleanup_module>:
16009160:	6491      	save	8,s1
16009162:	673d      	move	s1,sp
16009164:	d982      	sw	a0,8(s1)
16009166:	d9a3      	sw	a1,12(s1)
16009168:	d9c4      	sw	a2,16(s1)
1600916a:	6a00      	li	v0,0
1600916c:	65b9      	move	sp,s1
1600916e:	6411      	restore	8,s1
16009170:	e8a0      	jrc	ra
16009172:	6500      	nop
	...
Disassembly of section BANK_A_1:

16049000 <BANK_A_1>:
	...
Disassembly of section .reginfo:

00000000 <.reginfo>:
	...
Disassembly of section .pdr:

00000000 <.pdr>:
   0:	bfc09c01 	cache	0x0,-25599(s8)
   4:	80020000 	lb	v0,0(zero)
   8:	fffffffc 	sdc3	$31,-4(ra)
	...
  14:	00000010 	mfhi	zero
  18:	00000011 	mthi	zero
  1c:	0000001f 	0x1f
  20:	bfc09c41 	cache	0x0,-25535(s8)
  24:	80020000 	lb	v0,0(zero)
  28:	fffffffc 	sdc3	$31,-4(ra)
	...
  34:	00000010 	mfhi	zero
  38:	00000011 	mthi	zero
  3c:	0000001f 	0x1f
  40:	bfc09e05 	cache	0x0,-25083(s8)
  44:	00020000 	sll	zero,v0,0x0
  48:	fffffffc 	sdc3	$31,-4(ra)
	...
  54:	00000008 	jr	zero
  58:	00000011 	mthi	zero
  5c:	0000001f 	0x1f
  60:	bfc09e35 	cache	0x0,-25035(s8)
  64:	80020000 	lb	v0,0(zero)
  68:	fffffffc 	sdc3	$31,-4(ra)
	...
  74:	00000010 	mfhi	zero
  78:	00000011 	mthi	zero
  7c:	0000001f 	0x1f
  80:	bfc09e85 	cache	0x0,-24955(s8)
  84:	80020000 	lb	v0,0(zero)
  88:	fffffffc 	sdc3	$31,-4(ra)
	...
  94:	00000008 	jr	zero
  98:	00000011 	mthi	zero
  9c:	0000001f 	0x1f
  a0:	16009001 	bnez	s0,fffe40a8 <sdrv_flash_screen+0x403da224>
  a4:	00020000 	sll	zero,v0,0x0
  a8:	fffffffc 	sdc3	$31,-4(ra)
	...
  b4:	00000008 	jr	zero
  b8:	00000011 	mthi	zero
  bc:	0000001f 	0x1f
  c0:	16009065 	bnez	s0,fffe4258 <sdrv_flash_screen+0x403da3d4>
  c4:	00020000 	sll	zero,v0,0x0
  c8:	fffffffc 	sdc3	$31,-4(ra)
	...
  d4:	00000008 	jr	zero
  d8:	00000011 	mthi	zero
  dc:	0000001f 	0x1f
  e0:	160090b1 	bnez	s0,fffe43a8 <sdrv_flash_screen+0x403da524>
  e4:	80020000 	lb	v0,0(zero)
  e8:	fffffffc 	sdc3	$31,-4(ra)
	...
  f4:	00000008 	jr	zero
  f8:	00000011 	mthi	zero
  fc:	0000001f 	0x1f
 100:	160090c9 	bnez	s0,fffe4428 <sdrv_flash_screen+0x403da5a4>
 104:	80020000 	lb	v0,0(zero)
 108:	fffffffc 	sdc3	$31,-4(ra)
	...
 114:	00000010 	mfhi	zero
 118:	00000011 	mthi	zero
 11c:	0000001f 	0x1f
 120:	160090fd 	bnez	s0,fffe4518 <sdrv_flash_screen+0x403da694>
 124:	00020000 	sll	zero,v0,0x0
 128:	fffffffc 	sdc3	$31,-4(ra)
	...
 134:	00000008 	jr	zero
 138:	00000011 	mthi	zero
 13c:	0000001f 	0x1f
 140:	16009145 	bnez	s0,fffe4658 <sdrv_flash_screen+0x403da7d4>
 144:	80020000 	lb	v0,0(zero)
 148:	fffffffc 	sdc3	$31,-4(ra)
	...
 154:	00000008 	jr	zero
 158:	00000011 	mthi	zero
 15c:	0000001f 	0x1f
 160:	16009161 	bnez	s0,fffe46e8 <sdrv_flash_screen+0x403da864>
 164:	00020000 	sll	zero,v0,0x0
 168:	fffffffc 	sdc3	$31,-4(ra)
	...
 174:	00000008 	jr	zero
 178:	00000011 	mthi	zero
 17c:	0000001f 	0x1f
Disassembly of section .debug_abbrev:

00000000 <.debug_abbrev>:
   0:	10011101 	beq	zero,at,4408 <SRAM_AP_BANK_BACK_AL_1_SIZE+0x408>
   4:	11011206 	beq	t0,at,4820 <SRAM_AP_BANK_BACK_AL_1_SIZE+0x820>
   8:	13082501 	beq	t8,t0,9410 <SRAM_BANK_B_ADDR+0x10>
   c:	1b08030b 	0x1b08030b
  10:	02000008 	jr	s0
  14:	08030024 	j	c0090 <BANK_SPACE+0x80090>
  18:	0b3e0b0b 	j	cf82c2c <BANK_SPACE+0xcf42c2c>
  1c:	24030000 	li	v1,0
  20:	0b0e0300 	j	c380c00 <BANK_SPACE+0xc340c00>
  24:	000b3e0b 	0xb3e0b
  28:	000f0400 	sll	zero,t7,0x10
  2c:	00000b0b 	0xb0b
  30:	0b000f05 	j	c003c14 <BANK_SPACE+0xbfc3c14>
  34:	0013490b 	0x13490b
  38:	01150600 	0x1150600
  3c:	0c271301 	jal	9c4c04 <BANK_SPACE+0x984c04>
  40:	00001349 	0x1349
  44:	49000507 	bc2f	1464 <SRAM_BTCALL_CALLRING_BUF_SIZE+0x464>
  48:	08000013 	j	4c <AP_BANK_FRONT_UI_1+0x4>
  4c:	08030016 	j	c0058 <BANK_SPACE+0x80058>
  50:	0b3b0b3a 	j	cec2ce8 <BANK_SPACE+0xce82ce8>
  54:	00001349 	0x1349
  58:	01011309 	0x1011309
  5c:	3a0b0b13 	xori	t3,s0,0xb13
  60:	000b3b0b 	0xb3b0b
  64:	000d0a00 	sll	at,t5,0x8
  68:	0b3a0803 	j	ce8200c <BANK_SPACE+0xce4200c>
  6c:	13490b3b 	beq	k0,t1,2d5c <SRAM_BT_BACK_RCODE_SIZE+0x35c>
  70:	00000a38 	0xa38
  74:	0300340b 	0x300340b
  78:	3b0b3a08 	xori	t3,t8,0x3a08
  7c:	3f13490b 	0x3f13490b
  80:	000a020c 	syscall	0x2808
  84:	11010000 	beq	t0,at,88 <SRAM_CARD_DATA_SIZE+0x8>
  88:	12061001 	beq	s0,a2,4090 <SRAM_AP_BANK_BACK_AL_1_SIZE+0x90>
  8c:	25011101 	addiu	at,t0,4353
  90:	030b1308 	0x30b1308
  94:	00081b08 	0x81b08
  98:	00240200 	0x240200
  9c:	0b0b0803 	j	c2c200c <BANK_SPACE+0xc28200c>
  a0:	00000b3e 	0xb3e
  a4:	03002403 	0x3002403
  a8:	3e0b0b0e 	0x3e0b0b0e
  ac:	0400000b 	bltz	zero,dc <SRAM_CARD_DATA_SIZE+0x5c>
  b0:	08030016 	j	c0058 <BANK_SPACE+0x80058>
  b4:	0b3b0b3a 	j	cec2ce8 <BANK_SPACE+0xce82ce8>
  b8:	00001349 	0x1349
  bc:	0b000f05 	j	c003c14 <BANK_SPACE+0xbfc3c14>
  c0:	0600000b 	bltz	s0,f0 <SRAM_RAM2_RESEVER_SIZE+0x10>
  c4:	13010101 	beq	t8,at,4cc <KERNEL_BANK_A_SIZE+0xcc>
  c8:	00001349 	0x1349
  cc:	49002107 	bc2f	84ec <SRAM_OS_RCODE_ADDR+0x4ec>
  d0:	000b2f13 	0xb2f13
  d4:	012e0800 	0x12e0800
  d8:	0c3f1301 	jal	fc4c04 <BANK_SPACE+0xf84c04>
  dc:	0b3a0803 	j	ce8200c <BANK_SPACE+0xce4200c>
  e0:	0c270b3b 	jal	9c2cec <BANK_SPACE+0x982cec>
  e4:	01120111 	0x1120111
  e8:	00000a40 	sll	at,zero,0x9
  ec:	03000509 	0x3000509
  f0:	3b0b3a08 	xori	t3,t8,0x3a08
  f4:	0213490b 	0x213490b
  f8:	0a00000a 	j	8000028 <BANK_SPACE+0x7fc0028>
  fc:	08030034 	j	c00d0 <BANK_SPACE+0x800d0>
 100:	0b3b0b3a 	j	cec2ce8 <BANK_SPACE+0xce82ce8>
 104:	0a021349 	j	8084d24 <BANK_SPACE+0x8044d24>
 108:	340b0000 	li	t3,0x0
 10c:	3a080300 	xori	t0,s0,0x300
 110:	490b3b0b 	bc2tl	$cc2,ed40 <SRAM_ASRC_BUF_0_ADDR+0xd40>
 114:	3c0c3f13 	lui	t4,0x3f13
 118:	0000000c 	syscall
 11c:	10011101 	beq	zero,at,4524 <SRAM_AP_BANK_BACK_AL_1_SIZE+0x524>
 120:	11011206 	beq	t0,at,493c <SRAM_AP_BANK_BACK_AL_1_SIZE+0x93c>
 124:	13082501 	beq	t8,t0,952c <SRAM_BANK_B_ADDR+0x12c>
 128:	1b08030b 	0x1b08030b
 12c:	02000008 	jr	s0
 130:	08030024 	j	c0090 <BANK_SPACE+0x80090>
 134:	0b3e0b0b 	j	cf82c2c <BANK_SPACE+0xcf42c2c>
 138:	24030000 	li	v1,0
 13c:	0b0e0300 	j	c380c00 <BANK_SPACE+0xc340c00>
 140:	000b3e0b 	0xb3e0b
 144:	00160400 	sll	zero,s6,0x10
 148:	0b3a0803 	j	ce8200c <BANK_SPACE+0xce4200c>
 14c:	13490b3b 	beq	k0,t1,2e3c <SRAM_BT_BACK_RCODE_SIZE+0x43c>
 150:	01050000 	0x1050000
 154:	49130101 	bc2tl	$cc4,55c <SRAM_BT_CONTROLLER_RCODE_SIZE+0x5c>
 158:	06000013 	bltz	s0,1a8 <SRAM_BTMANAGER_DATA_SIZE+0x68>
 15c:	13490021 	beq	k0,t1,1e4 <SRAM_BTMANAGER_DATA_SIZE+0xa4>
 160:	00000b2f 	0xb2f
 164:	01012e07 	0x1012e07
 168:	030c3f13 	0x30c3f13
 16c:	3b0b3a08 	xori	t3,t8,0x3a08
 170:	110c270b 	beq	t0,t4,9da0 <SRAM_TEXT_ADDR+0x1a0>
 174:	40011201 	0x40011201
 178:	0800000a 	j	28 <SRAM_CARD_GLOBAL_DATA_SIZE+0x18>
 17c:	08030005 	j	c0014 <BANK_SPACE+0x80014>
 180:	0b3b0b3a 	j	cec2ce8 <BANK_SPACE+0xce82ce8>
 184:	0a021349 	j	8084d24 <BANK_SPACE+0x8044d24>
 188:	34090000 	li	t1,0x0
 18c:	3a080300 	xori	t0,s0,0x300
 190:	490b3b0b 	bc2tl	$cc2,edc0 <SRAM_ASRC_BUF_0_ADDR+0xdc0>
 194:	000a0213 	0xa0213
 198:	00340a00 	0x340a00
 19c:	0b3a0803 	j	ce8200c <BANK_SPACE+0xce4200c>
 1a0:	13490b3b 	beq	k0,t1,2e90 <SRAM_BT_BACK_RCODE_SIZE+0x490>
 1a4:	0a020c3f 	j	80830fc <BANK_SPACE+0x80430fc>
 1a8:	260b0000 	addiu	t3,s0,0
 1ac:	00134900 	sll	t1,s3,0x4
 1b0:	11010000 	beq	t0,at,1b4 <SRAM_BTMANAGER_DATA_SIZE+0x74>
 1b4:	12061001 	beq	s0,a2,41bc <SRAM_AP_BANK_BACK_AL_1_SIZE+0x1bc>
 1b8:	25011101 	addiu	at,t0,4353
 1bc:	030b1308 	0x30b1308
 1c0:	00081b08 	0x81b08
 1c4:	00240200 	0x240200
 1c8:	0b0b0803 	j	c2c200c <BANK_SPACE+0xc28200c>
 1cc:	00000b3e 	0xb3e
 1d0:	03001603 	0x3001603
 1d4:	3b0b3a08 	xori	t3,t8,0x3a08
 1d8:	0013490b 	0x13490b
 1dc:	00240400 	0x240400
 1e0:	0b0b0e03 	j	c2c380c <BANK_SPACE+0xc28380c>
 1e4:	00000b3e 	0xb3e
 1e8:	3f002e05 	0x3f002e05
 1ec:	3a08030c 	xori	t0,s0,0x30c
 1f0:	270b3b0b 	addiu	t3,t8,15115
 1f4:	1201110c 	beq	s0,at,4628 <SRAM_AP_BANK_BACK_AL_1_SIZE+0x628>
 1f8:	000a4001 	0xa4001
 1fc:	012e0600 	0x12e0600
 200:	0c3f1301 	jal	fc4c04 <BANK_SPACE+0xf84c04>
 204:	0b3a0803 	j	ce8200c <BANK_SPACE+0xce4200c>
 208:	0c270b3b 	jal	9c2cec <BANK_SPACE+0x982cec>
 20c:	01120111 	0x1120111
 210:	00000a40 	sll	at,zero,0x9
 214:	03000507 	0x3000507
 218:	3b0b3a08 	xori	t3,t8,0x3a08
 21c:	0213490b 	0x213490b
 220:	0800000a 	j	28 <SRAM_CARD_GLOBAL_DATA_SIZE+0x18>
 224:	08030034 	j	c00d0 <BANK_SPACE+0x800d0>
 228:	0b3b0b3a 	j	cec2ce8 <BANK_SPACE+0xce82ce8>
 22c:	0a021349 	j	8084d24 <BANK_SPACE+0x8044d24>
 230:	0f090000 	jal	c240000 <BANK_SPACE+0xc200000>
 234:	490b0b00 	bc2tl	$cc2,2e38 <SRAM_BT_BACK_RCODE_SIZE+0x438>
 238:	0a000013 	j	800004c <BANK_SPACE+0x7fc004c>
 23c:	08030034 	j	c00d0 <BANK_SPACE+0x800d0>
 240:	0b3b0b3a 	j	cec2ce8 <BANK_SPACE+0xce82ce8>
 244:	0c3f1349 	jal	fc4d24 <BANK_SPACE+0xf84d24>
 248:	00000c3c 	0xc3c
 24c:	01110100 	0x1110100
 250:	01120610 	0x1120610
 254:	08250111 	j	940444 <BANK_SPACE+0x900444>
 258:	08030b13 	j	c2c4c <BANK_SPACE+0x82c4c>
 25c:	0000081b 	0x81b
 260:	03002402 	0x3002402
 264:	3e0b0b08 	0x3e0b0b08
 268:	0300000b 	movn	zero,t8,zero
 26c:	0e030024 	jal	80c0090 <BANK_SPACE+0x8080090>
 270:	0b3e0b0b 	j	cf82c2c <BANK_SPACE+0xcf42c2c>
 274:	16040000 	bne	s0,a0,278 <SRAM_AP_RCP_COMMAND_BUFFER_SIZE+0x58>
 278:	3a080300 	xori	t0,s0,0x300
 27c:	490b3b0b 	bc2tl	$cc2,eeac <SRAM_ASRC_BUF_0_ADDR+0xeac>
 280:	05000013 	bltz	t0,2d0 <SRAM_AP_RCP_COMMAND_BUFFER_SIZE+0xb0>
 284:	0b0b000f 	j	c2c003c <BANK_SPACE+0xc28003c>
 288:	2e060000 	sltiu	a2,s0,0
 28c:	3f130101 	0x3f130101
 290:	3a08030c 	xori	t0,s0,0x30c
 294:	270b3b0b 	addiu	t3,t8,15115
 298:	1201110c 	beq	s0,at,46cc <SRAM_AP_BANK_BACK_AL_1_SIZE+0x6cc>
 29c:	000a4001 	0xa4001
 2a0:	00050700 	sll	zero,a1,0x1c
 2a4:	0b3a0803 	j	ce8200c <BANK_SPACE+0xce4200c>
 2a8:	13490b3b 	beq	k0,t1,2f98 <SRAM_BT_BACK_RCODE_SIZE+0x598>
 2ac:	00000a02 	srl	at,zero,0x8
 2b0:	03003408 	0x3003408
 2b4:	3b0b3a08 	xori	t3,t8,0x3a08
 2b8:	3f13490b 	0x3f13490b
 2bc:	000a020c 	syscall	0x2808
 2c0:	11010000 	beq	t0,at,2c4 <SRAM_AP_RCP_COMMAND_BUFFER_SIZE+0xa4>
 2c4:	12061001 	beq	s0,a2,42cc <SRAM_AP_BANK_BACK_AL_1_SIZE+0x2cc>
 2c8:	25011101 	addiu	at,t0,4353
 2cc:	030b1308 	0x30b1308
 2d0:	00081b08 	0x81b08
 2d4:	00240200 	0x240200
 2d8:	0b0b0803 	j	c2c200c <BANK_SPACE+0xc28200c>
 2dc:	00000b3e 	0xb3e
 2e0:	03001603 	0x3001603
 2e4:	3b0b3a08 	xori	t3,t8,0x3a08
 2e8:	0013490b 	0x13490b
 2ec:	00240400 	0x240400
 2f0:	0b0b0e03 	j	c2c380c <BANK_SPACE+0xc28380c>
 2f4:	00000b3e 	0xb3e
 2f8:	3f002e05 	0x3f002e05
 2fc:	3a08030c 	xori	t0,s0,0x30c
 300:	270b3b0b 	addiu	t3,t8,15115
 304:	1201110c 	beq	s0,at,4738 <SRAM_AP_BANK_BACK_AL_1_SIZE+0x738>
 308:	000a4001 	0xa4001
 30c:	012e0600 	0x12e0600
 310:	0c3f1301 	jal	fc4c04 <BANK_SPACE+0xf84c04>
 314:	0b3a0803 	j	ce8200c <BANK_SPACE+0xce4200c>
 318:	0c270b3b 	jal	9c2cec <BANK_SPACE+0x982cec>
 31c:	01111349 	0x1111349
 320:	0a400112 	j	9000448 <BANK_SPACE+0x8fc0448>
 324:	05070000 	0x5070000
 328:	3a080300 	xori	t0,s0,0x300
 32c:	490b3b0b 	bc2tl	$cc2,ef5c <SRAM_ASRC_BUF_0_ADDR+0xf5c>
 330:	000a0213 	0xa0213
 334:	012e0800 	0x12e0800
 338:	0c3f1301 	jal	fc4c04 <BANK_SPACE+0xf84c04>
 33c:	0b3a0803 	j	ce8200c <BANK_SPACE+0xce4200c>
 340:	0c270b3b 	jal	9c2cec <BANK_SPACE+0x982cec>
 344:	01120111 	0x1120111
 348:	00000a40 	sll	at,zero,0x9
 34c:	03003409 	jalr.hb	a2,t8
 350:	3b0b3a08 	xori	t3,t8,0x3a08
 354:	3f13490b 	0x3f13490b
 358:	000a020c 	syscall	0x2808
 35c:	11010000 	beq	t0,at,360 <SRAM_FS_DATA_SIZE+0x60>
 360:	12061001 	beq	s0,a2,4368 <SRAM_AP_BANK_BACK_AL_1_SIZE+0x368>
 364:	25011101 	addiu	at,t0,4353
 368:	030b1308 	0x30b1308
 36c:	00081b08 	0x81b08
 370:	00240200 	0x240200
 374:	0b0b0803 	j	c2c200c <BANK_SPACE+0xc28200c>
 378:	00000b3e 	0xb3e
 37c:	03002403 	0x3002403
 380:	3e0b0b0e 	0x3e0b0b0e
 384:	0400000b 	bltz	zero,3b4 <SRAM_FS_DATA_SIZE+0xb4>
 388:	0b0b000f 	j	c2c003c <BANK_SPACE+0xc28003c>
 38c:	2e050000 	sltiu	a1,s0,0
 390:	3f130101 	0x3f130101
 394:	3a08030c 	xori	t0,s0,0x30c
 398:	270b3b0b 	addiu	t3,t8,15115
 39c:	1113490c 	beq	t0,s3,127d0 <SRAM_BT_BACK_RCODE_ADDR+0x17d0>
 3a0:	40011201 	0x40011201
 3a4:	0600000a 	bltz	s0,3d0 <SRAM_FS_DATA_SIZE+0xd0>
 3a8:	08030005 	j	c0014 <BANK_SPACE+0x80014>
 3ac:	0b3b0b3a 	j	cec2ce8 <BANK_SPACE+0xce82ce8>
 3b0:	0a021349 	j	8084d24 <BANK_SPACE+0x8044d24>
 3b4:	2e070000 	sltiu	a3,s0,0
 3b8:	030c3f01 	0x30c3f01
 3bc:	3b0b3a08 	xori	t3,t8,0x3a08
 3c0:	490c270b 	bc2f	$cc3,9ff0 <SRAM_RAM6_CCD_GLOBAL_DATA_ADDR+0x30>
 3c4:	12011113 	beq	s0,at,4814 <SRAM_AP_BANK_BACK_AL_1_SIZE+0x814>
 3c8:	000a4001 	0xa4001
	...
Disassembly of section .debug_info:

00000000 <.debug_info>:
       0:	0000026c 	0x26c
       4:	00000002 	srl	zero,zero,0x0
       8:	01040000 	0x1040000
       c:	00000000 	nop
      10:	bfc09c00 	cache	0x0,-25600(s8)
      14:	bfc09c00 	cache	0x0,-25600(s8)
      18:	20554e47 	addi	s5,v0,20039
      1c:	2e332043 	sltiu	s3,s1,8259
      20:	20342e34 	addi	s4,at,11828
      24:	7370696d 	0x7370696d
      28:	2d656473 	sltiu	a1,t3,25715
      2c:	36302e36 	ori	s0,s1,0x2e36
      30:	2d31302e 	sltiu	s1,t1,12334
      34:	37303032 	ori	s0,t9,0x3032
      38:	30323430 	andi	s2,at,0x3430
      3c:	63720100 	0x63720100
      40:	5f65646f 	0x5f65646f
      44:	5f64656c 	0x5f64656c
      48:	655f706f 	0x655f706f
      4c:	7972746e 	0x7972746e
      50:	2f00632e 	sltiu	zero,t8,25390
      54:	64677963 	0x64677963
      58:	65766972 	0x65766972
      5c:	612f642f 	0x612f642f
      60:	6f697463 	0x6f697463
      64:	732f736e 	0x732f736e
      68:	64736474 	0x64736474
      6c:	6f632f6b 	0x6f632f6b
      70:	752f6564 	jalx	4bd9590 <BANK_SPACE+0x4b99590>
      74:	32383273 	andi	t8,s1,0x3273
      78:	696c5f61 	0x696c5f61
      7c:	7474696d 	jalx	1d1a5b4 <BANK_SPACE+0x1cda5b4>
      80:	69647377 	0x69647377
      84:	766f6373 	jalx	9bd8dcc <BANK_SPACE+0x9b98dcc>
      88:	62617265 	0x62617265
      8c:	765f656c 	jalx	97d95b0 <BANK_SPACE+0x97995b0>
      90:	34303831 	ori	s0,at,0x3831
      94:	7361632f 	0x7361632f
      98:	72642f65 	0x72642f65
      9c:	454c2f76 	0x454c2f76
      a0:	53375f44 	beql	t9,s7,17db4 <SRAM_CARD_UD_RCODE_ADDR+0x9b4>
      a4:	02004745 	0x2004745
      a8:	69736e75 	0x69736e75
      ac:	64656e67 	0x64656e67
      b0:	61686320 	0x61686320
      b4:	08010072 	j	401c8 <BANK_SPACE+0x1c8>
      b8:	67697302 	0x67697302
      bc:	2064656e 	addi	a0,v1,25966
      c0:	72616863 	0x72616863
      c4:	02060100 	0x2060100
      c8:	726f6873 	0x726f6873
      cc:	6e752074 	0x6e752074
      d0:	6e676973 	0x6e676973
      d4:	69206465 	0x69206465
      d8:	0200746e 	0x200746e
      dc:	68730207 	0x68730207
      e0:	2074726f 	addi	s4,v1,29295
      e4:	00746e69 	0x746e69
      e8:	00030502 	srl	zero,v1,0x14
      ec:	04000000 	bltz	zero,f0 <SRAM_RAM2_RESEVER_SIZE+0x10>
      f0:	6f6c0207 	0x6f6c0207
      f4:	6920676e 	0x6920676e
      f8:	0400746e 	bltz	zero,1d2b4 <SRAM_OS_TASK_STACK_ADDR+0x1cb4>
      fc:	6c660205 	0x6c660205
     100:	0074616f 	0x74616f
     104:	64020404 	0x64020404
     108:	6c62756f 	0x6c62756f
     10c:	04080065 	tgei	zero,101
     110:	6e6f6c02 	0x6e6f6c02
     114:	6f6c2067 	0x6f6c2067
     118:	7520676e 	jalx	4819db8 <BANK_SPACE+0x47d9db8>
     11c:	6769736e 	0x6769736e
     120:	2064656e 	addi	a0,v1,25966
     124:	00746e69 	0x746e69
     128:	6c020708 	0x6c020708
     12c:	20676e6f 	addi	a3,v1,28271
     130:	676e6f6c 	0x676e6f6c
     134:	746e6920 	jalx	1b9a480 <BANK_SPACE+0x1b5a480>
     138:	02050800 	0x2050800
     13c:	69736e75 	0x69736e75
     140:	64656e67 	0x64656e67
     144:	746e6920 	jalx	1b9a480 <BANK_SPACE+0x1b5a480>
     148:	02070400 	0x2070400
     14c:	00746e69 	0x746e69
     150:	63020504 	0x63020504
     154:	00726168 	0x726168
     158:	00030601 	0x30601
     15c:	04000000 	bltz	zero,160 <SRAM_BTMANAGER_DATA_SIZE+0x20>
     160:	05040407 	0x5040407
     164:	00016904 	0x16904
     168:	01830600 	0x1830600
     16c:	61010000 	0x61010000
     170:	07000001 	bltz	t8,178 <SRAM_BTMANAGER_DATA_SIZE+0x38>
     174:	00000161 	0x161
     178:	00016107 	0x16107
     17c:	01610700 	0x1610700
     180:	08000000 	j	0 <DRV_GROUP_STG_BASE>
     184:	5f64656c 	0x5f64656c
     188:	665f706f 	0x665f706f
     18c:	00636e75 	0x636e75
     190:	01630e01 	0x1630e01
     194:	36090000 	ori	t1,s0,0x0
     198:	14000002 	bnez	zero,1a4 <SRAM_BTMANAGER_DATA_SIZE+0x64>
     19c:	730a1701 	0x730a1701
     1a0:	5f767264 	0x5f767264
     1a4:	5f64656c 	0x5f64656c
     1a8:	70736964 	0x70736964
     1ac:	0079616c 	0x79616c
     1b0:	01831201 	0x1831201
     1b4:	23020000 	addi	v0,t8,0
     1b8:	64730a00 	0x64730a00
     1bc:	635f7672 	0x635f7672
     1c0:	7261656c 	0x7261656c
     1c4:	7263735f 	udi15	s3,v1,t6,0xd
     1c8:	006e6565 	0x6e6565
     1cc:	01831301 	0x1831301
     1d0:	23020000 	addi	v0,t8,0
     1d4:	64730a04 	0x64730a04
     1d8:	665f7672 	0x665f7672
     1dc:	6873616c 	0x6873616c
     1e0:	7263735f 	udi15	s3,v1,t6,0xd
     1e4:	006e6565 	0x6e6565
     1e8:	01831401 	0x1831401
     1ec:	23020000 	addi	v0,t8,0
     1f0:	64730a08 	0x64730a08
     1f4:	775f7672 	jalx	d7dd9c8 <BANK_SPACE+0xd79d9c8>
     1f8:	5f656b61 	0x5f656b61
     1fc:	4c5f7075 	0x4c5f7075
     200:	645f4445 	0x645f4445
     204:	6c707369 	0x6c707369
     208:	01007961 	0x1007961
     20c:	00018315 	0x18315
     210:	0c230200 	jal	8c0800 <BANK_SPACE+0x880800>
     214:	7264730a 	0x7264730a
     218:	6c735f76 	0x6c735f76
     21c:	5f706565 	0x5f706565
     220:	5f44454c 	0x5f44454c
     224:	70736964 	0x70736964
     228:	0079616c 	0x79616c
     22c:	01831601 	0x1831601
     230:	23020000 	addi	v0,t8,0
     234:	6c080010 	0x6c080010
     238:	645f6465 	0x645f6465
     23c:	65766972 	0x65766972
     240:	706f5f72 	0x706f5f72
     244:	74617265 	jalx	185c994 <BANK_SPACE+0x181c994>
     248:	736e6f69 	0x736e6f69
     24c:	96170100 	lhu	s7,256(s0)
     250:	0b000001 	j	c000004 <BANK_SPACE+0xbfc0004>
     254:	5f64656c 	0x5f64656c
     258:	76697264 	jalx	9a5c990 <BANK_SPACE+0x9a1c990>
     25c:	6f5f7265 	0x6f5f7265
     260:	1b010070 	0x1b010070
     264:	00000236 	tne	zero,zero,0x8
     268:	00030501 	0x30501
     26c:	009fc0bf 	0x9fc0bf
     270:	000001f2 	tlt	zero,zero,0x7
     274:	00860002 	0x860002
     278:	01040000 	0x1040000
     27c:	00000032 	tlt	zero,zero
     280:	bfc09c40 	cache	0x0,-25536(s8)
     284:	bfc09c00 	cache	0x0,-25600(s8)
     288:	20554e47 	addi	s5,v0,20039
     28c:	2e332043 	sltiu	s3,s1,8259
     290:	20342e34 	addi	s4,at,11828
     294:	7370696d 	0x7370696d
     298:	2d656473 	sltiu	a1,t3,25715
     29c:	36302e36 	ori	s0,s1,0x2e36
     2a0:	2d31302e 	sltiu	s1,t1,12334
     2a4:	37303032 	ori	s0,t9,0x3032
     2a8:	30323430 	andi	s2,at,0x3430
     2ac:	64730100 	0x64730100
     2b0:	635f7672 	0x635f7672
     2b4:	7261656c 	0x7261656c
     2b8:	7263735f 	udi15	s3,v1,t6,0xd
     2bc:	2e6e6565 	sltiu	t6,s3,25957
     2c0:	632f0063 	0x632f0063
     2c4:	72646779 	0x72646779
     2c8:	2f657669 	sltiu	a1,k1,30313
     2cc:	63612f64 	0x63612f64
     2d0:	6e6f6974 	0x6e6f6974
     2d4:	74732f73 	jalx	1ccbdcc <BANK_SPACE+0x1c8bdcc>
     2d8:	6b647364 	0x6b647364
     2dc:	646f632f 	0x646f632f
     2e0:	73752f65 	0x73752f65
     2e4:	61323832 	0x61323832
     2e8:	6d696c5f 	0x6d696c5f
     2ec:	77747469 	jalx	dd1d1a4 <BANK_SPACE+0xdcdd1a4>
     2f0:	73696473 	0x73696473
     2f4:	65766f63 	0x65766f63
     2f8:	6c626172 	0x6c626172
     2fc:	31765f65 	andi	s6,t3,0x5f65
     300:	2f343038 	sltiu	s4,t9,12344
     304:	65736163 	0x65736163
     308:	7672642f 	jalx	9c990bc <BANK_SPACE+0x9c590bc>
     30c:	44454c2f 	0x44454c2f
     310:	4553375f 	0x4553375f
     314:	75020047 	jalx	408011c <BANK_SPACE+0x404011c>
     318:	6769736e 	0x6769736e
     31c:	2064656e 	addi	a0,v1,25966
     320:	72616863 	0x72616863
     324:	02080100 	0x2080100
     328:	6e676973 	0x6e676973
     32c:	63206465 	0x63206465
     330:	00726168 	0x726168
     334:	73020601 	0x73020601
     338:	74726f68 	jalx	1c9bda0 <BANK_SPACE+0x1c5bda0>
     33c:	736e7520 	0x736e7520
     340:	656e6769 	0x656e6769
     344:	6e692064 	0x6e692064
     348:	07020074 	bltzl	t8,51c <SRAM_BT_CONTROLLER_RCODE_SIZE+0x1c>
     34c:	6f687302 	0x6f687302
     350:	69207472 	0x69207472
     354:	0200746e 	0x200746e
     358:	00120305 	0x120305
     35c:	07040000 	0x7040000
     360:	6e6f6c02 	0x6e6f6c02
     364:	6e692067 	0x6e692067
     368:	05040074 	0x5040074
     36c:	6f6c6602 	0x6f6c6602
     370:	04007461 	bltz	zero,1d4f8 <SRAM_OS_TASK_STACK_ADDR+0x1ef8>
     374:	6f640204 	0x6f640204
     378:	656c6275 	0x656c6275
     37c:	02040800 	0x2040800
     380:	676e6f6c 	0x676e6f6c
     384:	6e6f6c20 	0x6e6f6c20
     388:	6e752067 	0x6e752067
     38c:	6e676973 	0x6e676973
     390:	69206465 	0x69206465
     394:	0800746e 	j	1d1b8 <SRAM_OS_TASK_STACK_ADDR+0x1bb8>
     398:	6f6c0207 	0x6f6c0207
     39c:	6c20676e 	0x6c20676e
     3a0:	20676e6f 	addi	a3,v1,28271
     3a4:	00746e69 	0x746e69
     3a8:	75020508 	jalx	4081420 <BANK_SPACE+0x4041420>
     3ac:	6769736e 	0x6769736e
     3b0:	2064656e 	addi	a0,v1,25966
     3b4:	00746e69 	0x746e69
     3b8:	75040704 	jalx	4101c10 <BANK_SPACE+0x40c1c10>
     3bc:	38746e69 	xori	s4,v1,0x6e69
     3c0:	a6150200 	sh	s5,512(s0)
     3c4:	02000000 	0x2000000
     3c8:	00746e69 	0x746e69
     3cc:	63020504 	0x63020504
     3d0:	00726168 	0x726168
     3d4:	12030601 	beq	s0,v1,1bdc <SRAM_BTCALL_CALLRING_BUF_SIZE+0xbdc>
     3d8:	04000000 	bltz	zero,3dc <SRAM_FS_DATA_SIZE+0xdc>
     3dc:	06040507 	0x6040507
     3e0:	0000017f 	0x17f
     3e4:	0000014a 	0x14a
     3e8:	00016607 	0x16607
     3ec:	08000700 	j	1c00 <SROM_FS_SIZE>
     3f0:	000001e1 	0x1e1
     3f4:	72647301 	0x72647301
     3f8:	6c635f76 	0x6c635f76
     3fc:	5f726165 	0x5f726165
     400:	65726373 	0x65726373
     404:	01006e65 	0x1006e65
     408:	9c010119 	0x9c010119
     40c:	9c38bfc0 	0x9c38bfc0
     410:	6101bfc0 	0x6101bfc0
     414:	6c756e09 	0x6c756e09
     418:	0100316c 	0x100316c
     41c:	00016d18 	0x16d18
     420:	10910200 	beq	a0,s1,c24 <SRAM_ASRC_BUF_1_SIZE+0x24>
     424:	6c756e09 	0x6c756e09
     428:	0100326c 	0x100326c
     42c:	00016d18 	0x16d18
     430:	14910200 	bne	a0,s1,c34 <SRAM_ASRC_BUF_1_SIZE+0x34>
     434:	6c756e09 	0x6c756e09
     438:	0100336c 	0x100336c
     43c:	00016d18 	0x16d18
     440:	18910200 	0x18910200
     444:	0100690a 	0x100690a
     448:	00014a1a 	0x14a1a
     44c:	00910200 	0x910200
     450:	75630b00 	jalx	58c2c00 <BANK_SPACE+0x5882c00>
     454:	69645f72 	0x69645f72
     458:	6c617673 	0x6c617673
     45c:	6f110300 	0x6f110300
     460:	01000001 	movf	zero,t0,$fcc0
     464:	02f40001 	movf	zero,s7,$fcc5
     468:	00020000 	sll	zero,v0,0x0
     46c:	0000011c 	0x11c
     470:	00af0104 	0xaf0104
     474:	9d800000 	0x9d800000
     478:	9c40bfc0 	0x9c40bfc0
     47c:	4e47bfc0 	c3	0x47bfc0
     480:	20432055 	addi	v1,v0,8277
     484:	2e342e33 	sltiu	s4,s1,11827
     488:	696d2034 	0x696d2034
     48c:	64737370 	0x64737370
     490:	2e362d65 	sltiu	s6,s1,11621
     494:	302e3630 	andi	t6,at,0x3630
     498:	30322d31 	andi	s2,at,0x2d31
     49c:	34303730 	ori	s0,at,0x3730
     4a0:	01003032 	tlt	t0,zero,0xc0
     4a4:	76726473 	jalx	9c991cc <BANK_SPACE+0x9c591cc>
     4a8:	64656c5f 	0x64656c5f
     4ac:	7369645f 	udi15	k1,t1,t4,0x11
     4b0:	79616c70 	0x79616c70
     4b4:	2f00632e 	sltiu	zero,t8,25390
     4b8:	64677963 	0x64677963
     4bc:	65766972 	0x65766972
     4c0:	612f642f 	0x612f642f
     4c4:	6f697463 	0x6f697463
     4c8:	732f736e 	0x732f736e
     4cc:	64736474 	0x64736474
     4d0:	6f632f6b 	0x6f632f6b
     4d4:	752f6564 	jalx	4bd9590 <BANK_SPACE+0x4b99590>
     4d8:	32383273 	andi	t8,s1,0x3273
     4dc:	696c5f61 	0x696c5f61
     4e0:	7474696d 	jalx	1d1a5b4 <BANK_SPACE+0x1cda5b4>
     4e4:	69647377 	0x69647377
     4e8:	766f6373 	jalx	9bd8dcc <BANK_SPACE+0x9b98dcc>
     4ec:	62617265 	0x62617265
     4f0:	765f656c 	jalx	97d95b0 <BANK_SPACE+0x97995b0>
     4f4:	34303831 	ori	s0,at,0x3831
     4f8:	7361632f 	0x7361632f
     4fc:	72642f65 	0x72642f65
     500:	454c2f76 	0x454c2f76
     504:	53375f44 	beql	t9,s7,18218 <SRAM_FS_DATA_ADDR+0x218>
     508:	02004745 	0x2004745
     50c:	69736e75 	0x69736e75
     510:	64656e67 	0x64656e67
     514:	61686320 	0x61686320
     518:	08010072 	j	401c8 <BANK_SPACE+0x1c8>
     51c:	67697302 	0x67697302
     520:	2064656e 	addi	a0,v1,25966
     524:	72616863 	0x72616863
     528:	02060100 	0x2060100
     52c:	726f6873 	0x726f6873
     530:	6e752074 	0x6e752074
     534:	6e676973 	0x6e676973
     538:	69206465 	0x69206465
     53c:	0200746e 	0x200746e
     540:	68730207 	0x68730207
     544:	2074726f 	addi	s4,v1,29295
     548:	00746e69 	0x746e69
     54c:	24030502 	li	v1,1282
     550:	04000000 	bltz	zero,554 <SRAM_BT_CONTROLLER_RCODE_SIZE+0x54>
     554:	6f6c0207 	0x6f6c0207
     558:	6920676e 	0x6920676e
     55c:	0400746e 	bltz	zero,1d718 <SRAM_BANK_C_ADDR+0x218>
     560:	6c660205 	0x6c660205
     564:	0074616f 	0x74616f
     568:	64020404 	0x64020404
     56c:	6c62756f 	0x6c62756f
     570:	04080065 	tgei	zero,101
     574:	6e6f6c02 	0x6e6f6c02
     578:	6f6c2067 	0x6f6c2067
     57c:	7520676e 	jalx	4819db8 <BANK_SPACE+0x47d9db8>
     580:	6769736e 	0x6769736e
     584:	2064656e 	addi	a0,v1,25966
     588:	00746e69 	0x746e69
     58c:	6c020708 	0x6c020708
     590:	20676e6f 	addi	a3,v1,28271
     594:	676e6f6c 	0x676e6f6c
     598:	746e6920 	jalx	1b9a480 <BANK_SPACE+0x1b5a480>
     59c:	02050800 	0x2050800
     5a0:	69736e75 	0x69736e75
     5a4:	64656e67 	0x64656e67
     5a8:	746e6920 	jalx	1b9a480 <BANK_SPACE+0x1b5a480>
     5ac:	04070400 	0x4070400
     5b0:	746e6975 	jalx	1b9a5d4 <BANK_SPACE+0x1b5a5d4>
     5b4:	15020038 	bne	t0,v0,698 <SRAM_OS_HEAP_SIZE+0x18>
     5b8:	000000a5 	0xa5
     5bc:	746e6902 	jalx	1b9a408 <BANK_SPACE+0x1b5a408>
     5c0:	02050400 	0x2050400
     5c4:	72616863 	0x72616863
     5c8:	03060100 	0x3060100
     5cc:	00000024 	and	zero,zero,zero
     5d0:	7c050704 	0x7c050704
     5d4:	49000001 	bc2f	5dc <SRAM_BT_CONTROLLER_RCODE_SIZE+0xdc>
     5d8:	06000001 	bltz	s0,5e0 <SRAM_BT_CONTROLLER_RCODE_SIZE+0xe0>
     5dc:	00000165 	0x165
     5e0:	17070007 	bne	t8,a3,600 <SRAM_AP_BACK_BASAL_RCODE_SIZE>
     5e4:	01000002 	0x1000002
     5e8:	76726473 	jalx	9c991cc <BANK_SPACE+0x9c591cc>
     5ec:	64656c5f 	0x64656c5f
     5f0:	7369645f 	udi15	k1,t1,t4,0x11
     5f4:	79616c70 	0x79616c70
     5f8:	01ad0100 	0x1ad0100
     5fc:	bfc09c41 	cache	0x0,-25535(s8)
     600:	bfc09d68 	cache	0x0,-25240(s8)
     604:	61086101 	0x61086101
     608:	00726464 	0x726464
     60c:	0149ac01 	0x149ac01
     610:	91020000 	lbu	v0,0(t0)
     614:	6f630810 	0x6f630810
     618:	6e65746e 	0x6e65746e
     61c:	ac010074 	sw	at,116(zero)
     620:	00000149 	0x149
     624:	08149102 	j	524408 <BANK_SPACE+0x4e4408>
     628:	65707974 	0x65707974
     62c:	49ac0100 	0x49ac0100
     630:	02000001 	movf	zero,s0,$fcc0
     634:	64091891 	0x64091891
     638:	765f7369 	jalx	97dcda4 <BANK_SPACE+0x979cda4>
     63c:	01006c61 	0x1006c61
     640:	000149ae 	0x149ae
     644:	00910200 	0x910200
     648:	61657209 	0x61657209
     64c:	64615f6c 	0x64615f6c
     650:	01007264 	0x1007264
     654:	000149af 	0x149af
     658:	01910200 	0x1910200
     65c:	01006909 	0x1006909
     660:	000149af 	0x149af
     664:	02910200 	0x2910200
     668:	62617409 	0x62617409
     66c:	646e695f 	0x646e695f
     670:	01007865 	0x1007865
     674:	000149b0 	tge	zero,at,0x126
     678:	03910200 	0x3910200
     67c:	75630a00 	jalx	58c2800 <BANK_SPACE+0x5882800>
     680:	69645f72 	0x69645f72
     684:	6c617673 	0x6c617673
     688:	6c310100 	0x6c310100
     68c:	01000001 	movf	zero,t0,$fcc0
     690:	bf180305 	cache	0x18,773(t8)
     694:	40059fc0 	0x40059fc0
     698:	40000002 	mfc0	zero,$0,2
     69c:	06000002 	bltz	s0,6a8 <SRAM_OS_HEAP_SIZE+0x28>
     6a0:	00000165 	0x165
     6a4:	490b0011 	bc2tl	$cc2,6ec <SRAM_OS_HEAP_SIZE+0x6c>
     6a8:	0a000001 	j	8000004 <BANK_SPACE+0x7fc0004>
     6ac:	6e6f6369 	0x6e6f6369
     6b0:	7465735f 	jalx	195cd7c <BANK_SPACE+0x191cd7c>
     6b4:	5c350100 	0x5c350100
     6b8:	01000002 	0x1000002
     6bc:	9d800305 	0x9d800305
     6c0:	300bbfc0 	andi	t3,zero,0xbfc0
     6c4:	05000002 	bltz	t0,6d0 <SRAM_OS_HEAP_SIZE+0x50>
     6c8:	00000271 	tgeu	zero,zero,0x9
     6cc:	00000240 	sll	zero,zero,0x9
     6d0:	00016506 	0x16506
     6d4:	0a002500 	j	8009400 <BANK_SPACE+0x7fc9400>
     6d8:	5f676573 	0x5f676573
     6dc:	006c6176 	tne	v1,t4,0x185
     6e0:	02873801 	0x2873801
     6e4:	05010000 	bgez	t0,6e8 <SRAM_OS_HEAP_SIZE+0x68>
     6e8:	c09d9403 	ll	sp,-27645(a0)
     6ec:	02610bbf 	0x2610bbf
     6f0:	a2050000 	sb	a1,0(s0)
     6f4:	40000002 	mfc0	zero,$0,2
     6f8:	06000002 	bltz	s0,704 <SRAM_AP_FRONT_DATA_SIZE+0x4>
     6fc:	00000165 	0x165
     700:	01650607 	0x1650607
     704:	00010000 	sll	zero,at,0x0
     708:	6f63690a 	0x6f63690a
     70c:	61765f6e 	0x61765f6e
     710:	0100736c 	0x100736c
     714:	0002ba63 	0x2ba63
     718:	03050100 	0x3050100
     71c:	bfc09dbc 	cache	0x0,-25156(s8)
     720:	00028c0b 	0x28c0b
     724:	02db0500 	0x2db0500
     728:	02400000 	0x2400000
     72c:	65060000 	0x65060000
     730:	03000001 	movf	zero,t8,$fcc0
     734:	00016506 	0x16506
     738:	65060600 	0x65060600
     73c:	01000001 	movf	zero,t0,$fcc0
     740:	756e0a00 	jalx	5b82800 <BANK_SPACE+0x5b42800>
     744:	61765f6d 	0x61765f6d
     748:	0100736c 	0x100736c
     74c:	0002f270 	tge	zero,v0,0x3c9
     750:	03050100 	0x3050100
     754:	bfc09dcc 	cache	0x0,-25140(s8)
     758:	0002bf0b 	0x2bf0b
     75c:	020f0000 	0x20f0000
     760:	00020000 	sll	zero,v0,0x0
     764:	000001b2 	tlt	zero,zero,0x6
     768:	01340104 	0x1340104
     76c:	9e840000 	0x9e840000
     770:	9e04bfc0 	0x9e04bfc0
     774:	4e47bfc0 	c3	0x47bfc0
     778:	20432055 	addi	v1,v0,8277
     77c:	2e342e33 	sltiu	s4,s1,11827
     780:	696d2034 	0x696d2034
     784:	64737370 	0x64737370
     788:	2e362d65 	sltiu	s6,s1,11621
     78c:	302e3630 	andi	t6,at,0x3630
     790:	30322d31 	andi	s2,at,0x2d31
     794:	34303730 	ori	s0,at,0x3730
     798:	01003032 	tlt	t0,zero,0xc0
     79c:	76726468 	jalx	9c991a0 <BANK_SPACE+0x9c591a0>
     7a0:	7261685f 	udi15	s3,at,t5,0x1
     7a4:	65645f64 	0x65645f64
     7a8:	632e6c61 	0x632e6c61
     7ac:	79632f00 	0x79632f00
     7b0:	69726467 	0x69726467
     7b4:	642f6576 	0x642f6576
     7b8:	7463612f 	jalx	18d84bc <BANK_SPACE+0x18984bc>
     7bc:	736e6f69 	0x736e6f69
     7c0:	6474732f 	0x6474732f
     7c4:	2f6b6473 	sltiu	t3,k1,25715
     7c8:	65646f63 	0x65646f63
     7cc:	3273752f 	andi	s3,s3,0x752f
     7d0:	5f613238 	0x5f613238
     7d4:	696d696c 	0x696d696c
     7d8:	73777474 	0x73777474
     7dc:	63736964 	0x63736964
     7e0:	7265766f 	0x7265766f
     7e4:	656c6261 	0x656c6261
     7e8:	3831765f 	xori	s1,at,0x765f
     7ec:	632f3430 	0x632f3430
     7f0:	2f657361 	sltiu	a1,k1,29537
     7f4:	2f767264 	sltiu	s6,k1,29284
     7f8:	5f44454c 	0x5f44454c
     7fc:	47455337 	c1	0x1455337
     800:	6e750200 	0x6e750200
     804:	6e676973 	0x6e676973
     808:	63206465 	0x63206465
     80c:	00726168 	0x726168
     810:	49030801 	bc2tl	2818 <SRAM_BTCALL_ASQT_BUF_SIZE+0x18>
     814:	5538544e 	bnel	t1,t8,15950 <SRAM_BT_EXT5_BANK_ADDR+0x1250>
     818:	a30f0400 	sb	t7,1024(t8)
     81c:	02000000 	0x2000000
     820:	6e676973 	0x6e676973
     824:	63206465 	0x63206465
     828:	00726168 	0x726168
     82c:	73020601 	0x73020601
     830:	74726f68 	jalx	1c9bda0 <BANK_SPACE+0x1c5bda0>
     834:	736e7520 	0x736e7520
     838:	656e6769 	0x656e6769
     83c:	6e692064 	0x6e692064
     840:	07020074 	bltzl	t8,a14 <SRAM_AP_BACK_CODEC_RCODE_SIZE+0x14>
     844:	6f687302 	0x6f687302
     848:	69207472 	0x69207472
     84c:	0200746e 	0x200746e
     850:	00360405 	0x360405
     854:	07040000 	0x7040000
     858:	6e6f6c02 	0x6e6f6c02
     85c:	6e692067 	0x6e692067
     860:	05040074 	0x5040074
     864:	6f6c6602 	0x6f6c6602
     868:	04007461 	bltz	zero,1d9f0 <SRAM_AP_FRONT_RCODE_ADDR+0xf0>
     86c:	6f640204 	0x6f640204
     870:	656c6275 	0x656c6275
     874:	02040800 	0x2040800
     878:	676e6f6c 	0x676e6f6c
     87c:	6e6f6c20 	0x6e6f6c20
     880:	6e752067 	0x6e752067
     884:	6e676973 	0x6e676973
     888:	69206465 	0x69206465
     88c:	0800746e 	j	1d1b8 <SRAM_OS_TASK_STACK_ADDR+0x1bb8>
     890:	6f6c0207 	0x6f6c0207
     894:	6c20676e 	0x6c20676e
     898:	20676e6f 	addi	a3,v1,28271
     89c:	00746e69 	0x746e69
     8a0:	75020508 	jalx	4081420 <BANK_SPACE+0x4041420>
     8a4:	6769736e 	0x6769736e
     8a8:	2064656e 	addi	a0,v1,25966
     8ac:	00746e69 	0x746e69
     8b0:	75030704 	jalx	40c1c10 <BANK_SPACE+0x4081c10>
     8b4:	33746e69 	andi	s4,k1,0x6e69
     8b8:	25020032 	addiu	v0,t0,50
     8bc:	00000144 	0x144
     8c0:	746e6902 	jalx	1b9a408 <BANK_SPACE+0x1b5a408>
     8c4:	02050400 	0x2050400
     8c8:	72616863 	0x72616863
     8cc:	04060100 	0x4060100
     8d0:	00000036 	tne	zero,zero
     8d4:	01050704 	0x1050704
     8d8:	74696177 	jalx	1a585dc <BANK_SPACE+0x1a185dc>
     8dc:	726f665f 	udi15	s3,t7,t4,0x19
     8e0:	6172745f 	0x6172745f
     8e4:	0100736e 	0x100736e
     8e8:	9e050119 	0x9e050119
     8ec:	9e2cbfc0 	0x9e2cbfc0
     8f0:	6101bfc0 	0x6101bfc0
     8f4:	0001f406 	0x1f406
     8f8:	64680100 	0x64680100
     8fc:	645f7672 	0x645f7672
     900:	5f617461 	0x5f617461
     904:	646e6573 	0x646e6573
     908:	01320100 	0x1320100
     90c:	bfc09e35 	cache	0x0,-25035(s8)
     910:	bfc09e7c 	cache	0x0,-24964(s8)
     914:	64076101 	0x64076101
     918:	765f7369 	jalx	97dcda4 <BANK_SPACE+0x979cda4>
     91c:	705f6c61 	0x705f6c61
     920:	01007274 	teq	t0,zero,0x1c9
     924:	0001f431 	tgeu	zero,at,0x3d0
     928:	10910200 	beq	a0,s1,112c <SRAM_BTCALL_CALLRING_BUF_SIZE+0x12c>
     92c:	73616d08 	0x73616d08
     930:	61765f6b 	0x61765f6b
     934:	3301006c 	andi	at,t8,0x6c
     938:	00000154 	0x154
     93c:	08009102 	j	24408 <SRAM_BT_HEAD_ADDR+0x2008>
     940:	5f736964 	0x5f736964
     944:	006c6176 	tne	v1,t4,0x185
     948:	01543401 	0x1543401
     94c:	91020000 	lbu	v0,0(t0)
     950:	04090004 	tgeiu	zero,4
     954:	00000154 	0x154
     958:	64654c0a 	0x64654c0a
     95c:	656c735f 	0x656c735f
     960:	665f7065 	0x665f7065
     964:	00676c61 	0x676c61
     968:	00b41203 	0xb41203
     96c:	01010000 	0x1010000
     970:	00021400 	sll	v0,v0,0x10
     974:	4d000200 	bc3f	1178 <SRAM_BTCALL_CALLRING_BUF_SIZE+0x178>
     978:	04000002 	bltz	zero,984 <SRAM_OS_DATA_SIZE+0x104>
     97c:	0001e801 	movt	sp,zero,$fcc0
     980:	c09eec00 	ll	s8,-5120(a0)
     984:	c09e84bf 	ll	s8,-31553(a0)
     988:	554e47bf 	bnel	t2,t6,12888 <SRAM_BT_BACK_RCODE_ADDR+0x1888>
     98c:	33204320 	andi	zero,t9,0x4320
     990:	342e342e 	ori	t6,at,0x342e
     994:	70696d20 	0x70696d20
     998:	65647373 	0x65647373
     99c:	302e362d 	andi	t6,at,0x362d
     9a0:	31302e36 	andi	s0,t1,0x2e36
     9a4:	3030322d 	andi	s0,at,0x322d
     9a8:	32343037 	andi	s4,s1,0x3037
     9ac:	73010030 	0x73010030
     9b0:	5f767264 	0x5f767264
     9b4:	73616c66 	0x73616c66
     9b8:	63735f68 	0x63735f68
     9bc:	6e656572 	0x6e656572
     9c0:	2f00632e 	sltiu	zero,t8,25390
     9c4:	64677963 	0x64677963
     9c8:	65766972 	0x65766972
     9cc:	612f642f 	0x612f642f
     9d0:	6f697463 	0x6f697463
     9d4:	732f736e 	0x732f736e
     9d8:	64736474 	0x64736474
     9dc:	6f632f6b 	0x6f632f6b
     9e0:	752f6564 	jalx	4bd9590 <BANK_SPACE+0x4b99590>
     9e4:	32383273 	andi	t8,s1,0x3273
     9e8:	696c5f61 	0x696c5f61
     9ec:	7474696d 	jalx	1d1a5b4 <BANK_SPACE+0x1cda5b4>
     9f0:	69647377 	0x69647377
     9f4:	766f6373 	jalx	9bd8dcc <BANK_SPACE+0x9b98dcc>
     9f8:	62617265 	0x62617265
     9fc:	765f656c 	jalx	97d95b0 <BANK_SPACE+0x97995b0>
     a00:	34303831 	ori	s0,at,0x3831
     a04:	7361632f 	0x7361632f
     a08:	72642f65 	0x72642f65
     a0c:	454c2f76 	0x454c2f76
     a10:	53375f44 	beql	t9,s7,18724 <SRAM_FS_BUF_ADDR+0x424>
     a14:	02004745 	0x2004745
     a18:	69736e75 	0x69736e75
     a1c:	64656e67 	0x64656e67
     a20:	61686320 	0x61686320
     a24:	08010072 	j	401c8 <BANK_SPACE+0x1c8>
     a28:	67697302 	0x67697302
     a2c:	2064656e 	addi	a0,v1,25966
     a30:	72616863 	0x72616863
     a34:	02060100 	0x2060100
     a38:	726f6873 	0x726f6873
     a3c:	6e752074 	0x6e752074
     a40:	6e676973 	0x6e676973
     a44:	69206465 	0x69206465
     a48:	0200746e 	0x200746e
     a4c:	68730207 	0x68730207
     a50:	2074726f 	addi	s4,v1,29295
     a54:	00746e69 	0x746e69
     a58:	48030502 	0x48030502
     a5c:	04000000 	bltz	zero,a60 <SRAM_AP_BACK_CODEC_RCODE_SIZE+0x60>
     a60:	6f6c0207 	0x6f6c0207
     a64:	6920676e 	0x6920676e
     a68:	0400746e 	bltz	zero,1dc24 <SRAM_AP_FRONT_RCODE_ADDR+0x324>
     a6c:	6c660205 	0x6c660205
     a70:	0074616f 	0x74616f
     a74:	64020404 	0x64020404
     a78:	6c62756f 	0x6c62756f
     a7c:	04080065 	tgei	zero,101
     a80:	6e6f6c02 	0x6e6f6c02
     a84:	6f6c2067 	0x6f6c2067
     a88:	7520676e 	jalx	4819db8 <BANK_SPACE+0x47d9db8>
     a8c:	6769736e 	0x6769736e
     a90:	2064656e 	addi	a0,v1,25966
     a94:	00746e69 	0x746e69
     a98:	6c020708 	0x6c020708
     a9c:	20676e6f 	addi	a3,v1,28271
     aa0:	676e6f6c 	0x676e6f6c
     aa4:	746e6920 	jalx	1b9a480 <BANK_SPACE+0x1b5a480>
     aa8:	02050800 	0x2050800
     aac:	69736e75 	0x69736e75
     ab0:	64656e67 	0x64656e67
     ab4:	746e6920 	jalx	1b9a480 <BANK_SPACE+0x1b5a480>
     ab8:	04070400 	0x4070400
     abc:	746e6975 	jalx	1b9a5d4 <BANK_SPACE+0x1b5a5d4>
     ac0:	15020038 	bne	t0,v0,ba4 <SRAM_COMMON_BT_MANAGER_SIZE+0xa4>
     ac4:	000000a6 	0xa6
     ac8:	6e697504 	0x6e697504
     acc:	00323374 	teq	at,s2,0xcd
     ad0:	013a2502 	0x13a2502
     ad4:	69020000 	0x69020000
     ad8:	0400746e 	bltz	zero,1dc94 <SRAM_AP_FRONT_RCODE_ADDR+0x394>
     adc:	68630205 	0x68630205
     ae0:	01007261 	0x1007261
     ae4:	00480306 	0x480306
     ae8:	07040000 	0x7040000
     aec:	d3060405 	0xd3060405
     af0:	01000001 	movf	zero,t0,$fcc0
     af4:	76726473 	jalx	9c991cc <BANK_SPACE+0x9c591cc>
     af8:	616c665f 	0x616c665f
     afc:	735f6873 	0x735f6873
     b00:	65657263 	0x65657263
     b04:	1a01006e 	0x1a01006e
     b08:	c09e8501 	ll	s8,-31487(a0)
     b0c:	c09edcbf 	ll	s8,-9025(a0)
     b10:	076101bf 	bgez	k1,1210 <SRAM_BTCALL_CALLRING_BUF_SIZE+0x210>
     b14:	666f6e6f 	0x666f6e6f
     b18:	19010066 	0x19010066
     b1c:	0000014a 	0x14a
     b20:	07089102 	tgei	t8,-28414
     b24:	6c6c756e 	0x6c6c756e
     b28:	19010032 	0x19010032
     b2c:	0000017b 	0x17b
     b30:	070c9102 	teqi	t8,-28414
     b34:	6c6c756e 	0x6c6c756e
     b38:	19010033 	0x19010033
     b3c:	0000017b 	0x17b
     b40:	00109102 	srl	s2,s0,0x4
     b44:	6b616208 	0x6b616208
     b48:	6765735f 	0x6765735f
     b4c:	6572735f 	0x6572735f
     b50:	645f6e65 	0x645f6e65
     b54:	30617461 	andi	at,v1,0x7461
     b58:	570c0100 	bnel	t8,t4,f5c <SRAM_ASRC_BUF_0_SIZE+0x15c>
     b5c:	01000001 	movf	zero,t0,$fcc0
     b60:	bf200305 	cache	0x0,773(t9)
     b64:	62089fc0 	0x62089fc0
     b68:	735f6b61 	0x735f6b61
     b6c:	735f6765 	0x735f6765
     b70:	6e656572 	0x6e656572
     b74:	7461645f 	jalx	185917c <BANK_SPACE+0x181917c>
     b78:	01003161 	0x1003161
     b7c:	0001570d 	break	0x1,0x15c
     b80:	03050100 	0x3050100
     b84:	9fc0bf24 	0x9fc0bf24
     b88:	00029300 	sll	s2,v0,0xc
     b8c:	c2000200 	ll	zero,512(s0)
     b90:	04000002 	bltz	zero,b9c <SRAM_COMMON_BT_MANAGER_SIZE+0x9c>
     b94:	00025901 	0x25901
     b98:	00914400 	0x914400
     b9c:	00900016 	0x900016
     ba0:	554e4716 	bnel	t2,t6,127fc <SRAM_BT_BACK_RCODE_ADDR+0x17fc>
     ba4:	33204320 	andi	zero,t9,0x4320
     ba8:	342e342e 	ori	t6,at,0x342e
     bac:	70696d20 	0x70696d20
     bb0:	65647373 	0x65647373
     bb4:	302e362d 	andi	t6,at,0x362d
     bb8:	31302e36 	andi	s0,t1,0x2e36
     bbc:	3030322d 	andi	s0,at,0x322d
     bc0:	32343037 	andi	s4,s1,0x3037
     bc4:	68010030 	0x68010030
     bc8:	5f767264 	0x5f767264
     bcc:	64726168 	0x64726168
     bd0:	696e695f 	0x696e695f
     bd4:	00632e74 	teq	v1,v1,0xb9
     bd8:	6779632f 	0x6779632f
     bdc:	76697264 	jalx	9a5c990 <BANK_SPACE+0x9a1c990>
     be0:	2f642f65 	sltiu	a0,k1,12133
     be4:	69746361 	0x69746361
     be8:	2f736e6f 	sltiu	s3,k1,28271
     bec:	73647473 	0x73647473
     bf0:	632f6b64 	0x632f6b64
     bf4:	2f65646f 	sltiu	a1,k1,25711
     bf8:	38327375 	xori	s2,at,0x7375
     bfc:	6c5f6132 	0x6c5f6132
     c00:	74696d69 	jalx	1a5b5a4 <BANK_SPACE+0x1a1b5a4>
     c04:	64737774 	0x64737774
     c08:	6f637369 	0x6f637369
     c0c:	61726576 	0x61726576
     c10:	5f656c62 	0x5f656c62
     c14:	30383176 	andi	t8,at,0x3176
     c18:	61632f34 	0x61632f34
     c1c:	642f6573 	0x642f6573
     c20:	4c2f7672 	0x4c2f7672
     c24:	375f4445 	ori	ra,k0,0x4445
     c28:	00474553 	0x474553
     c2c:	736e7502 	0x736e7502
     c30:	656e6769 	0x656e6769
     c34:	68632064 	0x68632064
     c38:	01007261 	0x1007261
     c3c:	4e490308 	c3	0x490308
     c40:	00553854 	0x553854
     c44:	00a30f03 	0xa30f03
     c48:	73020000 	madd	t8,v0
     c4c:	656e6769 	0x656e6769
     c50:	68632064 	0x68632064
     c54:	01007261 	0x1007261
     c58:	68730206 	0x68730206
     c5c:	2074726f 	addi	s4,v1,29295
     c60:	69736e75 	0x69736e75
     c64:	64656e67 	0x64656e67
     c68:	746e6920 	jalx	1b9a480 <BANK_SPACE+0x1b5a480>
     c6c:	02070200 	0x2070200
     c70:	726f6873 	0x726f6873
     c74:	6e692074 	0x6e692074
     c78:	05020074 	bltzl	t0,e4c <SRAM_ASRC_BUF_0_SIZE+0x4c>
     c7c:	00005a04 	0x5a04
     c80:	02070400 	0x2070400
     c84:	676e6f6c 	0x676e6f6c
     c88:	746e6920 	jalx	1b9a480 <BANK_SPACE+0x1b5a480>
     c8c:	02050400 	0x2050400
     c90:	616f6c66 	0x616f6c66
     c94:	04040074 	0x4040074
     c98:	756f6402 	jalx	5bd9008 <BANK_SPACE+0x5b99008>
     c9c:	00656c62 	0x656c62
     ca0:	6c020408 	0x6c020408
     ca4:	20676e6f 	addi	a3,v1,28271
     ca8:	676e6f6c 	0x676e6f6c
     cac:	736e7520 	0x736e7520
     cb0:	656e6769 	0x656e6769
     cb4:	6e692064 	0x6e692064
     cb8:	07080074 	tgei	t8,116
     cbc:	6e6f6c02 	0x6e6f6c02
     cc0:	6f6c2067 	0x6f6c2067
     cc4:	6920676e 	0x6920676e
     cc8:	0800746e 	j	1d1b8 <SRAM_OS_TASK_STACK_ADDR+0x1bb8>
     ccc:	6e750205 	0x6e750205
     cd0:	6e676973 	0x6e676973
     cd4:	69206465 	0x69206465
     cd8:	0400746e 	bltz	zero,1de94 <SRAM_AP_FRONT_RCODE_ADDR+0x594>
     cdc:	69750307 	0x69750307
     ce0:	0038746e 	0x38746e
     ce4:	00a31502 	0xa31502
     ce8:	69020000 	0x69020000
     cec:	0400746e 	bltz	zero,1dea8 <SRAM_AP_FRONT_RCODE_ADDR+0x5a8>
     cf0:	68630205 	0x68630205
     cf4:	01007261 	0x1007261
     cf8:	005a0406 	0x5a0406
     cfc:	07040000 	0x7040000
     d00:	64680105 	0x64680105
     d04:	735f7672 	0x735f7672
     d08:	6d5f7465 	0x6d5f7465
     d0c:	745f7066 	jalx	17dc198 <BANK_SPACE+0x179c198>
     d10:	6d655f6f 	0x6d655f6f
     d14:	01006669 	0x1006669
     d18:	9001011b 	lbu	at,283(zero)
     d1c:	90501600 	lbu	s0,5632(v0)
     d20:	61011600 	0x61011600
     d24:	64680105 	0x64680105
     d28:	735f7672 	0x735f7672
     d2c:	6c5f7465 	0x6c5f7465
     d30:	01006465 	0x1006465
     d34:	90650135 	lbu	a1,309(v1)
     d38:	909c1600 	lbu	gp,5632(a0)
     d3c:	61011600 	0x61011600
     d40:	64680105 	0x64680105
     d44:	685f7672 	0x685f7672
     d48:	5f647261 	0x5f647261
     d4c:	74696e69 	jalx	1a5b9a4 <BANK_SPACE+0x1a1b9a4>
     d50:	014b0100 	0x14b0100
     d54:	160090b1 	bnez	s0,fffe501c <sdrv_flash_screen+0x403db198>
     d58:	160090c8 	bnez	s0,fffe507c <sdrv_flash_screen+0x403db1f8>
     d5c:	2a066101 	slti	a2,s0,24833
     d60:	01000002 	0x1000002
     d64:	76726473 	jalx	9c991cc <BANK_SPACE+0x9c591cc>
     d68:	6b61775f 	0x6b61775f
     d6c:	70755f65 	0x70755f65
     d70:	44454c5f 	0x44454c5f
     d74:	7369645f 	udi15	k1,t1,t4,0x11
     d78:	79616c70 	0x79616c70
     d7c:	015d0100 	0x15d0100
     d80:	00000154 	0x154
     d84:	160090c9 	bnez	s0,fffe50ac <sdrv_flash_screen+0x403db228>
     d88:	160090f8 	bnez	s0,fffe516c <sdrv_flash_screen+0x403db2e8>
     d8c:	61076101 	0x61076101
     d90:	545c0100 	bnel	v0,gp,1194 <SRAM_BTCALL_CALLRING_BUF_SIZE+0x194>
     d94:	02000001 	movf	zero,s0,$fcc0
     d98:	62071091 	0x62071091
     d9c:	545c0100 	bnel	v0,gp,11a0 <SRAM_BTCALL_CALLRING_BUF_SIZE+0x1a0>
     da0:	02000001 	movf	zero,s0,$fcc0
     da4:	63071491 	0x63071491
     da8:	545c0100 	bnel	v0,gp,11ac <SRAM_BTCALL_CALLRING_BUF_SIZE+0x1ac>
     dac:	02000001 	movf	zero,s0,$fcc0
     db0:	08001891 	j	6244 <SRAM_AP_BANK_BACK_AL_1_SIZE+0x2244>
     db4:	00000279 	0x279
     db8:	72647301 	0x72647301
     dbc:	6c735f76 	0x6c735f76
     dc0:	5f706565 	0x5f706565
     dc4:	5f44454c 	0x5f44454c
     dc8:	70736964 	0x70736964
     dcc:	0079616c 	0x79616c
     dd0:	fd017001 	sdc3	$1,28673(t0)
     dd4:	34160090 	li	s6,0x90
     dd8:	01160091 	0x1160091
     ddc:	00610761 	0x610761
     de0:	01546f01 	0x1546f01
     de4:	91020000 	lbu	v0,0(t0)
     de8:	00620708 	0x620708
     dec:	01546f01 	0x1546f01
     df0:	91020000 	lbu	v0,0(t0)
     df4:	0063070c 	syscall	0x18c1c
     df8:	01546f01 	0x1546f01
     dfc:	91020000 	lbu	v0,0(t0)
     e00:	4c090010 	0x4c090010
     e04:	735f6465 	0x735f6465
     e08:	7065656c 	0x7065656c
     e0c:	6c61665f 	0x6c61665f
     e10:	0f010067 	jal	c04019c <BANK_SPACE+0xc00019c>
     e14:	000000b4 	teq	zero,zero,0x2
     e18:	14030501 	bne	zero,v1,2220 <SRAM_AP_BACK_AL_RCODE_2_SIZE+0x220>
     e1c:	009fc0bf 	0x9fc0bf
     e20:	000001fb 	0x1fb
     e24:	035e0002 	0x35e0002
     e28:	01040000 	0x1040000
     e2c:	00000313 	0x313
     e30:	16009172 	bnez	s0,fffe53fc <sdrv_flash_screen+0x403db578>
     e34:	16009144 	bnez	s0,fffe5348 <sdrv_flash_screen+0x403db4c4>
     e38:	20554e47 	addi	s5,v0,20039
     e3c:	2e332043 	sltiu	s3,s1,8259
     e40:	20342e34 	addi	s4,at,11828
     e44:	7370696d 	0x7370696d
     e48:	2d656473 	sltiu	a1,t3,25715
     e4c:	36302e36 	ori	s0,s1,0x2e36
     e50:	2d31302e 	sltiu	s1,t1,12334
     e54:	37303032 	ori	s0,t9,0x3032
     e58:	30323430 	andi	s2,at,0x3430
     e5c:	61620100 	0x61620100
     e60:	615f6b6e 	0x615f6b6e
     e64:	64656c5f 	0x64656c5f
     e68:	696e695f 	0x696e695f
     e6c:	00632e74 	teq	v1,v1,0xb9
     e70:	6779632f 	0x6779632f
     e74:	76697264 	jalx	9a5c990 <BANK_SPACE+0x9a1c990>
     e78:	2f642f65 	sltiu	a0,k1,12133
     e7c:	69746361 	0x69746361
     e80:	2f736e6f 	sltiu	s3,k1,28271
     e84:	73647473 	0x73647473
     e88:	632f6b64 	0x632f6b64
     e8c:	2f65646f 	sltiu	a1,k1,25711
     e90:	38327375 	xori	s2,at,0x7375
     e94:	6c5f6132 	0x6c5f6132
     e98:	74696d69 	jalx	1a5b5a4 <BANK_SPACE+0x1a1b5a4>
     e9c:	64737774 	0x64737774
     ea0:	6f637369 	0x6f637369
     ea4:	61726576 	0x61726576
     ea8:	5f656c62 	0x5f656c62
     eac:	30383176 	andi	t8,at,0x3176
     eb0:	61632f34 	0x61632f34
     eb4:	642f6573 	0x642f6573
     eb8:	4c2f7672 	0x4c2f7672
     ebc:	375f4445 	ori	ra,k0,0x4445
     ec0:	00474553 	0x474553
     ec4:	736e7502 	0x736e7502
     ec8:	656e6769 	0x656e6769
     ecc:	68632064 	0x68632064
     ed0:	01007261 	0x1007261
     ed4:	69730208 	0x69730208
     ed8:	64656e67 	0x64656e67
     edc:	61686320 	0x61686320
     ee0:	06010072 	bgez	s0,10ac <SRAM_BTCALL_CALLRING_BUF_SIZE+0xac>
     ee4:	6f687302 	0x6f687302
     ee8:	75207472 	jalx	481d1c8 <BANK_SPACE+0x47dd1c8>
     eec:	6769736e 	0x6769736e
     ef0:	2064656e 	addi	a0,v1,25966
     ef4:	00746e69 	0x746e69
     ef8:	73020702 	0x73020702
     efc:	74726f68 	jalx	1c9bda0 <BANK_SPACE+0x1c5bda0>
     f00:	746e6920 	jalx	1b9a480 <BANK_SPACE+0x1b5a480>
     f04:	03050200 	0x3050200
     f08:	0000006c 	0x6c
     f0c:	6c020704 	0x6c020704
     f10:	20676e6f 	addi	a3,v1,28271
     f14:	00746e69 	0x746e69
     f18:	66020504 	0x66020504
     f1c:	74616f6c 	jalx	185bdb0 <BANK_SPACE+0x181bdb0>
     f20:	02040400 	0x2040400
     f24:	62756f64 	0x62756f64
     f28:	0800656c 	j	195b0 <SRAM_AP_BACK_DATA_ADDR+0x30>
     f2c:	6f6c0204 	0x6f6c0204
     f30:	6c20676e 	0x6c20676e
     f34:	20676e6f 	addi	a3,v1,28271
     f38:	69736e75 	0x69736e75
     f3c:	64656e67 	0x64656e67
     f40:	746e6920 	jalx	1b9a480 <BANK_SPACE+0x1b5a480>
     f44:	02070800 	0x2070800
     f48:	676e6f6c 	0x676e6f6c
     f4c:	6e6f6c20 	0x6e6f6c20
     f50:	6e692067 	0x6e692067
     f54:	05080074 	tgei	t0,116
     f58:	736e7502 	0x736e7502
     f5c:	656e6769 	0x656e6769
     f60:	6e692064 	0x6e692064
     f64:	07040074 	0x7040074
     f68:	746e6902 	jalx	1b9a408 <BANK_SPACE+0x1b5a408>
     f6c:	02050400 	0x2050400
     f70:	72616863 	0x72616863
     f74:	03060100 	0x3060100
     f78:	0000006c 	0x6c
     f7c:	04040704 	0x4040704
     f80:	0001b105 	0x1b105
     f84:	656c0100 	0x656c0100
     f88:	6e695f64 	0x6e695f64
     f8c:	01007469 	0x1007469
     f90:	0148011c 	0x148011c
     f94:	91450000 	lbu	a1,0(t2)
     f98:	915c1600 	lbu	gp,5632(t2)
     f9c:	61011600 	0x61011600
     fa0:	6c756e06 	0x6c756e06
     fa4:	0100306c 	0x100306c
     fa8:	00015e1b 	0x15e1b
     fac:	08910200 	j	2440800 <BANK_SPACE+0x2400800>
     fb0:	6c756e06 	0x6c756e06
     fb4:	0100316c 	0x100316c
     fb8:	00015e1b 	0x15e1b
     fbc:	0c910200 	jal	2440800 <BANK_SPACE+0x2400800>
     fc0:	6c756e06 	0x6c756e06
     fc4:	0100326c 	0x100326c
     fc8:	00015e1b 	0x15e1b
     fcc:	10910200 	beq	a0,s1,17d0 <SRAM_BTCALL_CALLRING_BUF_SIZE+0x7d0>
     fd0:	6c010700 	0x6c010700
     fd4:	655f6465 	0x655f6465
     fd8:	00746978 	0x746978
     fdc:	48012d01 	0x48012d01
     fe0:	61000001 	0x61000001
     fe4:	72160091 	udi1	s0,s6,zero,0x2
     fe8:	01160091 	0x1160091
     fec:	756e0661 	jalx	5b81984 <BANK_SPACE+0x5b41984>
     ff0:	00306c6c 	0x306c6c
     ff4:	015e2c01 	0x15e2c01
     ff8:	91020000 	lbu	v0,0(t0)
     ffc:	756e0608 	jalx	5b81820 <BANK_SPACE+0x5b41820>
    1000:	00316c6c 	0x316c6c
    1004:	015e2c01 	0x15e2c01
    1008:	91020000 	lbu	v0,0(t0)
    100c:	756e060c 	jalx	5b81830 <BANK_SPACE+0x5b41830>
    1010:	00326c6c 	0x326c6c
    1014:	015e2c01 	0x15e2c01
    1018:	91020000 	lbu	v0,0(t0)
    101c:	Address 0x101c is out of bounds.

Disassembly of section .debug_line:

00000000 <.debug_line>:
   0:	0000002e 	0x2e
   4:	00280002 	ror	zero,t0,0x0
   8:	01010000 	0x1010000
   c:	000a0efb 	0xa0efb
  10:	01010101 	0x1010101
  14:	01000000 	0x1000000
  18:	6f637200 	0x6f637200
  1c:	6c5f6564 	0x6c5f6564
  20:	6f5f6465 	0x6f5f6465
  24:	6e655f70 	0x6e655f70
  28:	2e797274 	sltiu	t9,s3,29300
  2c:	00000063 	0x63
  30:	00790000 	0x790000
  34:	00020000 	sll	zero,v0,0x0
  38:	0000005e 	0x5e
  3c:	0efb0101 	jal	bec0404 <BANK_SPACE+0xbe80404>
  40:	0101000a 	movz	zero,t0,at
  44:	00000101 	0x101
  48:	2f2e0100 	sltiu	t6,t9,256
  4c:	2e2f2e2e 	sltiu	t7,s1,11822
  50:	2e2e2f2e 	sltiu	t6,s1,12078
  54:	7073702f 	0x7073702f
  58:	6c65725f 	0x6c65725f
  5c:	636e692f 	0x636e692f
  60:	6564756c 	0x6564756c
  64:	64730000 	0x64730000
  68:	635f7672 	0x635f7672
  6c:	7261656c 	0x7261656c
  70:	7263735f 	udi15	s3,v1,t6,0xd
  74:	2e6e6565 	sltiu	t6,s3,25957
  78:	00000063 	0x63
  7c:	70797400 	0x70797400
  80:	74786565 	jalx	1e19594 <BANK_SPACE+0x1dd9594>
  84:	0100682e 	0x100682e
  88:	656c0000 	0x656c0000
  8c:	6e695f64 	0x6e695f64
  90:	2e72656e 	sltiu	s2,s3,25966
  94:	00000068 	0x68
  98:	05000000 	bltz	t0,9c <SRAM_CARD_DATA_SIZE+0x1c>
  9c:	c09c0102 	ll	gp,258(a0)
  a0:	011803bf 	0x11803bf
  a4:	999d499c 	lwr	sp,18844(t4)
  a8:	0d028084 	jal	40a0210 <BANK_SPACE+0x4060210>
  ac:	81010100 	lb	at,256(t0)
  b0:	02000000 	0x2000000
  b4:	00004e00 	sll	t1,zero,0x18
  b8:	fb010100 	sdc2	$1,256(t8)
  bc:	01000a0e 	0x1000a0e
  c0:	00010101 	0x10101
  c4:	2e010000 	sltiu	at,s0,0
  c8:	2f2e2e2f 	sltiu	t6,t9,11823
  cc:	2e2f2e2e 	sltiu	t7,s1,11822
  d0:	73702f2e 	0x73702f2e
  d4:	65725f70 	0x65725f70
  d8:	6e692f6c 	0x6e692f6c
  dc:	64756c63 	0x64756c63
  e0:	73000065 	0x73000065
  e4:	5f767264 	0x5f767264
  e8:	5f64656c 	0x5f64656c
  ec:	70736964 	0x70736964
  f0:	2e79616c 	sltiu	t9,s3,24940
  f4:	00000063 	0x63
  f8:	70797400 	0x70797400
  fc:	74786565 	jalx	1e19594 <BANK_SPACE+0x1dd9594>
 100:	0100682e 	0x100682e
 104:	00000000 	nop
 108:	9c410205 	0x9c410205
 10c:	ac03bfc0 	sw	v1,-16448(zero)
 110:	9ef40101 	0x9ef40101
 114:	089eb99d 	j	27ae674 <BANK_SPACE+0x276e674>
 118:	152402ca 	bne	t1,a0,c44 <SRAM_ASRC_BUF_1_SIZE+0x44>
 11c:	9e9f684a 	0x9e9f684a
 120:	02ba5708 	0x2ba5708
 124:	73031428 	0x73031428
 128:	03012c02 	0x3012c02
 12c:	02807f13 	0x2807f13
 130:	0101001f 	0x101001f
 134:	000000b0 	tge	zero,zero,0x2
 138:	008b0002 	0x8b0002
 13c:	01010000 	0x1010000
 140:	000a0efb 	0xa0efb
 144:	01010101 	0x1010101
 148:	01000000 	0x1000000
 14c:	2e2e2f2e 	sltiu	t6,s1,12078
 150:	2f2e2e2f 	sltiu	t6,t9,11823
 154:	702f2e2e 	0x702f2e2e
 158:	725f7073 	0x725f7073
 15c:	692f6c65 	0x692f6c65
 160:	756c636e 	jalx	5b18db8 <BANK_SPACE+0x5ad8db8>
 164:	2e006564 	sltiu	zero,s0,25956
 168:	2f2e2e2f 	sltiu	t6,t9,11823
 16c:	2e2f2e2e 	sltiu	t7,s1,11822
 170:	73702f2e 	0x73702f2e
 174:	65725f70 	0x65725f70
 178:	6e692f6c 	0x6e692f6c
 17c:	64756c63 	0x64756c63
 180:	63752f65 	0x63752f65
 184:	0000736f 	0x736f
 188:	76726468 	jalx	9c991a0 <BANK_SPACE+0x9c591a0>
 18c:	7261685f 	udi15	s3,at,t5,0x1
 190:	65645f64 	0x65645f64
 194:	632e6c61 	0x632e6c61
 198:	00000000 	nop
 19c:	65707974 	0x65707974
 1a0:	2e747865 	sltiu	s4,s3,30821
 1a4:	00010068 	0x10068
 1a8:	64656c00 	0x64656c00
 1ac:	6e6e695f 	0x6e6e695f
 1b0:	682e7265 	0x682e7265
 1b4:	00000000 	nop
 1b8:	736f6375 	0x736f6375
 1bc:	7079745f 	udi15	v1,t9,t6,0x11
 1c0:	682e7365 	0x682e7365
 1c4:	00000200 	sll	zero,zero,0x8
 1c8:	02050000 	0x2050000
 1cc:	bfc09e05 	cache	0x0,-25083(s8)
 1d0:	48011803 	mfc2	at,$3,3
 1d4:	682d9dba 	0x682d9dba
 1d8:	64d30c03 	0x64d30c03
 1dc:	65f1654a 	0x65f1654a
 1e0:	0264f265 	0x264f265
 1e4:	0101000d 	break	0x101
 1e8:	0000006d 	0x6d
 1ec:	004f0002 	0x4f0002
 1f0:	01010000 	0x1010000
 1f4:	000a0efb 	0xa0efb
 1f8:	01010101 	0x1010101
 1fc:	01000000 	0x1000000
 200:	2e2e2f2e 	sltiu	t6,s1,12078
 204:	2f2e2e2f 	sltiu	t6,t9,11823
 208:	702f2e2e 	0x702f2e2e
 20c:	725f7073 	0x725f7073
 210:	692f6c65 	0x692f6c65
 214:	756c636e 	jalx	5b18db8 <BANK_SPACE+0x5ad8db8>
 218:	00006564 	0x6564
 21c:	76726473 	jalx	9c991cc <BANK_SPACE+0x9c591cc>
 220:	616c665f 	0x616c665f
 224:	735f6873 	0x735f6873
 228:	65657263 	0x65657263
 22c:	00632e6e 	0x632e6e
 230:	74000000 	jalx	0 <DRV_GROUP_STG_BASE>
 234:	65657079 	0x65657079
 238:	682e7478 	0x682e7478
 23c:	00000100 	sll	zero,zero,0x4
 240:	02050000 	0x2050000
 244:	bfc09e85 	cache	0x0,-24955(s8)
 248:	b8011903 	swr	at,6403(zero)
 24c:	64808049 	0x64808049
 250:	64d6d483 	0x64d6d483
 254:	01001702 	0x1001702
 258:	0000b601 	0xb601
 25c:	7c000200 	0x7c000200
 260:	01000000 	0x1000000
 264:	0a0efb01 	j	83bec04 <BANK_SPACE+0x837ec04>
 268:	01010100 	0x1010100
 26c:	00000001 	movf	zero,zero,$fcc0
 270:	2e2f2e01 	sltiu	t7,s1,11777
 274:	2e2e2f2e 	sltiu	t6,s1,12078
 278:	2f2e2e2f 	sltiu	t6,t9,11823
 27c:	5f707370 	0x5f707370
 280:	2f6c6572 	sltiu	t4,k1,25970
 284:	6c636e69 	0x6c636e69
 288:	00656475 	0x656475
 28c:	2e2e2f2e 	sltiu	t6,s1,12078
 290:	2f2e2e2f 	sltiu	t6,t9,11823
 294:	702f2e2e 	0x702f2e2e
 298:	725f7073 	0x725f7073
 29c:	692f6c65 	0x692f6c65
 2a0:	756c636e 	jalx	5b18db8 <BANK_SPACE+0x5ad8db8>
 2a4:	752f6564 	jalx	4bd9590 <BANK_SPACE+0x4b99590>
 2a8:	00736f63 	0x736f63
 2ac:	72646800 	0x72646800
 2b0:	61685f76 	0x61685f76
 2b4:	695f6472 	0x695f6472
 2b8:	2e74696e 	sltiu	s4,s3,26990
 2bc:	00000063 	0x63
 2c0:	70797400 	0x70797400
 2c4:	74786565 	jalx	1e19594 <BANK_SPACE+0x1dd9594>
 2c8:	0100682e 	0x100682e
 2cc:	63750000 	0x63750000
 2d0:	745f736f 	jalx	17dcdbc <BANK_SPACE+0x179cdbc>
 2d4:	73657079 	0x73657079
 2d8:	0200682e 	0x200682e
 2dc:	00000000 	nop
 2e0:	90010205 	lbu	at,517(zero)
 2e4:	1a031600 	0x1a031600
 2e8:	baf04901 	swr	s0,18689(s7)
 2ec:	03d7b9d6 	0x3d7b9d6
 2f0:	49a9080b 	0x49a9080b
 2f4:	64b8d6b9 	0x64b8d6b9
 2f8:	a9080d03 	swl	t0,3331(t0)
 2fc:	03646549 	0x3646549
 300:	65f07f0d 	0x65f07f0d
 304:	03486564 	0x3486564
 308:	65f1d30c 	0x65f1d30c
 30c:	1702b8d5 	bne	t8,v0,fffee664 <sdrv_flash_screen+0x403e47e0>
 310:	42010100 	c0	0x10100
 314:	02000000 	0x2000000
 318:	00002500 	sll	a0,zero,0x14
 31c:	fb010100 	sdc2	$1,256(t8)
 320:	01000a0e 	0x1000a0e
 324:	00010101 	0x10101
 328:	00010000 	sll	zero,at,0x0
 32c:	6b6e6162 	0x6b6e6162
 330:	6c5f615f 	0x6c5f615f
 334:	695f6465 	0x695f6465
 338:	2e74696e 	sltiu	s4,s3,26990
 33c:	00000063 	0x63
 340:	05000000 	bltz	t0,344 <SRAM_FS_DATA_SIZE+0x44>
 344:	00914502 	0x914502
 348:	011b0316 	0x11b0316
 34c:	032c489c 	0x32c489c
 350:	2c9cb70e 	sltiu	gp,a0,-18674
 354:	01000502 	0x1000502
 358:	Address 0x358 is out of bounds.

Disassembly of section .debug_pubnames:

00000000 <.debug_pubnames>:
   0:	00000020 	add	zero,zero,zero
   4:	00000002 	srl	zero,zero,0x0
   8:	02700000 	0x2700000
   c:	02530000 	0x2530000
  10:	656c0000 	0x656c0000
  14:	72645f64 	0x72645f64
  18:	72657669 	0x72657669
  1c:	00706f5f 	0x706f5f
  20:	00000000 	nop
  24:	00000024 	and	zero,zero,zero
  28:	02700002 	0x2700002
  2c:	01f60000 	0x1f60000
  30:	017f0000 	0x17f0000
  34:	64730000 	0x64730000
  38:	635f7672 	0x635f7672
  3c:	7261656c 	0x7261656c
  40:	7263735f 	udi15	s3,v1,t6,0xd
  44:	006e6565 	0x6e6565
  48:	00000000 	nop
  4c:	00000066 	0x66
  50:	04660002 	0x4660002
  54:	02f80000 	0x2f80000
  58:	017c0000 	0x17c0000
  5c:	64730000 	0x64730000
  60:	6c5f7672 	0x6c5f7672
  64:	645f6465 	0x645f6465
  68:	6c707369 	0x6c707369
  6c:	17007961 	bnez	t8,1e5f4 <SRAM_BT_HCI_BUF_ADDR+0x4f4>
  70:	63000002 	0x63000002
  74:	645f7275 	0x645f7275
  78:	61767369 	0x61767369
  7c:	0245006c 	0x245006c
  80:	63690000 	0x63690000
  84:	735f6e6f 	0x735f6e6f
  88:	71007465 	0x71007465
  8c:	73000002 	mul	zero,t8,zero
  90:	765f6765 	jalx	97d9d94 <BANK_SPACE+0x9799d94>
  94:	a2006c61 	sb	zero,27745(s0)
  98:	69000002 	0x69000002
  9c:	5f6e6f63 	0x5f6e6f63
  a0:	736c6176 	0x736c6176
  a4:	0002db00 	sll	k1,v0,0xc
  a8:	6d756e00 	0x6d756e00
  ac:	6c61765f 	0x6c61765f
  b0:	00000073 	tltu	zero,zero,0x1
  b4:	00340000 	0x340000
  b8:	00020000 	sll	zero,v0,0x0
  bc:	0000075e 	0x75e
  c0:	00000213 	0x213
  c4:	00000178 	0x178
  c8:	74696177 	jalx	1a585dc <BANK_SPACE+0x1a185dc>
  cc:	726f665f 	udi15	s3,t7,t4,0x19
  d0:	6172745f 	0x6172745f
  d4:	9600736e 	lhu	zero,29550(s0)
  d8:	68000001 	0x68000001
  dc:	5f767264 	0x5f767264
  e0:	61746164 	0x61746164
  e4:	6e65735f 	0x6e65735f
  e8:	00000064 	0x64
  ec:	00540000 	0x540000
  f0:	00020000 	sll	zero,v0,0x0
  f4:	00000971 	tgeu	zero,zero,0x25
  f8:	00000218 	0x218
  fc:	0000017d 	0x17d
 100:	76726473 	jalx	9c991cc <BANK_SPACE+0x9c591cc>
 104:	616c665f 	0x616c665f
 108:	735f6873 	0x735f6873
 10c:	65657263 	0x65657263
 110:	01d3006e 	0x1d3006e
 114:	61620000 	0x61620000
 118:	65735f6b 	0x65735f6b
 11c:	72735f67 	0x72735f67
 120:	5f6e6565 	0x5f6e6565
 124:	61746164 	0x61746164
 128:	01f50030 	tge	t7,s5
 12c:	61620000 	0x61620000
 130:	65735f6b 	0x65735f6b
 134:	72735f67 	0x72735f67
 138:	5f6e6565 	0x5f6e6565
 13c:	61746164 	0x61746164
 140:	00000031 	tgeu	zero,zero
 144:	00960000 	0x960000
 148:	00020000 	sll	zero,v0,0x0
 14c:	00000b89 	0xb89
 150:	00000297 	0x297
 154:	00000177 	0x177
 158:	76726468 	jalx	9c991a0 <BANK_SPACE+0x9c591a0>
 15c:	7465735f 	jalx	195cd7c <BANK_SPACE+0x191cd7c>
 160:	70666d5f 	udi15	v1,a2,t5,0x15
 164:	5f6f745f 	0x5f6f745f
 168:	66696d65 	0x66696d65
 16c:	00019b00 	sll	s3,at,0xc
 170:	72646800 	0x72646800
 174:	65735f76 	0x65735f76
 178:	656c5f74 	0x656c5f74
 17c:	01b70064 	0x1b70064
 180:	64680000 	0x64680000
 184:	685f7672 	0x685f7672
 188:	5f647261 	0x5f647261
 18c:	74696e69 	jalx	1a5b9a4 <BANK_SPACE+0x1a1b9a4>
 190:	0001d500 	sll	k0,at,0x14
 194:	72647300 	0x72647300
 198:	61775f76 	0x61775f76
 19c:	755f656b 	jalx	57d95ac <BANK_SPACE+0x57995ac>
 1a0:	454c5f70 	0x454c5f70
 1a4:	69645f44 	0x69645f44
 1a8:	616c7073 	0x616c7073
 1ac:	022a0079 	0x22a0079
 1b0:	64730000 	0x64730000
 1b4:	735f7672 	0x735f7672
 1b8:	7065656c 	0x7065656c
 1bc:	44454c5f 	0x44454c5f
 1c0:	7369645f 	udi15	k1,t1,t4,0x11
 1c4:	79616c70 	0x79616c70
 1c8:	00027900 	sll	t7,v0,0x4
 1cc:	64654c00 	0x64654c00
 1d0:	656c735f 	0x656c735f
 1d4:	665f7065 	0x665f7065
 1d8:	00676c61 	0x676c61
 1dc:	00000000 	nop
 1e0:	00000028 	0x28
 1e4:	0e200002 	jal	8800008 <BANK_SPACE+0x87c0008>
 1e8:	01ff0000 	0x1ff0000
 1ec:	01600000 	0x1600000
 1f0:	656c0000 	0x656c0000
 1f4:	6e695f64 	0x6e695f64
 1f8:	b1007469 	0xb1007469
 1fc:	6c000001 	0x6c000001
 200:	655f6465 	0x655f6465
 204:	00746978 	0x746978
 208:	00000000 	nop
Disassembly of section .debug_str:

00000000 <.debug_str>:
   0:	676e6f6c 	0x676e6f6c
   4:	736e7520 	0x736e7520
   8:	656e6769 	0x656e6769
   c:	6e692064 	0x6e692064
  10:	6f6c0074 	0x6f6c0074
  14:	7520676e 	jalx	4819db8 <BANK_SPACE+0x47d9db8>
  18:	6769736e 	0x6769736e
  1c:	2064656e 	addi	a0,v1,25966
  20:	00746e69 	0x746e69
  24:	676e6f6c 	0x676e6f6c
  28:	736e7520 	0x736e7520
  2c:	656e6769 	0x656e6769
  30:	6e692064 	0x6e692064
  34:	6f6c0074 	0x6f6c0074
  38:	7520676e 	jalx	4819db8 <BANK_SPACE+0x47d9db8>
  3c:	6769736e 	0x6769736e
  40:	2064656e 	addi	a0,v1,25966
  44:	00746e69 	0x746e69
  48:	676e6f6c 	0x676e6f6c
  4c:	736e7520 	0x736e7520
  50:	656e6769 	0x656e6769
  54:	6e692064 	0x6e692064
  58:	6f6c0074 	0x6f6c0074
  5c:	7520676e 	jalx	4819db8 <BANK_SPACE+0x47d9db8>
  60:	6769736e 	0x6769736e
  64:	2064656e 	addi	a0,v1,25966
  68:	00746e69 	0x746e69
  6c:	676e6f6c 	0x676e6f6c
  70:	736e7520 	0x736e7520
  74:	656e6769 	0x656e6769
  78:	6e692064 	0x6e692064
  7c:	Address 0x7c is out of bounds.

Disassembly of section .comment:

00000000 <.comment>:
   0:	43434700 	c0	0x1434700
   4:	4728203a 	c1	0x128203a
   8:	2029554e 	addi	t1,at,21838
   c:	2e342e33 	sltiu	s4,s1,11827
  10:	696d2034 	0x696d2034
  14:	64737370 	0x64737370
  18:	2e362d65 	sltiu	s6,s1,11621
  1c:	302e3630 	andi	t6,at,0x3630
  20:	30322d31 	andi	s2,at,0x2d31
  24:	34303730 	ori	s0,at,0x3730
  28:	00003032 	tlt	zero,zero,0xc0
  2c:	3a434347 	xori	v1,s2,0x4347
  30:	4e472820 	c3	0x472820
  34:	33202955 	andi	zero,t9,0x2955
  38:	342e342e 	ori	t6,at,0x342e
  3c:	70696d20 	0x70696d20
  40:	65647373 	0x65647373
  44:	302e362d 	andi	t6,at,0x362d
  48:	31302e36 	andi	s0,t1,0x2e36
  4c:	3030322d 	andi	s0,at,0x322d
  50:	32343037 	andi	s4,s1,0x3037
  54:	47000030 	c1	0x1000030
  58:	203a4343 	addi	k0,at,17219
  5c:	554e4728 	bnel	t2,t6,11d00 <SRAM_BT_BACK_RCODE_ADDR+0xd00>
  60:	2e332029 	sltiu	s3,s1,8233
  64:	20342e34 	addi	s4,at,11828
  68:	7370696d 	0x7370696d
  6c:	2d656473 	sltiu	a1,t3,25715
  70:	36302e36 	ori	s0,s1,0x2e36
  74:	2d31302e 	sltiu	s1,t1,12334
  78:	37303032 	ori	s0,t9,0x3032
  7c:	30323430 	andi	s2,at,0x3430
  80:	43470000 	c0	0x1470000
  84:	28203a43 	slti	zero,at,14915
  88:	29554e47 	slti	s5,t2,20039
  8c:	342e3320 	ori	t6,at,0x3320
  90:	6d20342e 	0x6d20342e
  94:	73737069 	0x73737069
  98:	362d6564 	ori	t5,s1,0x6564
  9c:	2e36302e 	sltiu	s6,s1,12334
  a0:	322d3130 	andi	t5,s1,0x3130
  a4:	30373030 	andi	s7,at,0x3030
  a8:	00303234 	teq	at,s0,0xc8
  ac:	43434700 	c0	0x1434700
  b0:	4728203a 	c1	0x128203a
  b4:	2029554e 	addi	t1,at,21838
  b8:	2e342e33 	sltiu	s4,s1,11827
  bc:	696d2034 	0x696d2034
  c0:	64737370 	0x64737370
  c4:	2e362d65 	sltiu	s6,s1,11621
  c8:	302e3630 	andi	t6,at,0x3630
  cc:	30322d31 	andi	s2,at,0x2d31
  d0:	34303730 	ori	s0,at,0x3730
  d4:	00003032 	tlt	zero,zero,0xc0
  d8:	3a434347 	xori	v1,s2,0x4347
  dc:	4e472820 	c3	0x472820
  e0:	33202955 	andi	zero,t9,0x2955
  e4:	342e342e 	ori	t6,at,0x342e
  e8:	70696d20 	0x70696d20
  ec:	65647373 	0x65647373
  f0:	302e362d 	andi	t6,at,0x362d
  f4:	31302e36 	andi	s0,t1,0x2e36
  f8:	3030322d 	andi	s0,at,0x322d
  fc:	32343037 	andi	s4,s1,0x3037
 100:	47000030 	c1	0x1000030
 104:	203a4343 	addi	k0,at,17219
 108:	554e4728 	bnel	t2,t6,11dac <SRAM_BT_BACK_RCODE_ADDR+0xdac>
 10c:	2e332029 	sltiu	s3,s1,8233
 110:	20342e34 	addi	s4,at,11828
 114:	7370696d 	0x7370696d
 118:	2d656473 	sltiu	a1,t3,25715
 11c:	36302e36 	ori	s0,s1,0x2e36
 120:	2d31302e 	sltiu	s1,t1,12334
 124:	37303032 	ori	s0,t9,0x3032
 128:	30323430 	andi	s2,at,0x3430
	...
Disassembly of section .debug_frame:

00000000 <.debug_frame>:
   0:	0000000c 	syscall
   4:	ffffffff 	sdc3	$31,-1(ra)
   8:	04010001 	b	10 <SRAM_CARD_GLOBAL_DATA_SIZE>
   c:	001d0c1f 	0x1d0c1f
  10:	00000020 	add	zero,zero,zero
  14:	00000000 	nop
  18:	bfc09c01 	cache	0x0,-25599(s8)
  1c:	00000037 	0x37
  20:	0e040e42 	jal	8103908 <BANK_SPACE+0x80c3908>
  24:	11200e08 	beqz	t1,3848 <SRAM_BT_HEAD_SIZE+0x448>
  28:	1f117e11 	0x1f117e11
  2c:	110c427f 	beq	t0,t4,10a2c <SRAM_COMMON_BT_MANAGER_RCODE+0x52c>
  30:	00000010 	mfhi	zero
  34:	0000000c 	syscall
  38:	ffffffff 	sdc3	$31,-1(ra)
  3c:	04010001 	b	44 <AP_BANK_AUTOTEST+0x3>
  40:	001d0c1f 	0x1d0c1f
  44:	00000020 	add	zero,zero,zero
  48:	00000034 	teq	zero,zero
  4c:	bfc09c41 	cache	0x0,-25535(s8)
  50:	00000127 	0x127
  54:	0e040e42 	jal	8103908 <BANK_SPACE+0x80c3908>
  58:	11200e08 	beqz	t1,387c <SRAM_BT_HEAD_SIZE+0x47c>
  5c:	1f117e11 	0x1f117e11
  60:	110c427f 	beq	t0,t4,10a60 <SRAM_COMMON_BT_MANAGER_RCODE+0x560>
  64:	00000010 	mfhi	zero
  68:	0000000c 	syscall
  6c:	ffffffff 	sdc3	$31,-1(ra)
  70:	04010001 	b	78 <AP_BANK_FRONT_ENHANCED_1>
  74:	001d0c1f 	0x1d0c1f
  78:	00000018 	mult	zero,zero
  7c:	00000068 	0x68
  80:	bfc09e05 	cache	0x0,-25083(s8)
  84:	00000027 	nor	zero,zero,zero
  88:	0e040e42 	jal	8103908 <BANK_SPACE+0x80c3908>
  8c:	7f111108 	0x7f111108
  90:	00110d42 	srl	at,s1,0x15
  94:	00000020 	add	zero,zero,zero
  98:	00000068 	0x68
  9c:	bfc09e35 	cache	0x0,-25035(s8)
  a0:	00000047 	0x47
  a4:	0e040e42 	jal	8103908 <BANK_SPACE+0x80c3908>
  a8:	11200e08 	beqz	t1,38cc <SRAM_BT_HEAD_SIZE+0x4cc>
  ac:	1f117e11 	0x1f117e11
  b0:	110c427f 	beq	t0,t4,10ab0 <SRAM_COMMON_BT_MANAGER_RCODE+0x5b0>
  b4:	00000010 	mfhi	zero
  b8:	0000000c 	syscall
  bc:	ffffffff 	sdc3	$31,-1(ra)
  c0:	04010001 	b	c8 <SRAM_CARD_DATA_SIZE+0x48>
  c4:	001d0c1f 	0x1d0c1f
  c8:	00000020 	add	zero,zero,zero
  cc:	000000b8 	0xb8
  d0:	bfc09e85 	cache	0x0,-24955(s8)
  d4:	00000057 	0x57
  d8:	0e040e42 	jal	8103908 <BANK_SPACE+0x80c3908>
  dc:	11180e08 	beq	t0,t8,3900 <SROM_STUB_ADDR>
  e0:	1f117e11 	0x1f117e11
  e4:	110c427f 	beq	t0,t4,10ae4 <SRAM_COMMON_BT_MANAGER_RCODE+0x5e4>
  e8:	00000008 	jr	zero
  ec:	0000000c 	syscall
  f0:	ffffffff 	sdc3	$31,-1(ra)
  f4:	04010001 	b	fc <SRAM_LCD_DATA_SIZE_FILL>
  f8:	001d0c1f 	0x1d0c1f
  fc:	00000018 	mult	zero,zero
 100:	000000ec 	0xec
 104:	16009001 	bnez	s0,fffe410c <sdrv_flash_screen+0x403da288>
 108:	0000004f 	0x4f
 10c:	0e040e42 	jal	8103908 <BANK_SPACE+0x80c3908>
 110:	7f111108 	0x7f111108
 114:	00110d42 	srl	at,s1,0x15
 118:	00000018 	mult	zero,zero
 11c:	000000ec 	0xec
 120:	16009065 	bnez	s0,fffe42b8 <sdrv_flash_screen+0x403da434>
 124:	00000037 	0x37
 128:	0e040e42 	jal	8103908 <BANK_SPACE+0x80c3908>
 12c:	7f111108 	0x7f111108
 130:	00110d42 	srl	at,s1,0x15
 134:	00000020 	add	zero,zero,zero
 138:	000000ec 	0xec
 13c:	160090b1 	bnez	s0,fffe4404 <sdrv_flash_screen+0x403da580>
 140:	00000017 	0x17
 144:	0e040e42 	jal	8103908 <BANK_SPACE+0x80c3908>
 148:	11180e08 	beq	t0,t8,396c <SROM_STUB_ADDR+0x6c>
 14c:	1f117e11 	0x1f117e11
 150:	110c427f 	beq	t0,t4,10b50 <SRAM_COMMON_BT_MANAGER_RCODE+0x650>
 154:	00000008 	jr	zero
 158:	00000020 	add	zero,zero,zero
 15c:	000000ec 	0xec
 160:	160090c9 	bnez	s0,fffe4488 <sdrv_flash_screen+0x403da604>
 164:	0000002f 	0x2f
 168:	0e040e42 	jal	8103908 <BANK_SPACE+0x80c3908>
 16c:	11200e08 	beqz	t1,3990 <SROM_STUB_ADDR+0x90>
 170:	1f117e11 	0x1f117e11
 174:	110c427f 	beq	t0,t4,10b74 <SRAM_COMMON_BT_MANAGER_RCODE+0x674>
 178:	00000010 	mfhi	zero
 17c:	00000018 	mult	zero,zero
 180:	000000ec 	0xec
 184:	160090fd 	bnez	s0,fffe457c <sdrv_flash_screen+0x403da6f8>
 188:	00000037 	0x37
 18c:	0e040e42 	jal	8103908 <BANK_SPACE+0x80c3908>
 190:	7f111108 	0x7f111108
 194:	00110d42 	srl	at,s1,0x15
 198:	0000000c 	syscall
 19c:	ffffffff 	sdc3	$31,-1(ra)
 1a0:	04010001 	b	1a8 <SRAM_BTMANAGER_DATA_SIZE+0x68>
 1a4:	001d0c1f 	0x1d0c1f
 1a8:	00000020 	add	zero,zero,zero
 1ac:	00000198 	0x198
 1b0:	16009145 	bnez	s0,fffe46c8 <sdrv_flash_screen+0x403da844>
 1b4:	00000017 	0x17
 1b8:	0e040e42 	jal	8103908 <BANK_SPACE+0x80c3908>
 1bc:	11180e08 	beq	t0,t8,39e0 <SROM_STUB_ADDR+0xe0>
 1c0:	1f117e11 	0x1f117e11
 1c4:	110c427f 	beq	t0,t4,10bc4 <SRAM_COMMON_BT_MANAGER_RCODE+0x6c4>
 1c8:	00000008 	jr	zero
 1cc:	00000018 	mult	zero,zero
 1d0:	00000198 	0x198
 1d4:	16009161 	bnez	s0,fffe475c <sdrv_flash_screen+0x403da8d8>
 1d8:	00000011 	mthi	zero
 1dc:	0e040e42 	jal	8103908 <BANK_SPACE+0x80c3908>
 1e0:	7f111108 	0x7f111108
 1e4:	00110d42 	srl	at,s1,0x15
Disassembly of section .debug_aranges:

00000000 <.debug_aranges>:
   0:	0000001c 	0x1c
   4:	02700002 	0x2700002
   8:	00040000 	sll	zero,a0,0x0
   c:	00000000 	nop
  10:	bfc09c00 	cache	0x0,-25600(s8)
  14:	00000040 	ssnop
	...
  20:	0000001c 	0x1c
  24:	04660002 	0x4660002
  28:	00040000 	sll	zero,a0,0x0
  2c:	00000000 	nop
  30:	bfc09c40 	cache	0x0,-25536(s8)
  34:	00000140 	sll	zero,zero,0x5
	...
  40:	0000001c 	0x1c
  44:	075e0002 	0x75e0002
  48:	00040000 	sll	zero,a0,0x0
  4c:	00000000 	nop
  50:	bfc09e04 	cache	0x0,-25084(s8)
  54:	00000080 	sll	zero,zero,0x2
	...
  60:	0000001c 	0x1c
  64:	09710002 	j	5c40008 <BANK_SPACE+0x5c00008>
  68:	00040000 	sll	zero,a0,0x0
  6c:	00000000 	nop
  70:	bfc09e84 	cache	0x0,-24956(s8)
  74:	00000068 	0x68
	...
  80:	0000001c 	0x1c
  84:	0b890002 	j	e240008 <BANK_SPACE+0xe200008>
  88:	00040000 	sll	zero,a0,0x0
  8c:	00000000 	nop
  90:	16009000 	bnez	s0,fffe4094 <sdrv_flash_screen+0x403da210>
  94:	00000144 	0x144
	...
  a0:	0000001c 	0x1c
  a4:	0e200002 	jal	8800008 <BANK_SPACE+0x87c0008>
  a8:	00040000 	sll	zero,a0,0x0
  ac:	00000000 	nop
  b0:	16009144 	bnez	s0,fffe45c4 <sdrv_flash_screen+0x403da740>
  b4:	0000002e 	0x2e
	...
